#
# There is insufficient memory for the Java Runtime Environment to continue.
# Native memory allocation (mmap) failed to map 679477248 bytes. Error detail: G1 virtual space
# Possible reasons:
#   The system is out of physical RAM or swap space
#   This process is running with CompressedOops enabled, and the Java Heap may be blocking the growth of the native heap
# Possible solutions:
#   Reduce memory load on the system
#   Increase physical memory or swap space
#   Check if swap backing store is full
#   Decrease Java heap size (-Xmx/-Xms)
#   Decrease number of Java threads
#   Decrease Java thread stack sizes (-Xss)
#   Set larger code cache with -XX:ReservedCodeCacheSize=
#   JVM is running with Zero Based Compressed Oops mode in which the Java heap is
#     placed in the first 32GB address space. The Java Heap base address is the
#     maximum limit for the native heap growth. Please use -XX:HeapBaseMinAddress
#     to set the Java Heap base and to place the Java Heap above 32GB virtual address.
# This output file may be truncated or incomplete.
#
#  Out of Memory Error (os_windows.cpp:3703), pid=56924, tid=58044
#
# JRE version: Java(TM) SE Runtime Environment (23.0.1+11) (build 23.0.1+11-39)
# Java VM: Java HotSpot(TM) 64-Bit Server VM (23.0.1+11-39, mixed mode, sharing, tiered, compressed oops, compressed class ptrs, g1 gc, windows-amd64)
# No core dump will be written. Minidumps are not enabled by default on client versions of Windows
#

---------------  S U M M A R Y ------------

Command Line: -Dprism.order=sw -Dprism.forceGPU=false --module-path=C:\Users\YASMINE\IdeaProjects\destination\target\classes;C:\Users\YASMINE\.m2\repository\org\json\json\20240303\json-20240303.jar;C:\Users\YASMINE\.m2\repository\org\openjfx\javafx-base\23.0.1\javafx-base-23.0.1-win.jar;C:\Users\YASMINE\.m2\repository\org\openjfx\javafx-controls\23.0.1\javafx-controls-23.0.1-win.jar;C:\Users\YASMINE\.m2\repository\org\openjfx\javafx-fxml\23.0.1\javafx-fxml-23.0.1-win.jar;C:\Users\YASMINE\.m2\repository\org\openjfx\javafx-graphics\23.0.1\javafx-graphics-23.0.1-win.jar;C:\Users\YASMINE\.m2\repository\org\openjfx\javafx-media\23.0.1\javafx-media-23.0.1-win.jar;C:\Users\YASMINE\.m2\repository\org\openjfx\javafx-web\23.0.1\javafx-web-23.0.1-win.jar --add-modules=edu.destination -Djdk.module.main=edu.destination edu.destination/edu.destination.tests.MainFx

Host: AMD Ryzen 5 4600H with Radeon Graphics         , 12 cores, 23G,  Windows 11 , 64 bit Build 26100 (10.0.26100.7705)
Time: Sun Mar  1 21:34:03 2026 Afr. centrale Ouest elapsed time: 32.167884 seconds (0d 0h 0m 32s)

---------------  T H R E A D  ---------------

Current thread (0x00000257ffbec020):  VMThread "VM Thread"          [id=58044, stack(0x000000fdc0b00000,0x000000fdc0c00000) (1024K)]

Stack: [0x000000fdc0b00000,0x000000fdc0c00000]
Native frames: (J=compiled Java code, j=interpreted, Vv=VM code, C=native code)
V  [jvm.dll+0x6e08b9]  (no source info available)
V  [jvm.dll+0x87dc83]  (no source info available)
V  [jvm.dll+0x88010e]  (no source info available)
V  [jvm.dll+0x8807e3]  (no source info available)
V  [jvm.dll+0x27aee6]  (no source info available)
V  [jvm.dll+0x6dd1c5]  (no source info available)
V  [jvm.dll+0x6d104a]  (no source info available)
V  [jvm.dll+0x35b3ea]  (no source info available)
V  [jvm.dll+0x3637f6]  (no source info available)
V  [jvm.dll+0x34fd5e]  (no source info available)
V  [jvm.dll+0x34fff8]  (no source info available)
V  [jvm.dll+0x3289cc]  (no source info available)
V  [jvm.dll+0x328a5a]  (no source info available)
V  [jvm.dll+0x374c92]  (no source info available)
V  [jvm.dll+0x373392]  (no source info available)
V  [jvm.dll+0x3281a7]  (no source info available)
V  [jvm.dll+0x372b44]  (no source info available)
V  [jvm.dll+0x886720]  (no source info available)
V  [jvm.dll+0x887a47]  (no source info available)
V  [jvm.dll+0x887f78]  (no source info available)
V  [jvm.dll+0x888213]  (no source info available)
V  [jvm.dll+0x824f8b]  (no source info available)
V  [jvm.dll+0x6df065]  (no source info available)
C  [ucrtbase.dll+0x37b0]  (no source info available)
C  [KERNEL32.DLL+0x2e8d7]  (no source info available)
C  [ntdll.dll+0x8c40c]  (no source info available)

VM_Operation (0x000000fdc35feab0): G1CollectForAllocation, mode: safepoint, requested by thread 0x00000257dffc0110


---------------  P R O C E S S  ---------------

Threads class SMR info:
_java_thread_list=0x00000257ccbe6980, length=39, elements={
0x00000257e1d0f8c0, 0x00000257ffc03bf0, 0x00000257ffc08770, 0x00000257ffc09430,
0x00000257ffc0a220, 0x00000257ffc15090, 0x00000257ffc19120, 0x00000257ffc1bff0,
0x00000257ffc1cbd0, 0x00000257cb0cfaa0, 0x00000257cb3fe240, 0x00000257cbb8ce70,
0x00000257cbbab8c0, 0x00000257cbbdf200, 0x00000257cc0d29b0, 0x00000257cbf8fc70,
0x00000257cbf84c80, 0x00000257cbf86d50, 0x00000257cbf86030, 0x00000257cd4e47f0,
0x00000257cd4e5ba0, 0x00000257cd4e4e80, 0x00000257cd4e2db0, 0x00000257cd4e68c0,
0x00000257cd4e7c70, 0x00000257cd4e75e0, 0x00000257cd4e8300, 0x00000257cd4e6f50,
0x00000257cd4e8990, 0x00000257cd4e5510, 0x00000257cd4e9020, 0x00000257cd4e96b0,
0x00000257dffbf3f0, 0x00000257dffc0e30, 0x00000257dffc14c0, 0x00000257cd5c6350,
0x00000257dffc2f00, 0x00000257dffc42b0, 0x00000257dffc0110
}

Java Threads: ( => current thread )
  0x00000257e1d0f8c0 JavaThread "main"                              [_thread_blocked, id=66664, stack(0x000000fdc0400000,0x000000fdc0500000) (1024K)]
  0x00000257ffc03bf0 JavaThread "Reference Handler"          daemon [_thread_blocked, id=71840, stack(0x000000fdc0c00000,0x000000fdc0d00000) (1024K)]
  0x00000257ffc08770 JavaThread "Finalizer"                  daemon [_thread_blocked, id=71784, stack(0x000000fdc0d00000,0x000000fdc0e00000) (1024K)]
  0x00000257ffc09430 JavaThread "Signal Dispatcher"          daemon [_thread_blocked, id=73016, stack(0x000000fdc0e00000,0x000000fdc0f00000) (1024K)]
  0x00000257ffc0a220 JavaThread "Attach Listener"            daemon [_thread_blocked, id=72368, stack(0x000000fdc0f00000,0x000000fdc1000000) (1024K)]
  0x00000257ffc15090 JavaThread "Service Thread"             daemon [_thread_blocked, id=61128, stack(0x000000fdc1000000,0x000000fdc1100000) (1024K)]
  0x00000257ffc19120 JavaThread "Monitor Deflation Thread"   daemon [_thread_blocked, id=72248, stack(0x000000fdc1100000,0x000000fdc1200000) (1024K)]
  0x00000257ffc1bff0 JavaThread "C2 CompilerThread0"         daemon [_thread_blocked, id=59948, stack(0x000000fdc1200000,0x000000fdc1300000) (1024K)]
  0x00000257ffc1cbd0 JavaThread "C1 CompilerThread0"         daemon [_thread_blocked, id=27380, stack(0x000000fdc1300000,0x000000fdc1400000) (1024K)]
  0x00000257cb0cfaa0 JavaThread "Common-Cleaner"             daemon [_thread_blocked, id=56880, stack(0x000000fdc1400000,0x000000fdc1500000) (1024K)]
  0x00000257cb3fe240 JavaThread "Notification Thread"        daemon [_thread_blocked, id=72736, stack(0x000000fdc1700000,0x000000fdc1800000) (1024K)]
  0x00000257cbb8ce70 JavaThread "QuantumRenderer-0"          daemon [_thread_blocked, id=248, stack(0x000000fdc1800000,0x000000fdc1900000) (1024K)]
  0x00000257cbbab8c0 JavaThread "InvokeLaterDispatcher"      daemon [_thread_blocked, id=55932, stack(0x000000fdc1900000,0x000000fdc1a00000) (1024K)]
  0x00000257cbbdf200 JavaThread "JavaFX Application Thread"         [_thread_blocked, id=56968, stack(0x000000fdc1a00000,0x000000fdc1b00000) (1024K)]
  0x00000257cc0d29b0 JavaThread "Thread-1"                   daemon [_thread_blocked, id=67736, stack(0x000000fdc1600000,0x000000fdc1700000) (1024K)]
  0x00000257cbf8fc70 JavaThread "JavaFX-Launcher"                   [_thread_blocked, id=73596, stack(0x000000fdc1b00000,0x000000fdc1c00000) (1024K)]
  0x00000257cbf84c80 JavaThread "Prism Font Disposer"        daemon [_thread_blocked, id=37840, stack(0x000000fdc2900000,0x000000fdc2a00000) (1024K)]
  0x00000257cbf86d50 JavaThread "Cleaner-0"                  daemon [_thread_blocked, id=73176, stack(0x000000fdc2400000,0x000000fdc2500000) (1024K)]
  0x00000257cbf86030 JavaThread "mysql-cj-abandoned-connection-cleanup" daemon [_thread_blocked, id=60816, stack(0x000000fdc1500000,0x000000fdc1600000) (1024K)]
  0x00000257cd4e47f0 JavaThread "Keep-Alive-Timer"           daemon [_thread_blocked, id=66928, stack(0x000000fdc3300000,0x000000fdc3400000) (1024K)]
  0x00000257cd4e5ba0 JavaThread "Disposer"                   daemon [_thread_blocked, id=64824, stack(0x000000fdc3200000,0x000000fdc3300000) (1024K)]
  0x00000257cd4e4e80 JavaThread "HttpClient-1-SelectorManager" daemon [_thread_in_native, id=55548, stack(0x000000fdc3600000,0x000000fdc3700000) (1024K)]
  0x00000257cd4e2db0 JavaThread "URL-Loader-1"               daemon [_thread_blocked, id=61200, stack(0x000000fdc3700000,0x000000fdc3800000) (1024K)]
  0x00000257cd4e68c0 JavaThread "Thread-10"                  daemon [_thread_in_native, id=74036, stack(0x000000fdc4100000,0x000000fdc4200000) (1024K)]
  0x00000257cd4e7c70 JavaThread "HttpClient-1-Worker-0"      daemon [_thread_blocked, id=45652, stack(0x000000fdc4200000,0x000000fdc4300000) (1024K)]
  0x00000257cd4e75e0 JavaThread "HttpClient-1-Worker-1"      daemon [_thread_blocked, id=70644, stack(0x000000fdc4300000,0x000000fdc4400000) (1024K)]
  0x00000257cd4e8300 JavaThread "HttpClient-1-Worker-2"      daemon [_thread_blocked, id=71408, stack(0x000000fdc3800000,0x000000fdc3900000) (1024K)]
  0x00000257cd4e6f50 JavaThread "HttpClient-1-Worker-3"      daemon [_thread_blocked, id=66876, stack(0x000000fdc4500000,0x000000fdc4600000) (1024K)]
  0x00000257cd4e8990 JavaThread "ForkJoinPool.commonPool-worker-2" daemon [_thread_blocked, id=27880, stack(0x000000fdc4600000,0x000000fdc4700000) (1024K)]
  0x00000257cd4e5510 JavaThread "ForkJoinPool.commonPool-worker-1" daemon [_thread_blocked, id=72952, stack(0x000000fdc4700000,0x000000fdc4800000) (1024K)]
  0x00000257cd4e9020 JavaThread "ForkJoinPool.commonPool-worker-3" daemon [_thread_blocked, id=20952, stack(0x000000fdc4800000,0x000000fdc4900000) (1024K)]
  0x00000257cd4e96b0 JavaThread "ForkJoinPool.commonPool-worker-4" daemon [_thread_blocked, id=37568, stack(0x000000fdc4900000,0x000000fdc4a00000) (1024K)]
  0x00000257dffbf3f0 JavaThread "HttpClient-1-Worker-4"      daemon [_thread_blocked, id=61084, stack(0x000000fdc4a00000,0x000000fdc4b00000) (1024K)]
  0x00000257dffc0e30 JavaThread "HttpClient-1-Worker-5"      daemon [_thread_blocked, id=70720, stack(0x000000fdc4b00000,0x000000fdc4c00000) (1024K)]
  0x00000257dffc14c0 JavaThread "HttpClient-1-Worker-6"      daemon [_thread_blocked, id=4152, stack(0x000000fdc4c00000,0x000000fdc4d00000) (1024K)]
  0x00000257cd5c6350 JavaThread "C2 CompilerThread1"         daemon [_thread_blocked, id=60984, stack(0x000000fdc2c00000,0x000000fdc2d00000) (1024K)]
  0x00000257dffc2f00 JavaThread "JFXMedia Player EventQueueThread" daemon [_thread_blocked, id=37880, stack(0x000000fdc2f00000,0x000000fdc3000000) (1024K)]
  0x00000257dffc42b0 JavaThread "Media Resource Disposer"    daemon [_thread_blocked, id=70616, stack(0x000000fdc3900000,0x000000fdc3a00000) (1024K)]
  0x00000257dffc0110 JavaThread "Unknown thread"             [_thread_blocked, id=44884, stack(0x000000fdc3500000,0x000000fdc3600000) (1024K)]
Total: 39

Other Threads:
=>0x00000257ffbec020 VMThread "VM Thread"                           [id=58044, stack(0x000000fdc0b00000,0x000000fdc0c00000) (1024K)]
  0x00000257ffbd8a80 WatcherThread "VM Periodic Task Thread"        [id=72708, stack(0x000000fdc0a00000,0x000000fdc0b00000) (1024K)]
  0x00000257e1d920c0 WorkerThread "GC Thread#0"                     [id=68888, stack(0x000000fdc0500000,0x000000fdc0600000) (1024K)]
  0x00000257cbf7d9b0 WorkerThread "GC Thread#1"                     [id=72860, stack(0x000000fdc1c00000,0x000000fdc1d00000) (1024K)]
  0x00000257cbf7d250 WorkerThread "GC Thread#2"                     [id=59780, stack(0x000000fdc1d00000,0x000000fdc1e00000) (1024K)]
  0x00000257cbf7d600 WorkerThread "GC Thread#3"                     [id=59072, stack(0x000000fdc1e00000,0x000000fdc1f00000) (1024K)]
  0x00000257cbf7c740 WorkerThread "GC Thread#4"                     [id=49660, stack(0x000000fdc1f00000,0x000000fdc2000000) (1024K)]
  0x00000257cbf7c390 WorkerThread "GC Thread#5"                     [id=1940, stack(0x000000fdc2000000,0x000000fdc2100000) (1024K)]
  0x00000257cbfec960 WorkerThread "GC Thread#6"                     [id=55404, stack(0x000000fdc2100000,0x000000fdc2200000) (1024K)]
  0x00000257cbfedf80 WorkerThread "GC Thread#7"                     [id=3628, stack(0x000000fdc2200000,0x000000fdc2300000) (1024K)]
  0x00000257cbfedbd0 WorkerThread "GC Thread#8"                     [id=60376, stack(0x000000fdc2300000,0x000000fdc2400000) (1024K)]
  0x00000257cbfed0c0 WorkerThread "GC Thread#9"                     [id=63340, stack(0x000000fdc2500000,0x000000fdc2600000) (1024K)]
  0x00000257e1da1ad0 ConcurrentGCThread "G1 Main Marker"            [id=74352, stack(0x000000fdc0600000,0x000000fdc0700000) (1024K)]
  0x00000257e1da3500 WorkerThread "G1 Conc#0"                       [id=73184, stack(0x000000fdc0700000,0x000000fdc0800000) (1024K)]
  0x00000257cbfec5b0 WorkerThread "G1 Conc#1"                       [id=71816, stack(0x000000fdc2d00000,0x000000fdc2e00000) (1024K)]
  0x00000257cbfeb6f0 WorkerThread "G1 Conc#2"                       [id=57020, stack(0x000000fdc2e00000,0x000000fdc2f00000) (1024K)]
  0x00000257ffaa7550 ConcurrentGCThread "G1 Refine#0"               [id=65004, stack(0x000000fdc0800000,0x000000fdc0900000) (1024K)]
  0x00000257ffaa7f70 ConcurrentGCThread "G1 Service"                [id=54544, stack(0x000000fdc0900000,0x000000fdc0a00000) (1024K)]
Total: 18

Threads with active compile tasks:
Total: 0

VM state: at safepoint (normal execution)

VM Mutex/Monitor currently owned by a thread:  ([mutex/lock_event])
[0x00007fffce463910] Threads_lock - owner thread: 0x00000257ffbec020
[0x00007fffce463a10] Heap_lock - owner thread: 0x00000257dffc0110

Heap address: 0x000000068a000000, size: 5984 MB, Compressed Oops mode: Zero based, Oop shift amount: 3

CDS archive(s) mapped at: [0x0000025786000000-0x0000025786d70000-0x0000025786d70000), size 14090240, SharedBaseAddress: 0x0000025786000000, ArchiveRelocationMode: 1.
Compressed class space mapped at: 0x0000025787000000-0x00000257c7000000, reserved size: 1073741824
Narrow klass base: 0x0000025786000000, Narrow klass shift: 0, Narrow klass range: 0x41000000

GC Precious Log:
 CardTable entry size: 512
 Card Set container configuration: InlinePtr #cards 4 size 8 Array Of Cards #cards 32 size 80 Howl #buckets 8 coarsen threshold 7372 Howl Bitmap #cards 1024 size 144 coarsen threshold 921 Card regions per heap region 1 cards per card region 8192
 CPUs: 12 total, 12 available
 Memory: 23924M
 Large Page Support: Disabled
 NUMA Support: Disabled
 Compressed Oops: Enabled (Zero based)
 Heap Region Size: 4M
 Heap Min Capacity: 8M
 Heap Initial Capacity: 376M
 Heap Max Capacity: 5984M
 Pre-touch: Disabled
 Parallel Workers: 10
 Concurrent Workers: 3
 Concurrent Refinement Workers: 10
 Periodic GC: Disabled

Heap:
 garbage-first heap   total reserved 6127616K, committed 663552K, used 378541K [0x000000068a000000, 0x0000000800000000)
  region size 4096K, 2 young (8192K), 2 survivors (8192K)
 Metaspace       used 38338K, committed 39040K, reserved 1114112K
  class space    used 5370K, committed 5696K, reserved 1048576K

Heap Regions: E=young(eden), S=young(survivor), O=old, HS=humongous(starts), HC=humongous(continues), CS=collection set, F=free, TAMS=top-at-mark-start, PB=parsable bottom
|   0|0x000000068a000000, 0x000000068a400000, 0x000000068a400000|100%| O|  |TAMS 0x000000068a400000| PB 0x000000068a000000| Untracked |  0
|   1|0x000000068a400000, 0x000000068a400000, 0x000000068a800000|  0%| F|  |TAMS 0x000000068a400000| PB 0x000000068a400000| Untracked |  0
|   2|0x000000068a800000, 0x000000068ac00000, 0x000000068ac00000|100%|HS|  |TAMS 0x000000068ac00000| PB 0x000000068a800000| Complete |  0
|   3|0x000000068ac00000, 0x000000068b000000, 0x000000068b000000|100%| O|  |TAMS 0x000000068b000000| PB 0x000000068ac00000| Untracked |  0
|   4|0x000000068b000000, 0x000000068b400000, 0x000000068b400000|100%| O|  |TAMS 0x000000068b400000| PB 0x000000068b000000| Untracked |  0
|   5|0x000000068b400000, 0x000000068b800000, 0x000000068b800000|100%| O|  |TAMS 0x000000068b800000| PB 0x000000068b400000| Untracked |  0
|   6|0x000000068b800000, 0x000000068bc00000, 0x000000068bc00000|100%| O|  |TAMS 0x000000068bc00000| PB 0x000000068b800000| Untracked |  0
|   7|0x000000068bc00000, 0x000000068c000000, 0x000000068c000000|100%| O|  |TAMS 0x000000068c000000| PB 0x000000068bc00000| Untracked |  0
|   8|0x000000068c000000, 0x000000068c400000, 0x000000068c400000|100%| O|  |TAMS 0x000000068c400000| PB 0x000000068c000000| Untracked |  0
|   9|0x000000068c400000, 0x000000068c800000, 0x000000068c800000|100%|HS|  |TAMS 0x000000068c800000| PB 0x000000068c400000| Complete |  0
|  10|0x000000068c800000, 0x000000068cc00000, 0x000000068cc00000|100%|HC|  |TAMS 0x000000068cc00000| PB 0x000000068c800000| Complete |  0
|  11|0x000000068cc00000, 0x000000068d000000, 0x000000068d000000|100%|HS|  |TAMS 0x000000068d000000| PB 0x000000068cc00000| Complete |  0
|  12|0x000000068d000000, 0x000000068d400000, 0x000000068d400000|100%|HS|  |TAMS 0x000000068d400000| PB 0x000000068d000000| Complete |  0
|  13|0x000000068d400000, 0x000000068d800000, 0x000000068d800000|100%|HS|  |TAMS 0x000000068d800000| PB 0x000000068d400000| Complete |  0
|  14|0x000000068d800000, 0x000000068dc00000, 0x000000068dc00000|100%|HS|  |TAMS 0x000000068dc00000| PB 0x000000068d800000| Complete |  0
|  15|0x000000068dc00000, 0x000000068e000000, 0x000000068e000000|100%|HC|  |TAMS 0x000000068e000000| PB 0x000000068dc00000| Complete |  0
|  16|0x000000068e000000, 0x000000068e400000, 0x000000068e400000|100%|HS|  |TAMS 0x000000068e400000| PB 0x000000068e000000| Complete |  0
|  17|0x000000068e400000, 0x000000068e800000, 0x000000068e800000|100%|HC|  |TAMS 0x000000068e800000| PB 0x000000068e400000| Complete |  0
|  18|0x000000068e800000, 0x000000068ec00000, 0x000000068ec00000|100%| O|  |TAMS 0x000000068ec00000| PB 0x000000068e800000| Untracked |  0
|  19|0x000000068ec00000, 0x000000068f000000, 0x000000068f000000|100%| O|  |TAMS 0x000000068f000000| PB 0x000000068ec00000| Untracked |  0
|  20|0x000000068f000000, 0x000000068f400000, 0x000000068f400000|100%| O|  |TAMS 0x000000068f400000| PB 0x000000068f000000| Untracked |  0
|  21|0x000000068f400000, 0x000000068f800000, 0x000000068f800000|100%|HS|  |TAMS 0x000000068f800000| PB 0x000000068f400000| Complete |  0
|  22|0x000000068f800000, 0x000000068fc00000, 0x000000068fc00000|100%| O|  |TAMS 0x000000068fc00000| PB 0x000000068fc00000| Untracked |  0
|  23|0x000000068fc00000, 0x0000000690000000, 0x0000000690000000|100%|HS|  |TAMS 0x0000000690000000| PB 0x000000068fc00000| Complete |  0
|  24|0x0000000690000000, 0x0000000690400000, 0x0000000690400000|100%| O|  |TAMS 0x0000000690400000| PB 0x0000000690400000| Untracked |  0
|  25|0x0000000690400000, 0x0000000690800000, 0x0000000690800000|100%| O|  |TAMS 0x0000000690800000| PB 0x0000000690800000| Untracked |  0
|  26|0x0000000690800000, 0x0000000690c00000, 0x0000000690c00000|100%|HS|  |TAMS 0x0000000690c00000| PB 0x0000000690800000| Complete |  0
|  27|0x0000000690c00000, 0x0000000691000000, 0x0000000691000000|100%|HC|  |TAMS 0x0000000691000000| PB 0x0000000690c00000| Complete |  0
|  28|0x0000000691000000, 0x0000000691400000, 0x0000000691400000|100%| O|Cm|TAMS 0x0000000691400000| PB 0x0000000691400000| Updating |  0
|  29|0x0000000691400000, 0x0000000691800000, 0x0000000691800000|100%|HS|  |TAMS 0x0000000691800000| PB 0x0000000691400000| Complete |  0
|  30|0x0000000691800000, 0x0000000691c00000, 0x0000000691c00000|100%|HS|  |TAMS 0x0000000691c00000| PB 0x0000000691800000| Complete |  0
|  31|0x0000000691c00000, 0x0000000692000000, 0x0000000692000000|100%|HS|  |TAMS 0x0000000692000000| PB 0x0000000691c00000| Complete |  0
|  32|0x0000000692000000, 0x0000000692400000, 0x0000000692400000|100%|HS|  |TAMS 0x0000000692400000| PB 0x0000000692000000| Complete |  0
|  33|0x0000000692400000, 0x0000000692800000, 0x0000000692800000|100%| O|Cm|TAMS 0x0000000692800000| PB 0x0000000692800000| Updating |  0
|  34|0x0000000692800000, 0x000000069290f720, 0x0000000692c00000| 26%| O|  |TAMS 0x000000069290f720| PB 0x000000069290f720| Untracked |  0
|  35|0x0000000692c00000, 0x0000000693000000, 0x0000000693000000|100%|HS|  |TAMS 0x0000000693000000| PB 0x0000000692c00000| Complete |  0
|  36|0x0000000693000000, 0x0000000693400000, 0x0000000693400000|100%|HS|  |TAMS 0x0000000693400000| PB 0x0000000693000000| Complete |  0
|  37|0x0000000693400000, 0x0000000693400000, 0x0000000693800000|  0%| F|  |TAMS 0x0000000693400000| PB 0x0000000693400000| Untracked |  0
|  38|0x0000000693800000, 0x0000000693800000, 0x0000000693c00000|  0%| F|  |TAMS 0x0000000693800000| PB 0x0000000693800000| Untracked |  0
|  39|0x0000000693c00000, 0x0000000694000000, 0x0000000694000000|100%|HS|  |TAMS 0x0000000694000000| PB 0x0000000693c00000| Complete |  0
|  40|0x0000000694000000, 0x0000000694400000, 0x0000000694400000|100%|HS|  |TAMS 0x0000000694400000| PB 0x0000000694000000| Complete |  0
|  41|0x0000000694400000, 0x0000000694800000, 0x0000000694800000|100%|HS|  |TAMS 0x0000000694800000| PB 0x0000000694400000| Complete |  0
|  42|0x0000000694800000, 0x0000000694800000, 0x0000000694c00000|  0%| F|  |TAMS 0x0000000694800000| PB 0x0000000694800000| Untracked |  0
|  43|0x0000000694c00000, 0x0000000695000000, 0x0000000695000000|100%|HS|  |TAMS 0x0000000695000000| PB 0x0000000694c00000| Complete |  0
|  44|0x0000000695000000, 0x0000000695400000, 0x0000000695400000|100%|HS|  |TAMS 0x0000000695400000| PB 0x0000000695000000| Complete |  0
|  45|0x0000000695400000, 0x0000000695800000, 0x0000000695800000|100%|HC|  |TAMS 0x0000000695800000| PB 0x0000000695400000| Complete |  0
|  46|0x0000000695800000, 0x0000000695c00000, 0x0000000695c00000|100%|HS|  |TAMS 0x0000000695c00000| PB 0x0000000695800000| Complete |  0
|  47|0x0000000695c00000, 0x0000000696000000, 0x0000000696000000|100%|HC|  |TAMS 0x0000000696000000| PB 0x0000000695c00000| Complete |  0
|  48|0x0000000696000000, 0x0000000696400000, 0x0000000696400000|100%|HS|  |TAMS 0x0000000696400000| PB 0x0000000696000000| Complete |  0
|  49|0x0000000696400000, 0x0000000696800000, 0x0000000696800000|100%|HC|  |TAMS 0x0000000696800000| PB 0x0000000696400000| Complete |  0
|  50|0x0000000696800000, 0x0000000696c00000, 0x0000000696c00000|100%|HS|  |TAMS 0x0000000696c00000| PB 0x0000000696800000| Complete |  0
|  51|0x0000000696c00000, 0x0000000697000000, 0x0000000697000000|100%|HS|  |TAMS 0x0000000697000000| PB 0x0000000696c00000| Complete |  0
|  52|0x0000000697000000, 0x0000000697400000, 0x0000000697400000|100%|HS|  |TAMS 0x0000000697400000| PB 0x0000000697000000| Complete |  0
|  53|0x0000000697400000, 0x0000000697800000, 0x0000000697800000|100%|HC|  |TAMS 0x0000000697800000| PB 0x0000000697400000| Complete |  0
|  54|0x0000000697800000, 0x0000000697c00000, 0x0000000697c00000|100%|HS|  |TAMS 0x0000000697c00000| PB 0x0000000697800000| Complete |  0
|  55|0x0000000697c00000, 0x0000000698000000, 0x0000000698000000|100%|HS|  |TAMS 0x0000000698000000| PB 0x0000000697c00000| Complete |  0
|  56|0x0000000698000000, 0x0000000698400000, 0x0000000698400000|100%| O|  |TAMS 0x0000000698400000| PB 0x0000000698400000| Untracked |  0
|  57|0x0000000698400000, 0x0000000698800000, 0x0000000698800000|100%| O|  |TAMS 0x0000000698800000| PB 0x0000000698800000| Untracked |  0
|  58|0x0000000698800000, 0x0000000698c00000, 0x0000000698c00000|100%| O|  |TAMS 0x0000000698c00000| PB 0x0000000698c00000| Untracked |  0
|  59|0x0000000698c00000, 0x0000000699000000, 0x0000000699000000|100%| O|  |TAMS 0x0000000699000000| PB 0x0000000699000000| Untracked |  0
|  60|0x0000000699000000, 0x0000000699400000, 0x0000000699400000|100%| O|  |TAMS 0x0000000699400000| PB 0x0000000699400000| Untracked |  0
|  61|0x0000000699400000, 0x0000000699800000, 0x0000000699800000|100%| O|  |TAMS 0x0000000699800000| PB 0x0000000699800000| Untracked |  0
|  62|0x0000000699800000, 0x0000000699c00000, 0x0000000699c00000|100%|HS|  |TAMS 0x0000000699c00000| PB 0x0000000699800000| Complete |  0
|  63|0x0000000699c00000, 0x000000069a000000, 0x000000069a000000|100%|HS|  |TAMS 0x000000069a000000| PB 0x0000000699c00000| Complete |  0
|  64|0x000000069a000000, 0x000000069a400000, 0x000000069a400000|100%|HS|  |TAMS 0x000000069a400000| PB 0x000000069a000000| Complete |  0
|  65|0x000000069a400000, 0x000000069a800000, 0x000000069a800000|100%| O|  |TAMS 0x000000069a800000| PB 0x000000069a800000| Untracked |  0
|  66|0x000000069a800000, 0x000000069ac00000, 0x000000069ac00000|100%| O|  |TAMS 0x000000069ac00000| PB 0x000000069ac00000| Untracked |  0
|  67|0x000000069ac00000, 0x000000069b000000, 0x000000069b000000|100%| O|Cm|TAMS 0x000000069b000000| PB 0x000000069b000000| Updating |  0
|  68|0x000000069b000000, 0x000000069b400000, 0x000000069b400000|100%| O|  |TAMS 0x000000069b400000| PB 0x000000069b400000| Untracked |  0
|  69|0x000000069b400000, 0x000000069b400000, 0x000000069b800000|  0%| F|  |TAMS 0x000000069b400000| PB 0x000000069b400000| Untracked |  0
|  70|0x000000069b800000, 0x000000069b800000, 0x000000069bc00000|  0%| F|  |TAMS 0x000000069b800000| PB 0x000000069b800000| Untracked |  0
|  71|0x000000069bc00000, 0x000000069bc00000, 0x000000069c000000|  0%| F|  |TAMS 0x000000069bc00000| PB 0x000000069bc00000| Untracked |  0
|  72|0x000000069c000000, 0x000000069c000000, 0x000000069c400000|  0%| F|  |TAMS 0x000000069c000000| PB 0x000000069c000000| Untracked |  0
|  73|0x000000069c400000, 0x000000069c800000, 0x000000069c800000|100%|HS|  |TAMS 0x000000069c800000| PB 0x000000069c400000| Complete |  0
|  74|0x000000069c800000, 0x000000069cc00000, 0x000000069cc00000|100%|HS|  |TAMS 0x000000069cc00000| PB 0x000000069c800000| Complete |  0
|  75|0x000000069cc00000, 0x000000069d000000, 0x000000069d000000|100%|HS|  |TAMS 0x000000069d000000| PB 0x000000069cc00000| Complete |  0
|  76|0x000000069d000000, 0x000000069d400000, 0x000000069d400000|100%|HS|  |TAMS 0x000000069d400000| PB 0x000000069d000000| Complete |  0
|  77|0x000000069d400000, 0x000000069d800000, 0x000000069d800000|100%|HS|  |TAMS 0x000000069d800000| PB 0x000000069d400000| Complete |  0
|  78|0x000000069d800000, 0x000000069dc00000, 0x000000069dc00000|100%|HC|  |TAMS 0x000000069dc00000| PB 0x000000069d800000| Complete |  0
|  79|0x000000069dc00000, 0x000000069e000000, 0x000000069e000000|100%| O|  |TAMS 0x000000069e000000| PB 0x000000069e000000| Untracked |  0
|  80|0x000000069e000000, 0x000000069e000000, 0x000000069e400000|  0%| F|  |TAMS 0x000000069e000000| PB 0x000000069e000000| Untracked |  0
|  81|0x000000069e400000, 0x000000069e800000, 0x000000069e800000|100%| O|  |TAMS 0x000000069e800000| PB 0x000000069e800000| Untracked |  0
|  82|0x000000069e800000, 0x000000069e800000, 0x000000069ec00000|  0%| F|  |TAMS 0x000000069e800000| PB 0x000000069e800000| Untracked |  0
|  83|0x000000069ec00000, 0x000000069f000000, 0x000000069f000000|100%|HS|  |TAMS 0x000000069f000000| PB 0x000000069ec00000| Complete |  0
|  84|0x000000069f000000, 0x000000069f400000, 0x000000069f400000|100%|HC|  |TAMS 0x000000069f400000| PB 0x000000069f000000| Complete |  0
|  85|0x000000069f400000, 0x000000069f800000, 0x000000069f800000|100%|HS|  |TAMS 0x000000069f800000| PB 0x000000069f400000| Complete |  0
|  86|0x000000069f800000, 0x000000069fc00000, 0x000000069fc00000|100%|HC|  |TAMS 0x000000069fc00000| PB 0x000000069f800000| Complete |  0
|  87|0x000000069fc00000, 0x00000006a0000000, 0x00000006a0000000|100%|HS|  |TAMS 0x00000006a0000000| PB 0x000000069fc00000| Complete |  0
|  88|0x00000006a0000000, 0x00000006a0400000, 0x00000006a0400000|100%|HC|  |TAMS 0x00000006a0400000| PB 0x00000006a0000000| Complete |  0
|  89|0x00000006a0400000, 0x00000006a0800000, 0x00000006a0800000|100%|HS|  |TAMS 0x00000006a0800000| PB 0x00000006a0400000| Complete |  0
|  90|0x00000006a0800000, 0x00000006a0c00000, 0x00000006a0c00000|100%|HC|  |TAMS 0x00000006a0c00000| PB 0x00000006a0800000| Complete |  0
|  91|0x00000006a0c00000, 0x00000006a1000000, 0x00000006a1000000|100%|HS|  |TAMS 0x00000006a1000000| PB 0x00000006a0c00000| Complete |  0
|  92|0x00000006a1000000, 0x00000006a1400000, 0x00000006a1400000|100%|HC|  |TAMS 0x00000006a1400000| PB 0x00000006a1000000| Complete |  0
|  93|0x00000006a1400000, 0x00000006a1800000, 0x00000006a1800000|100%|HS|  |TAMS 0x00000006a1800000| PB 0x00000006a1400000| Complete |  0
|  94|0x00000006a1800000, 0x00000006a1c00000, 0x00000006a1c00000|100%|HC|  |TAMS 0x00000006a1c00000| PB 0x00000006a1800000| Complete |  0
|  95|0x00000006a1c00000, 0x00000006a2000000, 0x00000006a2000000|100%| O|  |TAMS 0x00000006a2000000| PB 0x00000006a2000000| Untracked |  0
|  96|0x00000006a2000000, 0x00000006a2000000, 0x00000006a2400000|  0%| F|  |TAMS 0x00000006a2000000| PB 0x00000006a2000000| Untracked |  0
|  97|0x00000006a2400000, 0x00000006a2400000, 0x00000006a2800000|  0%| F|  |TAMS 0x00000006a2400000| PB 0x00000006a2400000| Untracked |  0
|  98|0x00000006a2800000, 0x00000006a2800000, 0x00000006a2c00000|  0%| F|  |TAMS 0x00000006a2800000| PB 0x00000006a2800000| Untracked |  0
|  99|0x00000006a2c00000, 0x00000006a2c00000, 0x00000006a3000000|  0%| F|  |TAMS 0x00000006a2c00000| PB 0x00000006a2c00000| Untracked |  0
| 100|0x00000006a3000000, 0x00000006a3000000, 0x00000006a3400000|  0%| F|  |TAMS 0x00000006a3000000| PB 0x00000006a3000000| Untracked |  0
| 101|0x00000006a3400000, 0x00000006a3400000, 0x00000006a3800000|  0%| F|  |TAMS 0x00000006a3400000| PB 0x00000006a3400000| Untracked |  0
| 102|0x00000006a3800000, 0x00000006a3800000, 0x00000006a3c00000|  0%| F|  |TAMS 0x00000006a3800000| PB 0x00000006a3800000| Untracked |  0
| 103|0x00000006a3c00000, 0x00000006a3c00000, 0x00000006a4000000|  0%| F|  |TAMS 0x00000006a3c00000| PB 0x00000006a3c00000| Untracked |  0
| 104|0x00000006a4000000, 0x00000006a4000000, 0x00000006a4400000|  0%| F|  |TAMS 0x00000006a4000000| PB 0x00000006a4000000| Untracked |  0
| 105|0x00000006a4400000, 0x00000006a4400000, 0x00000006a4800000|  0%| F|  |TAMS 0x00000006a4400000| PB 0x00000006a4400000| Untracked |  0
| 106|0x00000006a4800000, 0x00000006a4800000, 0x00000006a4c00000|  0%| F|  |TAMS 0x00000006a4800000| PB 0x00000006a4800000| Untracked |  0
| 107|0x00000006a4c00000, 0x00000006a4c9c020, 0x00000006a5000000| 15%| S|CS|TAMS 0x00000006a4c00000| PB 0x00000006a4c00000| Complete |  0
| 108|0x00000006a5000000, 0x00000006a5400000, 0x00000006a5400000|100%| S|CS|TAMS 0x00000006a5000000| PB 0x00000006a5000000| Complete |  0
| 109|0x00000006a5400000, 0x00000006a5400000, 0x00000006a5800000|  0%| F|  |TAMS 0x00000006a5400000| PB 0x00000006a5400000| Untracked |  0
| 110|0x00000006a5800000, 0x00000006a5800000, 0x00000006a5c00000|  0%| F|  |TAMS 0x00000006a5800000| PB 0x00000006a5800000| Untracked |  0
| 111|0x00000006a5c00000, 0x00000006a5c00000, 0x00000006a6000000|  0%| F|  |TAMS 0x00000006a5c00000| PB 0x00000006a5c00000| Untracked |  0
| 112|0x00000006a6000000, 0x00000006a6000000, 0x00000006a6400000|  0%| F|  |TAMS 0x00000006a6000000| PB 0x00000006a6000000| Untracked |  0
| 113|0x00000006a6400000, 0x00000006a6400000, 0x00000006a6800000|  0%| F|  |TAMS 0x00000006a6400000| PB 0x00000006a6400000| Untracked |  0
| 114|0x00000006a6800000, 0x00000006a6800000, 0x00000006a6c00000|  0%| F|  |TAMS 0x00000006a6800000| PB 0x00000006a6800000| Untracked |  0
| 115|0x00000006a6c00000, 0x00000006a6c00000, 0x00000006a7000000|  0%| F|  |TAMS 0x00000006a6c00000| PB 0x00000006a6c00000| Untracked |  0
| 116|0x00000006a7000000, 0x00000006a7000000, 0x00000006a7400000|  0%| F|  |TAMS 0x00000006a7000000| PB 0x00000006a7000000| Untracked |  0
| 117|0x00000006a7400000, 0x00000006a7400000, 0x00000006a7800000|  0%| F|  |TAMS 0x00000006a7400000| PB 0x00000006a7400000| Untracked |  0
| 118|0x00000006a7800000, 0x00000006a7800000, 0x00000006a7c00000|  0%| F|  |TAMS 0x00000006a7800000| PB 0x00000006a7800000| Untracked |  0
| 119|0x00000006a7c00000, 0x00000006a7c00000, 0x00000006a8000000|  0%| F|  |TAMS 0x00000006a7c00000| PB 0x00000006a7c00000| Untracked |  0
| 120|0x00000006a8000000, 0x00000006a8000000, 0x00000006a8400000|  0%| F|  |TAMS 0x00000006a8000000| PB 0x00000006a8000000| Untracked |  0
| 121|0x00000006a8400000, 0x00000006a8400000, 0x00000006a8800000|  0%| F|  |TAMS 0x00000006a8400000| PB 0x00000006a8400000| Untracked |  0
| 122|0x00000006a8800000, 0x00000006a8800000, 0x00000006a8c00000|  0%| F|  |TAMS 0x00000006a8800000| PB 0x00000006a8800000| Untracked |  0
| 123|0x00000006a8c00000, 0x00000006a8c00000, 0x00000006a9000000|  0%| F|  |TAMS 0x00000006a8c00000| PB 0x00000006a8c00000| Untracked |  0
| 124|0x00000006a9000000, 0x00000006a9000000, 0x00000006a9400000|  0%| F|  |TAMS 0x00000006a9000000| PB 0x00000006a9000000| Untracked |  0
| 125|0x00000006a9400000, 0x00000006a9400000, 0x00000006a9800000|  0%| F|  |TAMS 0x00000006a9400000| PB 0x00000006a9400000| Untracked |  0
| 126|0x00000006a9800000, 0x00000006a9800000, 0x00000006a9c00000|  0%| F|  |TAMS 0x00000006a9800000| PB 0x00000006a9800000| Untracked |  0
| 127|0x00000006a9c00000, 0x00000006a9c00000, 0x00000006aa000000|  0%| F|  |TAMS 0x00000006a9c00000| PB 0x00000006a9c00000| Untracked |  0
| 128|0x00000006aa000000, 0x00000006aa000000, 0x00000006aa400000|  0%| F|  |TAMS 0x00000006aa000000| PB 0x00000006aa000000| Untracked |  0
| 129|0x00000006aa400000, 0x00000006aa400000, 0x00000006aa800000|  0%| F|  |TAMS 0x00000006aa400000| PB 0x00000006aa400000| Untracked |  0
| 130|0x00000006aa800000, 0x00000006aa800000, 0x00000006aac00000|  0%| F|  |TAMS 0x00000006aa800000| PB 0x00000006aa800000| Untracked |  0
| 131|0x00000006aac00000, 0x00000006aac00000, 0x00000006ab000000|  0%| F|  |TAMS 0x00000006aac00000| PB 0x00000006aac00000| Untracked |  0
| 132|0x00000006ab000000, 0x00000006ab000000, 0x00000006ab400000|  0%| F|  |TAMS 0x00000006ab000000| PB 0x00000006ab000000| Untracked |  0
| 133|0x00000006ab400000, 0x00000006ab400000, 0x00000006ab800000|  0%| F|  |TAMS 0x00000006ab400000| PB 0x00000006ab400000| Untracked |  0
| 134|0x00000006ab800000, 0x00000006ab800000, 0x00000006abc00000|  0%| F|  |TAMS 0x00000006ab800000| PB 0x00000006ab800000| Untracked |  0
| 135|0x00000006abc00000, 0x00000006abc00000, 0x00000006ac000000|  0%| F|  |TAMS 0x00000006abc00000| PB 0x00000006abc00000| Untracked |  0
| 136|0x00000006ac000000, 0x00000006ac000000, 0x00000006ac400000|  0%| F|  |TAMS 0x00000006ac000000| PB 0x00000006ac000000| Untracked |  0
| 137|0x00000006ac400000, 0x00000006ac400000, 0x00000006ac800000|  0%| F|  |TAMS 0x00000006ac400000| PB 0x00000006ac400000| Untracked |  0
| 138|0x00000006ac800000, 0x00000006ac800000, 0x00000006acc00000|  0%| F|  |TAMS 0x00000006ac800000| PB 0x00000006ac800000| Untracked |  0
| 139|0x00000006acc00000, 0x00000006acc00000, 0x00000006ad000000|  0%| F|  |TAMS 0x00000006acc00000| PB 0x00000006acc00000| Untracked |  0
| 140|0x00000006ad000000, 0x00000006ad000000, 0x00000006ad400000|  0%| F|  |TAMS 0x00000006ad000000| PB 0x00000006ad000000| Untracked |  0
| 141|0x00000006ad400000, 0x00000006ad400000, 0x00000006ad800000|  0%| F|  |TAMS 0x00000006ad400000| PB 0x00000006ad400000| Untracked |  0
| 142|0x00000006ad800000, 0x00000006ad800000, 0x00000006adc00000|  0%| F|  |TAMS 0x00000006ad800000| PB 0x00000006ad800000| Untracked |  0
| 143|0x00000006adc00000, 0x00000006adc00000, 0x00000006ae000000|  0%| F|  |TAMS 0x00000006adc00000| PB 0x00000006adc00000| Untracked |  0
| 144|0x00000006ae000000, 0x00000006ae000000, 0x00000006ae400000|  0%| F|  |TAMS 0x00000006ae000000| PB 0x00000006ae000000| Untracked |  0
| 145|0x00000006ae400000, 0x00000006ae400000, 0x00000006ae800000|  0%| F|  |TAMS 0x00000006ae400000| PB 0x00000006ae400000| Untracked |  0
| 146|0x00000006ae800000, 0x00000006ae800000, 0x00000006aec00000|  0%| F|  |TAMS 0x00000006ae800000| PB 0x00000006ae800000| Untracked |  0
| 147|0x00000006aec00000, 0x00000006aec00000, 0x00000006af000000|  0%| F|  |TAMS 0x00000006aec00000| PB 0x00000006aec00000| Untracked |  0
| 148|0x00000006af000000, 0x00000006af000000, 0x00000006af400000|  0%| F|  |TAMS 0x00000006af000000| PB 0x00000006af000000| Untracked |  0
|1483|0x00000007fcc00000, 0x00000007fcc00000, 0x00000007fd000000|  0%| F|  |TAMS 0x00000007fcc00000| PB 0x00000007fcc00000| Untracked |  0
|1484|0x00000007fd000000, 0x00000007fd000000, 0x00000007fd400000|  0%| F|  |TAMS 0x00000007fd000000| PB 0x00000007fd000000| Untracked |  0
|1485|0x00000007fd400000, 0x00000007fd800000, 0x00000007fd800000|100%| O|  |TAMS 0x00000007fd800000| PB 0x00000007fd400000| Untracked |  0
|1486|0x00000007fd800000, 0x00000007fdc00000, 0x00000007fdc00000|100%| O|  |TAMS 0x00000007fdc00000| PB 0x00000007fd800000| Untracked |  0
|1487|0x00000007fdc00000, 0x00000007fe000000, 0x00000007fe000000|100%| O|  |TAMS 0x00000007fe000000| PB 0x00000007fdc00000| Untracked |  0
|1488|0x00000007fe000000, 0x00000007fe400000, 0x00000007fe400000|100%| O|  |TAMS 0x00000007fe400000| PB 0x00000007fe000000| Untracked |  0
|1489|0x00000007fe400000, 0x00000007fe400000, 0x00000007fe800000|  0%| F|  |TAMS 0x00000007fe400000| PB 0x00000007fe400000| Untracked |  0
|1490|0x00000007fe800000, 0x00000007fe800000, 0x00000007fec00000|  0%| F|  |TAMS 0x00000007fe800000| PB 0x00000007fe800000| Untracked |  0
|1491|0x00000007fec00000, 0x00000007ff000000, 0x00000007ff000000|100%| O|  |TAMS 0x00000007ff000000| PB 0x00000007fec00000| Untracked |  0
|1492|0x00000007ff000000, 0x00000007ff400000, 0x00000007ff400000|100%| O|  |TAMS 0x00000007ff400000| PB 0x00000007ff000000| Untracked |  0
|1493|0x00000007ff400000, 0x00000007ff400000, 0x00000007ff800000|  0%| F|  |TAMS 0x00000007ff400000| PB 0x00000007ff400000| Untracked |  0
|1494|0x00000007ff800000, 0x00000007ff800000, 0x00000007ffc00000|  0%| F|  |TAMS 0x00000007ff800000| PB 0x00000007ff800000| Untracked |  0
|1495|0x00000007ffc00000, 0x00000007ffc00000, 0x0000000800000000|  0%| F|  |TAMS 0x00000007ffc00000| PB 0x00000007ffc00000| Untracked |  0

Card table byte_map: [0x00000257fc5a0000,0x00000257fd150000] _byte_map_base: 0x00000257f9150000

Marking Bits: (CMBitMap*) 0x00000257e1d927d0
 Bits: [0x0000025780000000, 0x0000025785d80000)

Polling page: 0x00000257e1dd0000

Metaspace:

Usage:
  Non-class:     32.20 MB used.
      Class:      5.24 MB used.
       Both:     37.44 MB used.

Virtual space:
  Non-class space:       64.00 MB reserved,      32.56 MB ( 51%) committed,  1 nodes.
      Class space:        1.00 GB reserved,       5.56 MB ( <1%) committed,  1 nodes.
             Both:        1.06 GB reserved,      38.12 MB (  4%) committed. 

Chunk freelists:
   Non-Class:  15.44 MB
       Class:  10.31 MB
        Both:  25.75 MB

MaxMetaspaceSize: unlimited
CompressedClassSpaceSize: 1.00 GB
Initial GC threshold: 21.00 MB
Current GC threshold: 63.56 MB
CDS: on
 - commit_granule_bytes: 65536.
 - commit_granule_words: 8192.
 - virtual_space_node_default_size: 8388608.
 - enlarge_chunks_in_place: 1.
 - use_allocation_guard: 0.


Internal statistics:

num_allocs_failed_limit: 3.
num_arena_births: 850.
num_arena_deaths: 32.
num_vsnodes_births: 2.
num_vsnodes_deaths: 0.
num_space_committed: 610.
num_space_uncommitted: 0.
num_chunks_returned_to_freelist: 49.
num_chunks_taken_from_freelist: 2101.
num_chunk_merges: 10.
num_chunk_splits: 1346.
num_chunks_enlarged: 834.
num_inconsistent_stats: 0.

CodeHeap 'non-profiled nmethods': size=120064Kb used=3211Kb max_used=3660Kb free=116852Kb
 bounds [0x00000257f3820000, 0x00000257f3bc0000, 0x00000257fad60000]
CodeHeap 'profiled nmethods': size=120000Kb used=10909Kb max_used=12290Kb free=109090Kb
 bounds [0x00000257ebd60000, 0x00000257ec970000, 0x00000257f3290000]
CodeHeap 'non-nmethods': size=5696Kb used=2035Kb max_used=2065Kb free=3660Kb
 bounds [0x00000257f3290000, 0x00000257f3500000, 0x00000257f3820000]
CodeCache: size=245760Kb, used=16155Kb, max_used=18015Kb, free=229602Kb
 total_blobs=8131, nmethods=7099, adapters=937, full_count=0
Compilation: enabled, stopped_count=0, restarted_count=0

Compilation events (20 events):
Event: 32.066 Thread 0x00000257ffc1cbd0 nmethod 8876 0x00000257ec0d6108 code [0x00000257ec0d6220, 0x00000257ec0d6368]
Event: 32.066 Thread 0x00000257ffc1cbd0 8877       3       com.sun.javafx.geom.RectBounds::unionWith (81 bytes)
Event: 32.066 Thread 0x00000257cd5c6350 nmethod 8875 0x00000257f390cc08 code [0x00000257f390cd00, 0x00000257f390cd90]
Event: 32.067 Thread 0x00000257ffc1cbd0 nmethod 8877 0x00000257ec4b9108 code [0x00000257ec4b9280, 0x00000257ec4b9750]
Event: 32.090 Thread 0x00000257ffc1cbd0 8878       1       com.sun.javafx.geom.RectBounds::getDepth (2 bytes)
Event: 32.091 Thread 0x00000257ffc1cbd0 nmethod 8878 0x00000257f38ecd88 code [0x00000257f38ecea0, 0x00000257f38ecf68]
Event: 32.091 Thread 0x00000257ffc1cbd0 8879       3       jdk.internal.icu.text.BidiBase::baseIsLeftToRight (13 bytes)
Event: 32.091 Thread 0x00000257ffc1cbd0 nmethod 8879 0x00000257ebe29508 code [0x00000257ebe29640, 0x00000257ebe29848]
Event: 32.091 Thread 0x00000257ffc1cbd0 8880       3       jdk.internal.icu.text.BidiBase::getParaLevel (9 bytes)
Event: 32.091 Thread 0x00000257ffc1cbd0 nmethod 8880 0x00000257ebda7508 code [0x00000257ebda7640, 0x00000257ebda7928]
Event: 32.091 Thread 0x00000257ffc1cbd0 8881       3       javafx.scene.layout.Region::computeMaxMinAreaHeight (11 bytes)
Event: 32.091 Thread 0x00000257ffc1cbd0 nmethod 8881 0x00000257ebde1388 code [0x00000257ebde14a0, 0x00000257ebde15e0]
Event: 32.091 Thread 0x00000257ffc1cbd0 8882       3       javafx.scene.Node::maxHeight (6 bytes)
Event: 32.092 Thread 0x00000257ffc1cbd0 nmethod 8882 0x00000257ebde6408 code [0x00000257ebde6520, 0x00000257ebde66e8]
Event: 32.095 Thread 0x00000257ffc1cbd0 8883       3       javafx.geometry.BoundingBox::<init> (18 bytes)
Event: 32.095 Thread 0x00000257ffc1cbd0 nmethod 8883 0x00000257ebe0f588 code [0x00000257ebe0f6a0, 0x00000257ebe0f810]
Event: 32.096 Thread 0x00000257ffc1cbd0 8884       3       javafx.scene.Node::layoutBoundsChanged (47 bytes)
Event: 32.096 Thread 0x00000257ffc1cbd0 nmethod 8884 0x00000257ebeda108 code [0x00000257ebeda2a0, 0x00000257ebeda9c0]
Event: 32.120 Thread 0x00000257ffc1cbd0 8885       3       java.util.concurrent.locks.LockSupport::setBlocker (12 bytes)
Event: 32.120 Thread 0x00000257ffc1cbd0 nmethod 8885 0x00000257ebe63988 code [0x00000257ebe63aa0, 0x00000257ebe63ca8]

GC Heap History (20 events):
Event: 23.414 GC heap after
{Heap after GC invocations=16 (full 0):
 garbage-first heap   total reserved 6127616K, committed 274432K, used 225287K [0x000000068a000000, 0x0000000800000000)
  region size 4096K, 1 young (4096K), 1 survivors (4096K)
 Metaspace       used 34659K, committed 35200K, reserved 1114112K
  class space    used 4860K, committed 5120K, reserved 1048576K
}
Event: 24.405 GC heap before
{Heap before GC invocations=17 (full 0):
 garbage-first heap   total reserved 6127616K, committed 376832K, used 249863K [0x000000068a000000, 0x0000000800000000)
  region size 4096K, 5 young (20480K), 1 survivors (4096K)
 Metaspace       used 36957K, committed 37632K, reserved 1114112K
  class space    used 5201K, committed 5504K, reserved 1048576K
}
Event: 24.410 GC heap after
{Heap after GC invocations=18 (full 0):
 garbage-first heap   total reserved 6127616K, committed 376832K, used 240095K [0x000000068a000000, 0x0000000800000000)
  region size 4096K, 1 young (4096K), 1 survivors (4096K)
 Metaspace       used 36957K, committed 37632K, reserved 1114112K
  class space    used 5201K, committed 5504K, reserved 1048576K
}
Event: 27.424 GC heap before
{Heap before GC invocations=18 (full 0):
 garbage-first heap   total reserved 6127616K, committed 376832K, used 334303K [0x000000068a000000, 0x0000000800000000)
  region size 4096K, 21 young (86016K), 1 survivors (4096K)
 Metaspace       used 37695K, committed 38400K, reserved 1114112K
  class space    used 5248K, committed 5568K, reserved 1048576K
}
Event: 27.441 GC heap after
{Heap after GC invocations=19 (full 0):
 garbage-first heap   total reserved 6127616K, committed 401408K, used 289600K [0x000000068a000000, 0x0000000800000000)
  region size 4096K, 3 young (12288K), 3 survivors (12288K)
 Metaspace       used 37695K, committed 38400K, reserved 1114112K
  class space    used 5248K, committed 5568K, reserved 1048576K
}
Event: 28.509 GC heap before
{Heap before GC invocations=19 (full 0):
 garbage-first heap   total reserved 6127616K, committed 401408K, used 310080K [0x000000068a000000, 0x0000000800000000)
  region size 4096K, 10 young (40960K), 3 survivors (12288K)
 Metaspace       used 37708K, committed 38400K, reserved 1114112K
  class space    used 5248K, committed 5568K, reserved 1048576K
}
Event: 28.515 GC heap after
{Heap after GC invocations=20 (full 0):
 garbage-first heap   total reserved 6127616K, committed 401408K, used 329120K [0x000000068a000000, 0x0000000800000000)
  region size 4096K, 3 young (12288K), 3 survivors (12288K)
 Metaspace       used 37708K, committed 38400K, reserved 1114112K
  class space    used 5248K, committed 5568K, reserved 1048576K
}
Event: 31.975 GC heap before
{Heap before GC invocations=21 (full 0):
 garbage-first heap   total reserved 6127616K, committed 507904K, used 439712K [0x000000068a000000, 0x0000000800000000)
  region size 4096K, 10 young (40960K), 3 survivors (12288K)
 Metaspace       used 38315K, committed 38976K, reserved 1114112K
  class space    used 5375K, committed 5696K, reserved 1048576K
}
Event: 31.979 GC heap after
{Heap after GC invocations=22 (full 0):
 garbage-first heap   total reserved 6127616K, committed 507904K, used 432288K [0x000000068a000000, 0x0000000800000000)
  region size 4096K, 2 young (8192K), 2 survivors (8192K)
 Metaspace       used 38315K, committed 38976K, reserved 1114112K
  class space    used 5375K, committed 5696K, reserved 1048576K
}
Event: 32.023 GC heap before
{Heap before GC invocations=22 (full 0):
 garbage-first heap   total reserved 6127616K, committed 507904K, used 465056K [0x000000068a000000, 0x0000000800000000)
  region size 4096K, 10 young (40960K), 2 survivors (8192K)
 Metaspace       used 38339K, committed 38976K, reserved 1114112K
  class space    used 5375K, committed 5696K, reserved 1048576K
}
Event: 32.025 GC heap after
{Heap after GC invocations=23 (full 0):
 garbage-first heap   total reserved 6127616K, committed 507904K, used 427424K [0x000000068a000000, 0x0000000800000000)
  region size 4096K, 2 young (8192K), 2 survivors (8192K)
 Metaspace       used 38339K, committed 38976K, reserved 1114112K
  class space    used 5375K, committed 5696K, reserved 1048576K
}
Event: 32.056 GC heap before
{Heap before GC invocations=23 (full 0):
 garbage-first heap   total reserved 6127616K, committed 507904K, used 468384K [0x000000068a000000, 0x0000000800000000)
  region size 4096K, 12 young (49152K), 2 survivors (8192K)
 Metaspace       used 38364K, committed 39040K, reserved 1114112K
  class space    used 5378K, committed 5696K, reserved 1048576K
}
Event: 32.057 GC heap after
{Heap after GC invocations=24 (full 0):
 garbage-first heap   total reserved 6127616K, committed 507904K, used 424736K [0x000000068a000000, 0x0000000800000000)
  region size 4096K, 2 young (8192K), 2 survivors (8192K)
 Metaspace       used 38364K, committed 39040K, reserved 1114112K
  class space    used 5378K, committed 5696K, reserved 1048576K
}
Event: 32.092 GC heap before
{Heap before GC invocations=25 (full 0):
 garbage-first heap   total reserved 6127616K, committed 663552K, used 432928K [0x000000068a000000, 0x0000000800000000)
  region size 4096K, 12 young (49152K), 2 survivors (8192K)
 Metaspace       used 38338K, committed 39040K, reserved 1114112K
  class space    used 5370K, committed 5696K, reserved 1048576K
}
Event: 32.094 GC heap after
{Heap after GC invocations=26 (full 0):
 garbage-first heap   total reserved 6127616K, committed 663552K, used 391824K [0x000000068a000000, 0x0000000800000000)
  region size 4096K, 2 young (8192K), 2 survivors (8192K)
 Metaspace       used 38338K, committed 39040K, reserved 1114112K
  class space    used 5370K, committed 5696K, reserved 1048576K
}
Event: 32.116 GC heap before
{Heap before GC invocations=26 (full 0):
 garbage-first heap   total reserved 6127616K, committed 663552K, used 563856K [0x000000068a000000, 0x0000000800000000)
  region size 4096K, 44 young (180224K), 2 survivors (8192K)
 Metaspace       used 38338K, committed 39040K, reserved 1114112K
  class space    used 5370K, committed 5696K, reserved 1048576K
}
Event: 32.120 GC heap after
{Heap after GC invocations=27 (full 0):
 garbage-first heap   total reserved 6127616K, committed 663552K, used 378877K [0x000000068a000000, 0x0000000800000000)
  region size 4096K, 2 young (8192K), 2 survivors (8192K)
 Metaspace       used 38338K, committed 39040K, reserved 1114112K
  class space    used 5370K, committed 5696K, reserved 1048576K
}
Event: 32.139 GC heap before
{Heap before GC invocations=27 (full 0):
 garbage-first heap   total reserved 6127616K, committed 663552K, used 538621K [0x000000068a000000, 0x0000000800000000)
  region size 4096K, 41 young (167936K), 2 survivors (8192K)
 Metaspace       used 38338K, committed 39040K, reserved 1114112K
  class space    used 5370K, committed 5696K, reserved 1048576K
}
Event: 32.141 GC heap after
{Heap after GC invocations=28 (full 0):
 garbage-first heap   total reserved 6127616K, committed 663552K, used 379239K [0x000000068a000000, 0x0000000800000000)
  region size 4096K, 2 young (8192K), 2 survivors (8192K)
 Metaspace       used 38338K, committed 39040K, reserved 1114112K
  class space    used 5370K, committed 5696K, reserved 1048576K
}
Event: 32.159 GC heap before
{Heap before GC invocations=29 (full 0):
 garbage-first heap   total reserved 6127616K, committed 663552K, used 563559K [0x000000068a000000, 0x0000000800000000)
  region size 4096K, 47 young (192512K), 2 survivors (8192K)
 Metaspace       used 38338K, committed 39040K, reserved 1114112K
  class space    used 5370K, committed 5696K, reserved 1048576K
}

Dll operation events (20 events):
Event: 0.456 Loaded shared library C:\Users\YASMINE\.openjfx\cache\23.0.1+4\amd64\api-ms-win-crt-string-l1-1-0.dll
Event: 0.459 Loaded shared library C:\Users\YASMINE\.openjfx\cache\23.0.1+4\amd64\api-ms-win-crt-time-l1-1-0.dll
Event: 0.463 Loaded shared library C:\Users\YASMINE\.openjfx\cache\23.0.1+4\amd64\api-ms-win-crt-utility-l1-1-0.dll
Event: 0.475 Loaded shared library C:\Users\YASMINE\.openjfx\cache\23.0.1+4\amd64\ucrtbase.dll
Event: 0.479 Loaded shared library C:\Users\YASMINE\.openjfx\cache\23.0.1+4\amd64\vcruntime140.dll
Event: 0.482 Loaded shared library C:\Users\YASMINE\.openjfx\cache\23.0.1+4\amd64\vcruntime140_1.dll
Event: 0.490 Loaded shared library C:\Users\YASMINE\.openjfx\cache\23.0.1+4\amd64\msvcp140.dll
Event: 0.493 Loaded shared library C:\Users\YASMINE\.openjfx\cache\23.0.1+4\amd64\msvcp140_1.dll
Event: 0.498 Loaded shared library C:\Users\YASMINE\.openjfx\cache\23.0.1+4\amd64\msvcp140_2.dll
Event: 0.528 Loaded shared library C:\Users\YASMINE\.openjfx\cache\23.0.1+4\amd64\prism_sw.dll
Event: 0.549 Loaded shared library C:\Users\YASMINE\.openjfx\cache\23.0.1+4\amd64\glass.dll
Event: 0.677 Loaded shared library C:\java\bin\jimage.dll
Event: 0.956 Loaded shared library C:\Users\YASMINE\.openjfx\cache\23.0.1+4\amd64\javafx_font.dll
Event: 1.601 Loaded shared library C:\Users\YASMINE\.openjfx\cache\23.0.1+4\amd64\decora_sse.dll
Event: 20.155 Loaded shared library C:\Users\YASMINE\.openjfx\cache\23.0.1+4\amd64\javafx_iio.dll
Event: 20.345 Loaded shared library C:\java\bin\sunmscapi.dll
Event: 23.035 Loaded shared library C:\Users\YASMINE\.openjfx\cache\23.0.1+4\amd64\jfxwebkit.dll
Event: 31.726 Loaded shared library C:\Users\YASMINE\.openjfx\cache\23.0.1+4\amd64\glib-lite.dll
Event: 31.743 Loaded shared library C:\Users\YASMINE\.openjfx\cache\23.0.1+4\amd64\gstreamer-lite.dll
Event: 31.755 Loaded shared library C:\Users\YASMINE\.openjfx\cache\23.0.1+4\amd64\jfxmedia.dll

Deoptimization events (20 events):
Event: 31.792 Thread 0x00000257cbbdf200 DEOPT PACKING pc=0x00000257f3a77a88 sp=0x000000fdc1afd9d0
Event: 31.792 Thread 0x00000257cbbdf200 DEOPT UNPACKING pc=0x00000257f32e4402 sp=0x000000fdc1afd978 mode 2
Event: 31.792 Thread 0x00000257cbbdf200 Uncommon trap: trap_request=0xffffff45 fr.pc=0x00000257f3ad9d40 relative=0x00000000000009c0
Event: 31.792 Thread 0x00000257cbbdf200 Uncommon trap: reason=unstable_if action=reinterpret pc=0x00000257f3ad9d40 method=java.util.HashMap.resize()[Ljava/util/HashMap$Node; @ 203 c2
Event: 31.792 Thread 0x00000257cbbdf200 DEOPT PACKING pc=0x00000257f3ad9d40 sp=0x000000fdc1afd910
Event: 31.792 Thread 0x00000257cbbdf200 DEOPT UNPACKING pc=0x00000257f32e4402 sp=0x000000fdc1afd8a8 mode 2
Event: 31.793 Thread 0x00000257cbbdf200 Uncommon trap: trap_request=0xffffff45 fr.pc=0x00000257f38aea10 relative=0x0000000000000250
Event: 31.793 Thread 0x00000257cbbdf200 Uncommon trap: reason=unstable_if action=reinterpret pc=0x00000257f38aea10 method=java.util.HashMap.getNode(Ljava/lang/Object;)Ljava/util/HashMap$Node; @ 85 c2
Event: 31.793 Thread 0x00000257cbbdf200 DEOPT PACKING pc=0x00000257f38aea10 sp=0x000000fdc1afe4d0
Event: 31.793 Thread 0x00000257cbbdf200 DEOPT UNPACKING pc=0x00000257f32e4402 sp=0x000000fdc1afe3e0 mode 2
Event: 31.811 Thread 0x00000257cbbdf200 Uncommon trap: trap_request=0xffffff45 fr.pc=0x00000257f38a0e7c relative=0x000000000000023c
Event: 31.811 Thread 0x00000257cbbdf200 Uncommon trap: reason=unstable_if action=reinterpret pc=0x00000257f38a0e7c method=java.util.HashMap.getNode(Ljava/lang/Object;)Ljava/util/HashMap$Node; @ 85 c2
Event: 31.811 Thread 0x00000257cbbdf200 DEOPT PACKING pc=0x00000257f38a0e7c sp=0x000000fdc1afe310
Event: 31.811 Thread 0x00000257cbbdf200 DEOPT UNPACKING pc=0x00000257f32e4402 sp=0x000000fdc1afe290 mode 2
Event: 31.830 Thread 0x00000257cbbdf200 Uncommon trap: trap_request=0xffffff45 fr.pc=0x00000257f3ab20b4 relative=0x00000000000008f4
Event: 31.830 Thread 0x00000257cbbdf200 Uncommon trap: reason=unstable_if action=reinterpret pc=0x00000257f3ab20b4 method=javafx.scene.Node.updateBounds()V @ 70 c2
Event: 31.830 Thread 0x00000257cbbdf200 DEOPT PACKING pc=0x00000257f3ab20b4 sp=0x000000fdc1afe5a0
Event: 31.830 Thread 0x00000257cbbdf200 DEOPT UNPACKING pc=0x00000257f32e4402 sp=0x000000fdc1afe560 mode 2
Event: 31.850 Thread 0x00000257cbbdf200 DEOPT PACKING pc=0x00000257ec45a02c sp=0x000000fdc1afc390
Event: 31.850 Thread 0x00000257cbbdf200 DEOPT UNPACKING pc=0x00000257f32e4b22 sp=0x000000fdc1afb848 mode 0

Classes loaded (20 events):
Event: 24.390 Loading class java/util/zip/GZIPInputStream$1
Event: 24.390 Loading class java/util/zip/GZIPInputStream$1 done
Event: 24.620 Loading class com/sun/crypto/provider/HmacCore$HmacSHA256
Event: 24.620 Loading class com/sun/crypto/provider/HmacCore$HmacSHA256 done
Event: 24.760 Loading class java/util/zip/DataFormatException
Event: 24.760 Loading class java/util/zip/DataFormatException done
Event: 25.085 Loading class jdk/internal/loader/BootLoader$PackageHelper
Event: 25.085 Loading class jdk/internal/loader/BootLoader$PackageHelper done
Event: 26.206 Loading class sun/security/ssl/Alert
Event: 26.206 Loading class sun/security/ssl/Alert done
Event: 26.206 Loading class sun/security/ssl/Alert$AlertConsumer
Event: 26.206 Loading class sun/security/ssl/Alert$AlertConsumer done
Event: 26.207 Loading class sun/security/ssl/Alert$Level
Event: 26.207 Loading class sun/security/ssl/Alert$Level done
Event: 31.713 Loading class jdk/internal/icu/text/NormalizerBase$NFCModeImpl
Event: 31.713 Loading class jdk/internal/icu/text/NormalizerBase$NFCModeImpl done
Event: 31.713 Loading class jdk/internal/icu/impl/Norm2AllModes$NFCSingleton
Event: 31.713 Loading class jdk/internal/icu/impl/Norm2AllModes$NFCSingleton done
Event: 31.759 Loading class java/net/ContentHandlerFactory
Event: 31.760 Loading class java/net/ContentHandlerFactory done

Classes unloaded (16 events):
Event: 32.072 Thread 0x00000257ffbec020 Unloading class 0x000002578752c800 'java/lang/invoke/LambdaForm$DMH+0x000002578752c800'
Event: 32.072 Thread 0x00000257ffbec020 Unloading class 0x0000025787516800 'java/lang/invoke/LambdaForm$MH+0x0000025787516800'
Event: 32.072 Thread 0x00000257ffbec020 Unloading class 0x0000025787515c00 'java/lang/invoke/LambdaForm$DMH+0x0000025787515c00'
Event: 32.072 Thread 0x00000257ffbec020 Unloading class 0x0000025787515400 'java/lang/invoke/LambdaForm$MH+0x0000025787515400'
Event: 32.072 Thread 0x00000257ffbec020 Unloading class 0x0000025787514c00 'java/lang/invoke/LambdaForm$MH+0x0000025787514c00'
Event: 32.072 Thread 0x00000257ffbec020 Unloading class 0x0000025787514800 'java/lang/invoke/LambdaForm$DMH+0x0000025787514800'
Event: 32.072 Thread 0x00000257ffbec020 Unloading class 0x0000025787513c00 'java/lang/invoke/LambdaForm$MH+0x0000025787513c00'
Event: 32.072 Thread 0x00000257ffbec020 Unloading class 0x0000025787513400 'java/lang/invoke/LambdaForm$MH+0x0000025787513400'
Event: 32.072 Thread 0x00000257ffbec020 Unloading class 0x0000025787512c00 'java/lang/invoke/LambdaForm$MH+0x0000025787512c00'
Event: 32.072 Thread 0x00000257ffbec020 Unloading class 0x0000025787512800 'java/lang/invoke/LambdaForm$MH+0x0000025787512800'
Event: 32.072 Thread 0x00000257ffbec020 Unloading class 0x0000025787511c00 'java/lang/invoke/LambdaForm$MH+0x0000025787511c00'
Event: 32.072 Thread 0x00000257ffbec020 Unloading class 0x0000025787511800 'java/lang/invoke/LambdaForm$DMH+0x0000025787511800'
Event: 32.072 Thread 0x00000257ffbec020 Unloading class 0x0000025787510c00 'java/lang/invoke/LambdaForm$MH+0x0000025787510c00'
Event: 32.072 Thread 0x00000257ffbec020 Unloading class 0x0000025787510400 'java/lang/invoke/LambdaForm$MH+0x0000025787510400'
Event: 32.072 Thread 0x00000257ffbec020 Unloading class 0x000002578750fc00 'java/lang/invoke/LambdaForm$MH+0x000002578750fc00'
Event: 32.072 Thread 0x00000257ffbec020 Unloading class 0x000002578750f400 'java/lang/invoke/LambdaForm$MH+0x000002578750f400'

Classes redefined (0 events):
No events

Internal exceptions (20 events):
Event: 24.522 Thread 0x00000257cbbdf200 Exception <a 'java/io/FileNotFoundException'{0x00000007ff9c9b90}> (0x00000007ff9c9b90) 
thrown [s\open\src\hotspot\share\prims\jni.cpp, line 520]
Event: 24.522 Thread 0x00000257cbbdf200 Exception <a 'java/io/FileNotFoundException'{0x00000007ff9ca9b0}> (0x00000007ff9ca9b0) 
thrown [s\open\src\hotspot\share\prims\jni.cpp, line 520]
Event: 24.522 Thread 0x00000257cbbdf200 Exception <a 'java/io/FileNotFoundException'{0x00000007ff9cb7e8}> (0x00000007ff9cb7e8) 
thrown [s\open\src\hotspot\share\prims\jni.cpp, line 520]
Event: 24.522 Thread 0x00000257cbbdf200 Exception <a 'java/io/FileNotFoundException'{0x00000007ff9cc600}> (0x00000007ff9cc600) 
thrown [s\open\src\hotspot\share\prims\jni.cpp, line 520]
Event: 24.612 Thread 0x00000257cbb8ce70 Implicit null exception at 0x00000257f389eaee to 0x00000257f38a0418
Event: 24.615 Thread 0x00000257cbb8ce70 Implicit null exception at 0x00000257f3a832ac to 0x00000257f3a83568
Event: 24.640 Thread 0x00000257cbb8ce70 Implicit null exception at 0x00000257f3a6b854 to 0x00000257f3a6b956
Event: 24.640 Thread 0x00000257cbb8ce70 Implicit null exception at 0x00000257f3a6bc03 to 0x00000257f3a6bd05
Event: 24.722 Thread 0x00000257cbb8ce70 Implicit null exception at 0x00000257f3aac4e0 to 0x00000257f3aad970
Event: 25.086 Thread 0x00000257cbbdf200 Exception <a 'java/lang/NoSuchMethodError'{0x000000069cabacc8}: method resolution failed> (0x000000069cabacc8) 
thrown [s\open\src\hotspot\share\prims\methodHandles.cpp, line 1145]
Event: 25.087 Thread 0x00000257cbbdf200 Implicit null exception at 0x00000257f39c021e to 0x00000257f39c05e0
Event: 25.087 Thread 0x00000257cbbdf200 Exception <a 'java/lang/NoSuchMethodError'{0x000000069c4cffb0}: 'java.lang.reflect.Method[] java.lang.Class.getMethods(java.lang.Class)'> (0x000000069c4cffb0) 
thrown [s\open\src\hotspot\share\interpreter\linkResolver.cpp, line 796]
Event: 25.089 Thread 0x00000257cbbdf200 Exception <a 'java/lang/NoSuchMethodError'{0x000000069c4d49b0}: 'void java.lang.invoke.DirectMethodHandle$Holder.invokeVirtual(java.lang.Object, java.lang.Object, java.lang.Object, java.lang.Object, java.lang.Object)'> (0x000000069c4d49b0) 
thrown [s\open\src\hotspot\share\interpreter\linkResolver.cpp, line 796]
Event: 29.840 Thread 0x00000257cbf859a0 Exception <a 'java/net/UnknownHostException'{0x00000007ff6627d8}> (0x00000007ff6627d8) 
thrown [s\open\src\hotspot\share\prims\jni.cpp, line 520]
Event: 31.760 Thread 0x00000257dffc2870 Exception <a 'java/lang/NoSuchMethodError'{0x00000007fe460110}: 'long java.lang.invoke.DirectMethodHandle$Holder.invokeVirtual(java.lang.Object, java.lang.Object)'> (0x00000007fe460110) 
thrown [s\open\src\hotspot\share\interpreter\linkResolver.cpp, line 796]
Event: 31.760 Thread 0x00000257dffc2870 Exception <a 'java/lang/NoSuchMethodError'{0x00000007fe463448}: 'long java.lang.invoke.DelegatingMethodHandle$Holder.reinvoke_L(java.lang.Object, java.lang.Object)'> (0x00000007fe463448) 
thrown [s\open\src\hotspot\share\interpreter\linkResolver.cpp, line 796]
Event: 31.762 Thread 0x00000257dffc2870 Exception <a 'java/lang/NullPointerException'{0x00000007fe476a00}> (0x00000007fe476a00) 
thrown [s\open\src\hotspot\share\interpreter\linkResolver.cpp, line 1473]
Event: 31.791 Thread 0x00000257cbbdf200 Exception <a 'sun/nio/fs/WindowsException'{0x00000007fe5dffe8}> (0x00000007fe5dffe8) 
thrown [s\open\src\hotspot\share\prims\jni.cpp, line 520]
Event: 31.792 Thread 0x00000257cbbdf200 Exception <a 'sun/nio/fs/WindowsException'{0x00000007fe5e13e0}> (0x00000007fe5e13e0) 
thrown [s\open\src\hotspot\share\prims\jni.cpp, line 520]
Event: 31.792 Thread 0x00000257cbbdf200 Exception <a 'sun/nio/fs/WindowsException'{0x00000007fe5e27f8}> (0x00000007fe5e27f8) 
thrown [s\open\src\hotspot\share\prims\jni.cpp, line 520]

VM Operations (20 events):
Event: 29.841 Executing VM operation: HandshakeAllThreads (Deoptimize) done
Event: 31.975 Executing VM operation: G1CollectForAllocation (G1 Evacuation Pause)
Event: 31.979 Executing VM operation: G1CollectForAllocation (G1 Evacuation Pause) done
Event: 32.023 Executing VM operation: G1CollectForAllocation (G1 Evacuation Pause)
Event: 32.025 Executing VM operation: G1CollectForAllocation (G1 Evacuation Pause) done
Event: 32.056 Executing VM operation: G1CollectForAllocation (G1 Evacuation Pause)
Event: 32.058 Executing VM operation: G1CollectForAllocation (G1 Evacuation Pause) done
Event: 32.069 Executing VM operation: G1PauseRemark
Event: 32.078 Executing VM operation: G1PauseRemark done
Event: 32.083 Executing VM operation: G1PauseCleanup
Event: 32.083 Executing VM operation: G1PauseCleanup done
Event: 32.092 Executing VM operation: G1CollectForAllocation (G1 Evacuation Pause)
Event: 32.094 Executing VM operation: G1CollectForAllocation (G1 Evacuation Pause) done
Event: 32.116 Executing VM operation: G1CollectForAllocation (G1 Evacuation Pause)
Event: 32.120 Executing VM operation: G1CollectForAllocation (G1 Evacuation Pause) done
Event: 32.139 Executing VM operation: G1CollectForAllocation (G1 Evacuation Pause)
Event: 32.141 Executing VM operation: G1CollectForAllocation (G1 Evacuation Pause) done
Event: 32.153 Executing VM operation: G1PauseRemark
Event: 32.156 Executing VM operation: G1PauseRemark done
Event: 32.159 Executing VM operation: G1CollectForAllocation (G1 Evacuation Pause)

Memory protections (0 events):
No events

Nmethod flushes (20 events):
Event: 32.155 Thread 0x00000257ffbec020 flushing  nmethod 0x00000257ec182488
Event: 32.155 Thread 0x00000257ffbec020 flushing  nmethod 0x00000257ec821808
Event: 32.155 Thread 0x00000257ffbec020 flushing  nmethod 0x00000257ebe65088
Event: 32.155 Thread 0x00000257ffbec020 flushing  nmethod 0x00000257ec25ee88
Event: 32.155 Thread 0x00000257ffbec020 flushing  nmethod 0x00000257ec3e3588
Event: 32.155 Thread 0x00000257ffbec020 flushing  nmethod 0x00000257ec3e9608
Event: 32.155 Thread 0x00000257ffbec020 flushing  nmethod 0x00000257ec50c108
Event: 32.155 Thread 0x00000257ffbec020 flushing  nmethod 0x00000257ec50cc88
Event: 32.155 Thread 0x00000257ffbec020 flushing  nmethod 0x00000257f38a0b08
Event: 32.155 Thread 0x00000257ffbec020 flushing  nmethod 0x00000257f3a76888
Event: 32.155 Thread 0x00000257ffbec020 flushing  nmethod 0x00000257f3ad9208
Event: 32.155 Thread 0x00000257ffbec020 flushing  nmethod 0x00000257f3bae688
Event: 32.155 Thread 0x00000257ffbec020 flushing  nmethod 0x00000257f3bb1d08
Event: 32.155 Thread 0x00000257ffbec020 flushing  nmethod 0x00000257ec117688
Event: 32.155 Thread 0x00000257ffbec020 flushing  nmethod 0x00000257ec58cc08
Event: 32.155 Thread 0x00000257ffbec020 flushing  nmethod 0x00000257ec590888
Event: 32.155 Thread 0x00000257ffbec020 flushing  nmethod 0x00000257ebd97f88
Event: 32.155 Thread 0x00000257ffbec020 flushing  nmethod 0x00000257ebe1ec08
Event: 32.155 Thread 0x00000257ffbec020 flushing  nmethod 0x00000257ec538c08
Event: 32.155 Thread 0x00000257ffbec020 flushing  nmethod 0x00000257ec850e88

Events (20 events):
Event: 32.158 Thread 0x00000257dffc0110 Thread exited: 0x00000257dffc0110
Event: 32.158 Thread 0x00000257dffc21e0 Thread added: 0x00000257dffc21e0
Event: 32.158 Thread 0x00000257dffc21e0 Thread exited: 0x00000257dffc21e0
Event: 32.158 Thread 0x00000257dffc21e0 Thread added: 0x00000257dffc21e0
Event: 32.158 Thread 0x00000257dffc21e0 Thread exited: 0x00000257dffc21e0
Event: 32.158 Thread 0x00000257dffc21e0 Thread added: 0x00000257dffc21e0
Event: 32.158 Thread 0x00000257dffc21e0 Thread exited: 0x00000257dffc21e0
Event: 32.158 Thread 0x00000257dffc21e0 Thread added: 0x00000257dffc21e0
Event: 32.158 Thread 0x00000257dffc21e0 Thread exited: 0x00000257dffc21e0
Event: 32.158 Thread 0x00000257dffc21e0 Thread added: 0x00000257dffc21e0
Event: 32.158 Thread 0x00000257dffc21e0 Thread exited: 0x00000257dffc21e0
Event: 32.158 Thread 0x00000257dffc0110 Thread added: 0x00000257dffc0110
Event: 32.159 Thread 0x00000257dffc0110 Thread exited: 0x00000257dffc0110
Event: 32.159 Thread 0x00000257dffc0110 Thread added: 0x00000257dffc0110
Event: 32.159 Thread 0x00000257dffc0110 Thread exited: 0x00000257dffc0110
Event: 32.159 Thread 0x00000257dffc21e0 Thread added: 0x00000257dffc21e0
Event: 32.159 Thread 0x00000257dffc21e0 Thread exited: 0x00000257dffc21e0
Event: 32.159 Thread 0x00000257dffc21e0 Thread added: 0x00000257dffc21e0
Event: 32.159 Thread 0x00000257dffc21e0 Thread exited: 0x00000257dffc21e0
Event: 32.159 Thread 0x00000257dffc0110 Thread added: 0x00000257dffc0110


Dynamic libraries:
0x00007ff6cf1e0000 - 0x00007ff6cf1f0000 	C:\java\bin\java.exe
0x00007ff8b8f40000 - 0x00007ff8b91a8000 	C:\WINDOWS\SYSTEM32\ntdll.dll
0x00007ff8b8cc0000 - 0x00007ff8b8d89000 	C:\WINDOWS\System32\KERNEL32.DLL
0x00007ff8b5b50000 - 0x00007ff8b5f41000 	C:\WINDOWS\System32\KERNELBASE.dll
0x00007ff8b5820000 - 0x00007ff8b596b000 	C:\WINDOWS\System32\ucrtbase.dll
0x00007ff8965b0000 - 0x00007ff8965c7000 	C:\java\bin\jli.dll
0x00007ff896590000 - 0x00007ff8965ab000 	C:\java\bin\VCRUNTIME140.dll
0x00007ff8b81a0000 - 0x00007ff8b8366000 	C:\WINDOWS\System32\USER32.dll
0x00007ff8b60c0000 - 0x00007ff8b60e7000 	C:\WINDOWS\System32\win32u.dll
0x00007ff8b4920000 - 0x00007ff8b4bb3000 	C:\WINDOWS\WinSxS\amd64_microsoft.windows.common-controls_6595b64144ccf1df_6.0.26100.7824_none_3e0870b2e3345462\COMCTL32.dll
0x00007ff8b8170000 - 0x00007ff8b819b000 	C:\WINDOWS\System32\GDI32.dll
0x00007ff8b5a20000 - 0x00007ff8b5b4b000 	C:\WINDOWS\System32\gdi32full.dll
0x00007ff8b8720000 - 0x00007ff8b87c9000 	C:\WINDOWS\System32\msvcrt.dll
0x00007ff8b5970000 - 0x00007ff8b5a13000 	C:\WINDOWS\System32\msvcp_win.dll
0x00007ff8b8da0000 - 0x00007ff8b8dd1000 	C:\WINDOWS\System32\IMM32.DLL
0x00007ff8964e0000 - 0x00007ff8964ec000 	C:\java\bin\vcruntime140_1.dll
0x00007ff81aa60000 - 0x00007ff81aaee000 	C:\java\bin\msvcp140.dll
0x00007fffcd7f0000 - 0x00007fffce53f000 	C:\java\bin\server\jvm.dll
0x00007ff8b84e0000 - 0x00007ff8b8594000 	C:\WINDOWS\System32\ADVAPI32.dll
0x00007ff8b8430000 - 0x00007ff8b84d6000 	C:\WINDOWS\System32\sechost.dll
0x00007ff8b8de0000 - 0x00007ff8b8ef8000 	C:\WINDOWS\System32\RPCRT4.dll
0x00007ff8b8a60000 - 0x00007ff8b8ad4000 	C:\WINDOWS\System32\WS2_32.dll
0x00007ff8b5680000 - 0x00007ff8b56de000 	C:\WINDOWS\SYSTEM32\POWRPROF.dll
0x00007ff8ac500000 - 0x00007ff8ac535000 	C:\WINDOWS\SYSTEM32\WINMM.dll
0x00007ff8acd80000 - 0x00007ff8acd8b000 	C:\WINDOWS\SYSTEM32\VERSION.dll
0x00007ff8b5660000 - 0x00007ff8b5674000 	C:\WINDOWS\SYSTEM32\UMPDC.dll
0x00007ff8b3c90000 - 0x00007ff8b3cab000 	C:\WINDOWS\SYSTEM32\kernel.appcore.dll
0x00007ff8964d0000 - 0x00007ff8964da000 	C:\java\bin\jimage.dll
0x00007ff8b4ff0000 - 0x00007ff8b5232000 	C:\WINDOWS\SYSTEM32\DBGHELP.DLL
0x00007ff8b76e0000 - 0x00007ff8b7a66000 	C:\WINDOWS\System32\combase.dll
0x00007ff8b8090000 - 0x00007ff8b8167000 	C:\WINDOWS\System32\OLEAUT32.dll
0x00007ff8b4ec0000 - 0x00007ff8b4efb000 	C:\WINDOWS\SYSTEM32\dbgcore.DLL
0x00007ff8b6960000 - 0x00007ff8b6a05000 	C:\WINDOWS\System32\bcryptPrimitives.dll
0x00007ff8964b0000 - 0x00007ff8964ce000 	C:\java\bin\java.dll
0x00007ff8b6de0000 - 0x00007ff8b6f77000 	C:\WINDOWS\System32\ole32.dll
0x00007ff8b6f80000 - 0x00007ff8b76d2000 	C:\WINDOWS\System32\SHELL32.dll
0x00007ff8b5f50000 - 0x00007ff8b60ba000 	C:\WINDOWS\System32\wintypes.dll
0x00007ff8b60f0000 - 0x00007ff8b6953000 	C:\WINDOWS\System32\windows.storage.dll
0x00007ff8b88d0000 - 0x00007ff8b89c6000 	C:\WINDOWS\System32\SHCORE.dll
0x00007ff8b8000000 - 0x00007ff8b8067000 	C:\WINDOWS\System32\shlwapi.dll
0x00007ff8b5740000 - 0x00007ff8b5769000 	C:\WINDOWS\SYSTEM32\profapi.dll
0x00007ff8193b0000 - 0x00007ff819487000 	C:\java\bin\jsvml.dll
0x00007ff8964a0000 - 0x00007ff8964b0000 	C:\java\bin\net.dll
0x00007ff8b4230000 - 0x00007ff8b429b000 	C:\WINDOWS\system32\mswsock.dll
0x00007ff891460000 - 0x00007ff891476000 	C:\java\bin\nio.dll
0x00007ff88d280000 - 0x00007ff88d297000 	C:\java\bin\zip.dll
0x0000025785f20000 - 0x0000025785f23000 	C:\Users\YASMINE\.openjfx\cache\23.0.1+4\amd64\api-ms-win-core-console-l1-1-0.dll
0x0000025785f30000 - 0x0000025785f33000 	C:\Users\YASMINE\.openjfx\cache\23.0.1+4\amd64\api-ms-win-core-console-l1-2-0.dll
0x0000025785f40000 - 0x0000025785f43000 	C:\Users\YASMINE\.openjfx\cache\23.0.1+4\amd64\api-ms-win-core-datetime-l1-1-0.dll
0x0000025785f50000 - 0x0000025785f53000 	C:\Users\YASMINE\.openjfx\cache\23.0.1+4\amd64\api-ms-win-core-debug-l1-1-0.dll
0x0000025785f60000 - 0x0000025785f63000 	C:\Users\YASMINE\.openjfx\cache\23.0.1+4\amd64\api-ms-win-core-errorhandling-l1-1-0.dll
0x0000025785f70000 - 0x0000025785f74000 	C:\Users\YASMINE\.openjfx\cache\23.0.1+4\amd64\api-ms-win-core-file-l1-1-0.dll
0x0000025785f80000 - 0x0000025785f83000 	C:\Users\YASMINE\.openjfx\cache\23.0.1+4\amd64\api-ms-win-core-file-l1-2-0.dll
0x0000025785f90000 - 0x0000025785f93000 	C:\Users\YASMINE\.openjfx\cache\23.0.1+4\amd64\api-ms-win-core-file-l2-1-0.dll
0x0000025785fa0000 - 0x0000025785fa3000 	C:\Users\YASMINE\.openjfx\cache\23.0.1+4\amd64\api-ms-win-core-handle-l1-1-0.dll
0x0000025785fb0000 - 0x0000025785fb3000 	C:\Users\YASMINE\.openjfx\cache\23.0.1+4\amd64\api-ms-win-core-heap-l1-1-0.dll
0x0000025785fc0000 - 0x0000025785fc3000 	C:\Users\YASMINE\.openjfx\cache\23.0.1+4\amd64\api-ms-win-core-interlocked-l1-1-0.dll
0x0000025785fd0000 - 0x0000025785fd3000 	C:\Users\YASMINE\.openjfx\cache\23.0.1+4\amd64\api-ms-win-core-libraryloader-l1-1-0.dll
0x0000025785fe0000 - 0x0000025785fe3000 	C:\Users\YASMINE\.openjfx\cache\23.0.1+4\amd64\api-ms-win-core-localization-l1-2-0.dll
0x0000025785ff0000 - 0x0000025785ff3000 	C:\Users\YASMINE\.openjfx\cache\23.0.1+4\amd64\api-ms-win-core-memory-l1-1-0.dll
0x00000257cbc00000 - 0x00000257cbc03000 	C:\Users\YASMINE\.openjfx\cache\23.0.1+4\amd64\api-ms-win-core-namedpipe-l1-1-0.dll
0x00000257cbc10000 - 0x00000257cbc13000 	C:\Users\YASMINE\.openjfx\cache\23.0.1+4\amd64\api-ms-win-core-processenvironment-l1-1-0.dll
0x00000257cbc20000 - 0x00000257cbc23000 	C:\Users\YASMINE\.openjfx\cache\23.0.1+4\amd64\api-ms-win-core-processthreads-l1-1-0.dll
0x00000257cbc30000 - 0x00000257cbc33000 	C:\Users\YASMINE\.openjfx\cache\23.0.1+4\amd64\api-ms-win-core-processthreads-l1-1-1.dll
0x00000257cbc40000 - 0x00000257cbc43000 	C:\Users\YASMINE\.openjfx\cache\23.0.1+4\amd64\api-ms-win-core-profile-l1-1-0.dll
0x00000257cbc50000 - 0x00000257cbc53000 	C:\Users\YASMINE\.openjfx\cache\23.0.1+4\amd64\api-ms-win-core-rtlsupport-l1-1-0.dll
0x00000257cbc60000 - 0x00000257cbc63000 	C:\Users\YASMINE\.openjfx\cache\23.0.1+4\amd64\api-ms-win-core-string-l1-1-0.dll
0x00000257cbc70000 - 0x00000257cbc73000 	C:\Users\YASMINE\.openjfx\cache\23.0.1+4\amd64\api-ms-win-core-synch-l1-1-0.dll
0x00000257cbc80000 - 0x00000257cbc83000 	C:\Users\YASMINE\.openjfx\cache\23.0.1+4\amd64\api-ms-win-core-synch-l1-2-0.dll
0x00000257cbc90000 - 0x00000257cbc93000 	C:\Users\YASMINE\.openjfx\cache\23.0.1+4\amd64\api-ms-win-core-sysinfo-l1-1-0.dll
0x00000257cbca0000 - 0x00000257cbca3000 	C:\Users\YASMINE\.openjfx\cache\23.0.1+4\amd64\api-ms-win-core-timezone-l1-1-0.dll
0x00000257cbcb0000 - 0x00000257cbcb3000 	C:\Users\YASMINE\.openjfx\cache\23.0.1+4\amd64\api-ms-win-core-util-l1-1-0.dll
0x00000257cbcc0000 - 0x00000257cbcc3000 	C:\Users\YASMINE\.openjfx\cache\23.0.1+4\amd64\api-ms-win-crt-conio-l1-1-0.dll
0x00000257cbcd0000 - 0x00000257cbcd4000 	C:\Users\YASMINE\.openjfx\cache\23.0.1+4\amd64\api-ms-win-crt-convert-l1-1-0.dll
0x00000257cbce0000 - 0x00000257cbce3000 	C:\Users\YASMINE\.openjfx\cache\23.0.1+4\amd64\api-ms-win-crt-environment-l1-1-0.dll
0x00000257cbcf0000 - 0x00000257cbcf3000 	C:\Users\YASMINE\.openjfx\cache\23.0.1+4\amd64\api-ms-win-crt-filesystem-l1-1-0.dll
0x00000257cbd00000 - 0x00000257cbd03000 	C:\Users\YASMINE\.openjfx\cache\23.0.1+4\amd64\api-ms-win-crt-heap-l1-1-0.dll
0x00000257cbd10000 - 0x00000257cbd13000 	C:\Users\YASMINE\.openjfx\cache\23.0.1+4\amd64\api-ms-win-crt-locale-l1-1-0.dll
0x00000257cbd20000 - 0x00000257cbd25000 	C:\Users\YASMINE\.openjfx\cache\23.0.1+4\amd64\api-ms-win-crt-math-l1-1-0.dll
0x00000257cbd30000 - 0x00000257cbd35000 	C:\Users\YASMINE\.openjfx\cache\23.0.1+4\amd64\api-ms-win-crt-multibyte-l1-1-0.dll
0x00000257cbd40000 - 0x00000257cbd50000 	C:\Users\YASMINE\.openjfx\cache\23.0.1+4\amd64\api-ms-win-crt-private-l1-1-0.dll
0x00000257cbd50000 - 0x00000257cbd53000 	C:\Users\YASMINE\.openjfx\cache\23.0.1+4\amd64\api-ms-win-crt-process-l1-1-0.dll
0x00000257cbd60000 - 0x00000257cbd64000 	C:\Users\YASMINE\.openjfx\cache\23.0.1+4\amd64\api-ms-win-crt-runtime-l1-1-0.dll
0x00000257cbd70000 - 0x00000257cbd74000 	C:\Users\YASMINE\.openjfx\cache\23.0.1+4\amd64\api-ms-win-crt-stdio-l1-1-0.dll
0x00000257cbd80000 - 0x00000257cbd84000 	C:\Users\YASMINE\.openjfx\cache\23.0.1+4\amd64\api-ms-win-crt-string-l1-1-0.dll
0x00000257cbd90000 - 0x00000257cbd93000 	C:\Users\YASMINE\.openjfx\cache\23.0.1+4\amd64\api-ms-win-crt-time-l1-1-0.dll
0x00000257cbda0000 - 0x00000257cbda3000 	C:\Users\YASMINE\.openjfx\cache\23.0.1+4\amd64\api-ms-win-crt-utility-l1-1-0.dll
0x00007ff8172a0000 - 0x00007ff81739c000 	C:\Users\YASMINE\.openjfx\cache\23.0.1+4\amd64\ucrtbase.dll
0x00007ff88c060000 - 0x00007ff88c07b000 	C:\Users\YASMINE\.openjfx\cache\23.0.1+4\amd64\vcruntime140.dll
0x00007ff890fd0000 - 0x00007ff890fdc000 	C:\Users\YASMINE\.openjfx\cache\23.0.1+4\amd64\vcruntime140_1.dll
0x00007ff81a680000 - 0x00007ff81a70e000 	C:\Users\YASMINE\.openjfx\cache\23.0.1+4\amd64\msvcp140.dll
0x00007ff88bfa0000 - 0x00007ff88bfa9000 	C:\Users\YASMINE\.openjfx\cache\23.0.1+4\amd64\msvcp140_1.dll
0x00007ff88b500000 - 0x00007ff88b541000 	C:\Users\YASMINE\.openjfx\cache\23.0.1+4\amd64\msvcp140_2.dll
0x00007ff8344b0000 - 0x00007ff8344c3000 	C:\Users\YASMINE\.openjfx\cache\23.0.1+4\amd64\prism_sw.dll
0x00007ff819150000 - 0x00007ff819195000 	C:\Users\YASMINE\.openjfx\cache\23.0.1+4\amd64\glass.dll
0x00007ff8b6ce0000 - 0x00007ff8b6dcf000 	C:\WINDOWS\System32\COMDLG32.dll
0x00007ff8b2430000 - 0x00007ff8b24db000 	C:\WINDOWS\system32\uxtheme.dll
0x00007ff8b85b0000 - 0x00007ff8b870f000 	C:\WINDOWS\System32\MSCTF.dll
0x00007ff8b8370000 - 0x00007ff8b8420000 	C:\WINDOWS\System32\clbcatq.dll
0x00007ff8a3b00000 - 0x00007ff8a3c56000 	C:\Windows\System32\Windows.UI.dll
0x00007ff8a0ed0000 - 0x00007ff8a101f000 	C:\Windows\System32\Windows.UI.Immersive.dll
0x00007ff82d8d0000 - 0x00007ff82d8e5000 	C:\Users\YASMINE\.openjfx\cache\23.0.1+4\amd64\javafx_font.dll
0x00007ff8b0d90000 - 0x00007ff8b0ff7000 	C:\WINDOWS\SYSTEM32\dwrite.dll
0x00007ff8b0b50000 - 0x00007ff8b0d7f000 	C:\WINDOWS\SYSTEM32\WindowsCodecs.dll
0x00007ff880260000 - 0x00007ff8802ba000 	C:\WINDOWS\system32\dataexchange.dll
0x00007ff8ae260000 - 0x00007ff8ae4a4000 	C:\WINDOWS\system32\twinapi.appcore.dll
0x00007ff81a650000 - 0x00007ff81a67c000 	C:\Program Files\Common Files\Microsoft Shared\Ink\rtscom.dll
0x00007ff89c4a0000 - 0x00007ff89c5e9000 	C:\WINDOWS\SYSTEM32\textinputframework.dll
0x00007ff8b1f20000 - 0x00007ff8b2047000 	C:\WINDOWS\SYSTEM32\CoreMessaging.dll
0x00007ff8ad160000 - 0x00007ff8ad442000 	C:\WINDOWS\SYSTEM32\CoreUIComponents.dll
0x00007ff8b4500000 - 0x00007ff8b450c000 	C:\WINDOWS\SYSTEM32\CRYPTBASE.DLL
0x00007ff886790000 - 0x00007ff886bb1000 	C:\WINDOWS\SYSTEM32\UIAutomationCore.DLL
0x00007ff89ad50000 - 0x00007ff89ae19000 	C:\Windows\System32\OneCoreCommonProxyStub.dll
0x00007ff81c4b0000 - 0x00007ff81c4c8000 	C:\Users\YASMINE\.openjfx\cache\23.0.1+4\amd64\decora_sse.dll
0x00007ff8b3780000 - 0x00007ff8b38ac000 	C:\WINDOWS\SYSTEM32\DNSAPI.dll
0x00007ff8b36f0000 - 0x00007ff8b3724000 	C:\WINDOWS\SYSTEM32\IPHLPAPI.DLL
0x00007ff8b89d0000 - 0x00007ff8b89da000 	C:\WINDOWS\System32\NSI.dll
0x00007ff8aa200000 - 0x00007ff8aa20b000 	C:\Windows\System32\rasadhlp.dll
0x00007ff8aa170000 - 0x00007ff8aa1f6000 	C:\WINDOWS\System32\fwpuclnt.dll
0x00007ff893370000 - 0x00007ff893399000 	C:\WINDOWS\SYSTEM32\edputil.dll
0x00007ff88b0e0000 - 0x00007ff88b0f1000 	C:\WINDOWS\SYSTEM32\wtdccm.dll
0x00007ff8188c0000 - 0x00007ff8188ed000 	C:\Users\YASMINE\.openjfx\cache\23.0.1+4\amd64\javafx_iio.dll
0x00007ff8b5340000 - 0x00007ff8b535b000 	C:\WINDOWS\SYSTEM32\CRYPTSP.dll
0x00007ff8b3ef0000 - 0x00007ff8b3f29000 	C:\WINDOWS\system32\rsaenh.dll
0x00007ff8b42e0000 - 0x00007ff8b430b000 	C:\WINDOWS\SYSTEM32\USERENV.dll
0x00007ff8b5710000 - 0x00007ff8b573a000 	C:\WINDOWS\SYSTEM32\bcrypt.dll
0x00007ff88a480000 - 0x00007ff88a48e000 	C:\java\bin\sunmscapi.dll
0x00007ff8b6ad0000 - 0x00007ff8b6c47000 	C:\WINDOWS\System32\CRYPT32.dll

dbghelp: loaded successfully - version: 4.0.5 - missing functions: none
symbol engine: initialized successfully - sym options: 0x614 - pdb path: .;C:\java\bin;C:\WINDOWS\SYSTEM32;C:\WINDOWS\WinSxS\amd64_microsoft.windows.common-controls_6595b64144ccf1df_6.0.26100.7824_none_3e0870b2e3345462;C:\java\bin\server;C:\Users\YASMINE\.openjfx\cache\23.0.1+4\amd64;C:\Program Files\Common Files\Microsoft Shared\Ink

VM Arguments:
jvm_args: -Dprism.order=sw -Dprism.forceGPU=false --module-path=C:\Users\YASMINE\IdeaProjects\destination\target\classes;C:\Users\YASMINE\.m2\repository\org\json\json\20240303\json-20240303.jar;C:\Users\YASMINE\.m2\repository\org\openjfx\javafx-base\23.0.1\javafx-base-23.0.1-win.jar;C:\Users\YASMINE\.m2\repository\org\openjfx\javafx-controls\23.0.1\javafx-controls-23.0.1-win.jar;C:\Users\YASMINE\.m2\repository\org\openjfx\javafx-fxml\23.0.1\javafx-fxml-23.0.1-win.jar;C:\Users\YASMINE\.m2\repository\org\openjfx\javafx-graphics\23.0.1\javafx-graphics-23.0.1-win.jar;C:\Users\YASMINE\.m2\repository\org\openjfx\javafx-media\23.0.1\javafx-media-23.0.1-win.jar;C:\Users\YASMINE\.m2\repository\org\openjfx\javafx-web\23.0.1\javafx-web-23.0.1-win.jar --add-modules=edu.destination -Djdk.module.main=edu.destination 
java_command: edu.destination/edu.destination.tests.MainFx
java_class_path (initial): C:\Users\YASMINE\.m2\repository\com\google\protobuf\protobuf-java\3.25.1\protobuf-java-3.25.1.jar;C:\Users\YASMINE\.m2\repository\com\mysql\mysql-connector-j\8.3.0\mysql-connector-j-8.3.0.jar;C:\Users\YASMINE\.m2\repository\org\openjfx\javafx-base\23.0.1\javafx-base-23.0.1.jar;C:\Users\YASMINE\.m2\repository\org\openjfx\javafx-controls\23.0.1\javafx-controls-23.0.1.jar;C:\Users\YASMINE\.m2\repository\org\openjfx\javafx-fxml\23.0.1\javafx-fxml-23.0.1.jar;C:\Users\YASMINE\.m2\repository\org\openjfx\javafx-graphics\23.0.1\javafx-graphics-23.0.1.jar;C:\Users\YASMINE\.m2\repository\org\openjfx\javafx-media\23.0.1\javafx-media-23.0.1.jar;C:\Users\YASMINE\.m2\repository\org\openjfx\javafx-web\23.0.1\javafx-web-23.0.1.jar
Launcher Type: SUN_STANDARD

[Global flags]
     intx CICompilerCount                          = 4                                         {product} {ergonomic}
     uint ConcGCThreads                            = 3                                         {product} {ergonomic}
     uint G1ConcRefinementThreads                  = 10                                        {product} {ergonomic}
   size_t G1HeapRegionSize                         = 4194304                                   {product} {ergonomic}
   size_t InitialHeapSize                          = 394264576                                 {product} {ergonomic}
   size_t MarkStackSize                            = 4194304                                   {product} {ergonomic}
   size_t MarkStackSizeMax                         = 536870912                                 {product} {ergonomic}
   size_t MaxHeapSize                              = 6274678784                                {product} {ergonomic}
   size_t MaxNewSize                               = 3762290688                                {product} {ergonomic}
   size_t MinHeapDeltaBytes                        = 4194304                                   {product} {ergonomic}
   size_t MinHeapSize                              = 8388608                                   {product} {ergonomic}
    uintx NonNMethodCodeHeapSize                   = 5832704                                {pd product} {ergonomic}
    uintx NonProfiledCodeHeapSize                  = 122945536                              {pd product} {ergonomic}
    uintx ProfiledCodeHeapSize                     = 122880000                              {pd product} {ergonomic}
    uintx ReservedCodeCacheSize                    = 251658240                              {pd product} {ergonomic}
     bool SegmentedCodeCache                       = true                                      {product} {ergonomic}
   size_t SoftMaxHeapSize                          = 6274678784                             {manageable} {ergonomic}
     bool UseCompressedOops                        = true                           {product lp64_product} {ergonomic}
     bool UseG1GC                                  = true                                      {product} {ergonomic}
     bool UseLargePagesIndividualAllocation        = false                                  {pd product} {ergonomic}

Logging:
Log output configuration:
 #0: stdout all=warning uptime,level,tags foldmultilines=false
 #1: stderr all=off uptime,level,tags foldmultilines=false

Environment Variables:
JAVA_HOME=C:\java
PATH=C:\Program Files (x86)\VMware\VMware Workstation\bin\;C:\xampp\php;C:\oraclexe\app\oracle\product\11.2.0\server\bin;C:\Program Files\Common Files\Oracle\Java\javapath;C:\PySchool\3.10-32-bit\Scripts;C:\PySchool\3.10-32-bit;C:\windows\system32;C:\windows;C:\windows\System32\Wbem;C:\windows\System32\WindowsPowerShell\v1.0\;C:\windows\System32\OpenSSH\;C:\Program Files (x86)\NVIDIA Corporation\PhysX\Common;C:\Program Files\NVIDIA Corporation\NVIDIA NvDLISR;C:\WINDOWS\system32;C:\WINDOWS;C:\WINDOWS\System32\Wbem;C:\WINDOWS\System32\WindowsPowerShell\v1.0\;C:\WINDOWS\System32\OpenSSH\;C:\instantclient_12_2;C:\Program Files\Git\cmd;C:\oraclexe;C:\oraclexe\app\oracle\admin\XE;C:\Program Files\MySQL\MySQL Server 8.0\bin;C:\ProgramData\ComposerSetup\bin;C:\Users\YASMINE\.jdks\jbr-17.0.14\bin;C:\Users\YASMINE\Downloads\apache-maven-3.9.12-bin\apache-maven-3.9.12\bin;C:\Users\YASMINE\scoop\shims;C:\Users\YASMINE\AppData\Local\Microsoft\WindowsApps;C:\Microsoft VS Code\bin;C:\Users\YASMINE\AppData\Local\GitHubDesktop\bin;C:\xampp\php;C:\Users\YASMINE\AppData\Local\ComposerSetup\bin;C:\Users\YASMINE\AppData\Roaming\Composer\vendor\bin
USERNAME=YASMINE
OS=Windows_NT
PROCESSOR_IDENTIFIER=AMD64 Family 23 Model 96 Stepping 1, AuthenticAMD
TMP=C:\Users\YASMINE\AppData\Local\Temp
TEMP=C:\Users\YASMINE\AppData\Local\Temp




Periodic native trim disabled

---------------  S Y S T E M  ---------------

OS:
 Windows 11 , 64 bit Build 26100 (10.0.26100.7705)
OS uptime: 2 days 23:13 hours

CPU: total 12 (initial active 12) (12 cores per cpu, 2 threads per core) family 23 model 96 stepping 1 microcode 0x8600106, cx8, cmov, fxsr, ht, mmx, 3dnowpref, sse, sse2, sse3, ssse3, sse4a, sse4.1, sse4.2, popcnt, lzcnt, tsc, tscinvbit, avx, avx2, aes, clmul, bmi1, bmi2, adx, sha, fma, vzeroupper, clflush, clflushopt, rdtscp, rdpid, f16c
Processor Information for the first 12 processors :
  Max Mhz: 3000, Current Mhz: 3000, Mhz Limit: 3000

Memory: 4k page, system-wide physical 23924M (2431M free)
TotalPageFile size 51132M (AvailPageFile size 422M)
current process WorkingSet (physical memory assigned to process): 655M, peak: 655M
current process commit charge ("private bytes"): 878M, peak: 1524M

vm_info: Java HotSpot(TM) 64-Bit Server VM (23.0.1+11-39) for windows-amd64 JRE (23.0.1+11-39), built on 2024-09-30T07:20:43Z with MS VC++ 17.6 (VS2022)

END.
