#
# There is insufficient memory for the Java Runtime Environment to continue.
# Native memory allocation (mmap) failed to map 394264576 bytes. Error detail: G1 virtual space
# Possible reasons:
#   The system is out of physical RAM or swap space
#   This process is running with CompressedOops enabled, and the Java Heap may be blocking the growth of the native heap
# Possible solutions:
#   Reduce memory load on the system
#   Increase physical memory or swap space
#   Check if swap backing store is full
#   Decrease Java heap size (-Xmx/-Xms)
#   Decrease number of Java threads
#   Decrease Java thread stack sizes (-Xss)
#   Set larger code cache with -XX:ReservedCodeCacheSize=
#   JVM is running with Zero Based Compressed Oops mode in which the Java heap is
#     placed in the first 32GB address space. The Java Heap base address is the
#     maximum limit for the native heap growth. Please use -XX:HeapBaseMinAddress
#     to set the Java Heap base and to place the Java Heap above 32GB virtual address.
# This output file may be truncated or incomplete.
#
#  Out of Memory Error (os_windows.cpp:3703), pid=74968, tid=64172
#
# JRE version:  (23.0.1+11) (build )
# Java VM: Java HotSpot(TM) 64-Bit Server VM (23.0.1+11-39, mixed mode, sharing, tiered, compressed oops, compressed class ptrs, g1 gc, windows-amd64)
# No core dump will be written. Minidumps are not enabled by default on client versions of Windows
#

---------------  S U M M A R Y ------------

Command Line: -Dclassworlds.conf=C:\Program Files\JetBrains\IntelliJ IDEA 2025.2.2\plugins\maven\lib\maven3\bin\m2.conf -Dmaven.home=C:\Program Files\JetBrains\IntelliJ IDEA 2025.2.2\plugins\maven\lib\maven3 -Dlibrary.jansi.path=C:\Program Files\JetBrains\IntelliJ IDEA 2025.2.2\plugins\maven\lib\maven3\lib\jansi-native -Dmaven.multiModuleProjectDirectory=C:\Users\YASMINE\IdeaProjects\destination org.codehaus.plexus.classworlds.launcher.Launcher -Didea.version=2025.2.2 -Dmaven.ext.class.path=C:\Program Files\JetBrains\IntelliJ IDEA 2025.2.2\plugins\maven\lib\maven-event-listener.jar -Djansi.passthrough=true -Dstyle.color=always -Dmaven.repo.local=C:\Users\YASMINE\.m2\repository org.openjfx:javafx-maven-plugin:0.0.8:run -f pom.xml

Host: AMD Ryzen 5 4600H with Radeon Graphics         , 12 cores, 23G,  Windows 11 , 64 bit Build 26100 (10.0.26100.7705)
Time: Sun Mar  1 23:23:31 2026 Afr. centrale Ouest elapsed time: 0.015238 seconds (0d 0h 0m 0s)

---------------  T H R E A D  ---------------

Current thread (0x000002ee3dfff920):  JavaThread "Unknown thread" [_thread_in_vm, id=64172, stack(0x000000ffb6d00000,0x000000ffb6e00000) (1024K)]

Stack: [0x000000ffb6d00000,0x000000ffb6e00000]
Native frames: (J=compiled Java code, j=interpreted, Vv=VM code, C=native code)
V  [jvm.dll+0x6e08b9]  (no source info available)
V  [jvm.dll+0x87dc83]  (no source info available)
V  [jvm.dll+0x88010e]  (no source info available)
V  [jvm.dll+0x8807e3]  (no source info available)
V  [jvm.dll+0x27aee6]  (no source info available)
V  [jvm.dll+0x6dd1c5]  (no source info available)
V  [jvm.dll+0x6d104a]  (no source info available)
V  [jvm.dll+0x35b3ea]  (no source info available)
V  [jvm.dll+0x3637f6]  (no source info available)
V  [jvm.dll+0x34fd5e]  (no source info available)
V  [jvm.dll+0x34fff8]  (no source info available)
V  [jvm.dll+0x3289cc]  (no source info available)
V  [jvm.dll+0x32966e]  (no source info available)
V  [jvm.dll+0x844355]  (no source info available)
V  [jvm.dll+0x3b9848]  (no source info available)
V  [jvm.dll+0x82d14c]  (no source info available)
V  [jvm.dll+0x454d4e]  (no source info available)
V  [jvm.dll+0x456bd1]  (no source info available)
C  [jli.dll+0x52a3]  (no source info available)
C  [ucrtbase.dll+0x37b0]  (no source info available)
C  [KERNEL32.DLL+0x2e8d7]  (no source info available)
C  [ntdll.dll+0x8c40c]  (no source info available)

Lock stack of current Java thread (top to bottom):


---------------  P R O C E S S  ---------------

Threads class SMR info:
_java_thread_list=0x00007fffce3e3618, length=0, elements={
}

Java Threads: ( => current thread )
Total: 0

Other Threads:
  0x000002ee3e080bc0 WorkerThread "GC Thread#0"                     [id=71068, stack(0x000000ffb6e00000,0x000000ffb6f00000) (1024K)]
  0x000002ee3e092a20 ConcurrentGCThread "G1 Main Marker"            [id=55724, stack(0x000000ffb6f00000,0x000000ffb7000000) (1024K)]
  0x000002ee3e0942f0 WorkerThread "G1 Conc#0"                       [id=49532, stack(0x000000ffb7000000,0x000000ffb7100000) (1024K)]

[error occurred during error reporting (printing all threads), id 0xc0000005, EXCEPTION_ACCESS_VIOLATION (0xc0000005) at pc=0x00007fffcdb2bfba]
VM state: not at safepoint (not fully initialized)

VM Mutex/Monitor currently owned by a thread:  ([mutex/lock_event])
[0x00007fffce463a10] Heap_lock - owner thread: 0x000002ee3dfff920

Heap address: 0x000000068a000000, size: 5984 MB, Compressed Oops mode: Zero based, Oop shift amount: 3

CDS archive(s) mapped at: [0x0000000000000000-0x0000000000000000-0x0000000000000000), size 0, SharedBaseAddress: 0x0000000800000000, ArchiveRelocationMode: 1.
Narrow klass base: 0x0000000000000000, Narrow klass shift: 0, Narrow klass range: 0x0

GC Precious Log:
 CardTable entry size: 512
 Card Set container configuration: InlinePtr #cards 4 size 8 Array Of Cards #cards 32 size 80 Howl #buckets 8 coarsen threshold 7372 Howl Bitmap #cards 1024 size 144 coarsen threshold 921 Card regions per heap region 1 cards per card region 8192

Heap:
 garbage-first heap   total reserved 6127616K, committed 0K, used 0K [0x000000068a000000, 0x0000000800000000)
  region size 4096K, 0 young (0K), 0 survivors (0K)

[error occurred during error reporting (printing heap information), id 0xc0000005, EXCEPTION_ACCESS_VIOLATION (0xc0000005) at pc=0x00007fffcdf2c3c9]
GC Heap History (0 events):
No events

Dll operation events (1 events):
Event: 0.011 Loaded shared library C:\java\bin\java.dll

Deoptimization events (0 events):
No events

Classes loaded (0 events):
No events

Classes unloaded (0 events):
No events

Classes redefined (0 events):
No events

Internal exceptions (0 events):
No events

VM Operations (0 events):
No events

Memory protections (0 events):
No events

Nmethod flushes (0 events):
No events

Events (0 events):
No events


Dynamic libraries:
0x00007ff6cf1e0000 - 0x00007ff6cf1f0000 	C:\java\bin\java.exe
0x00007ff8b8f40000 - 0x00007ff8b91a8000 	C:\WINDOWS\SYSTEM32\ntdll.dll
0x00007ff8b8cc0000 - 0x00007ff8b8d89000 	C:\WINDOWS\System32\KERNEL32.DLL
0x00007ff8b5b50000 - 0x00007ff8b5f41000 	C:\WINDOWS\System32\KERNELBASE.dll
0x00007ff8b5820000 - 0x00007ff8b596b000 	C:\WINDOWS\System32\ucrtbase.dll
0x00007ff8965b0000 - 0x00007ff8965c7000 	C:\java\bin\jli.dll
0x00007ff896590000 - 0x00007ff8965ab000 	C:\java\bin\VCRUNTIME140.dll
0x00007ff8b81a0000 - 0x00007ff8b8366000 	C:\WINDOWS\System32\USER32.dll
0x00007ff8b60c0000 - 0x00007ff8b60e7000 	C:\WINDOWS\System32\win32u.dll
0x00007ff8b4920000 - 0x00007ff8b4bb3000 	C:\WINDOWS\WinSxS\amd64_microsoft.windows.common-controls_6595b64144ccf1df_6.0.26100.7824_none_3e0870b2e3345462\COMCTL32.dll
0x00007ff8b8170000 - 0x00007ff8b819b000 	C:\WINDOWS\System32\GDI32.dll
0x00007ff8b8720000 - 0x00007ff8b87c9000 	C:\WINDOWS\System32\msvcrt.dll
0x00007ff8b5a20000 - 0x00007ff8b5b4b000 	C:\WINDOWS\System32\gdi32full.dll
0x00007ff8b5970000 - 0x00007ff8b5a13000 	C:\WINDOWS\System32\msvcp_win.dll
0x00007ff8b8da0000 - 0x00007ff8b8dd1000 	C:\WINDOWS\System32\IMM32.DLL
0x00007ff8964e0000 - 0x00007ff8964ec000 	C:\java\bin\vcruntime140_1.dll
0x00007ff81aa60000 - 0x00007ff81aaee000 	C:\java\bin\msvcp140.dll
0x00007fffcd7f0000 - 0x00007fffce53f000 	C:\java\bin\server\jvm.dll
0x00007ff8b84e0000 - 0x00007ff8b8594000 	C:\WINDOWS\System32\ADVAPI32.dll
0x00007ff8b8430000 - 0x00007ff8b84d6000 	C:\WINDOWS\System32\sechost.dll
0x00007ff8b8de0000 - 0x00007ff8b8ef8000 	C:\WINDOWS\System32\RPCRT4.dll
0x00007ff8b8a60000 - 0x00007ff8b8ad4000 	C:\WINDOWS\System32\WS2_32.dll
0x00007ff8b5680000 - 0x00007ff8b56de000 	C:\WINDOWS\SYSTEM32\POWRPROF.dll
0x00007ff8ac500000 - 0x00007ff8ac535000 	C:\WINDOWS\SYSTEM32\WINMM.dll
0x00007ff8acd80000 - 0x00007ff8acd8b000 	C:\WINDOWS\SYSTEM32\VERSION.dll
0x00007ff8b5660000 - 0x00007ff8b5674000 	C:\WINDOWS\SYSTEM32\UMPDC.dll
0x00007ff8b3c90000 - 0x00007ff8b3cab000 	C:\WINDOWS\SYSTEM32\kernel.appcore.dll
0x00007ff8964d0000 - 0x00007ff8964da000 	C:\java\bin\jimage.dll
0x00007ff8b4ff0000 - 0x00007ff8b5232000 	C:\WINDOWS\SYSTEM32\DBGHELP.DLL
0x00007ff8b76e0000 - 0x00007ff8b7a66000 	C:\WINDOWS\System32\combase.dll
0x00007ff8b8090000 - 0x00007ff8b8167000 	C:\WINDOWS\System32\OLEAUT32.dll
0x00007ff8b4ec0000 - 0x00007ff8b4efb000 	C:\WINDOWS\SYSTEM32\dbgcore.DLL
0x00007ff8b6960000 - 0x00007ff8b6a05000 	C:\WINDOWS\System32\bcryptPrimitives.dll
0x00007ff8964b0000 - 0x00007ff8964ce000 	C:\java\bin\java.dll
0x00007ff8b6de0000 - 0x00007ff8b6f77000 	C:\WINDOWS\System32\ole32.dll
0x00007ff8b6f80000 - 0x00007ff8b76d2000 	C:\WINDOWS\System32\SHELL32.dll
0x00007ff8b5f50000 - 0x00007ff8b60ba000 	C:\WINDOWS\System32\wintypes.dll

dbghelp: loaded successfully - version: 4.0.5 - missing functions: none
symbol engine: initialized successfully - sym options: 0x614 - pdb path: .;C:\java\bin;C:\WINDOWS\SYSTEM32;C:\WINDOWS\WinSxS\amd64_microsoft.windows.common-controls_6595b64144ccf1df_6.0.26100.7824_none_3e0870b2e3345462;C:\java\bin\server

VM Arguments:
jvm_args: -Dclassworlds.conf=C:\Program Files\JetBrains\IntelliJ IDEA 2025.2.2\plugins\maven\lib\maven3\bin\m2.conf -Dmaven.home=C:\Program Files\JetBrains\IntelliJ IDEA 2025.2.2\plugins\maven\lib\maven3 -Dlibrary.jansi.path=C:\Program Files\JetBrains\IntelliJ IDEA 2025.2.2\plugins\maven\lib\maven3\lib\jansi-native -Dmaven.multiModuleProjectDirectory=C:\Users\YASMINE\IdeaProjects\destination 
java_command: org.codehaus.plexus.classworlds.launcher.Launcher -Didea.version=2025.2.2 -Dmaven.ext.class.path=C:\Program Files\JetBrains\IntelliJ IDEA 2025.2.2\plugins\maven\lib\maven-event-listener.jar -Djansi.passthrough=true -Dstyle.color=always -Dmaven.repo.local=C:\Users\YASMINE\.m2\repository org.openjfx:javafx-maven-plugin:0.0.8:run -f pom.xml
java_class_path (initial): C:\Program Files\JetBrains\IntelliJ IDEA 2025.2.2\plugins\maven\lib\maven3\boot\plexus-classworlds-2.8.0.jar
Launcher Type: SUN_STANDARD

[Global flags]
     intx CICompilerCount                          = 4                                         {product} {ergonomic}
     uint ConcGCThreads                            = 3                                         {product} {ergonomic}
     uint G1ConcRefinementThreads                  = 10                                        {product} {ergonomic}
   size_t G1HeapRegionSize                         = 4194304                                   {product} {ergonomic}
   size_t InitialHeapSize                          = 394264576                                 {product} {ergonomic}
   size_t MarkStackSize                            = 4194304                                   {product} {ergonomic}
   size_t MarkStackSizeMax                         = 536870912                                 {product} {ergonomic}
   size_t MaxHeapSize                              = 6274678784                                {product} {ergonomic}
   size_t MinHeapDeltaBytes                        = 4194304                                   {product} {ergonomic}
   size_t MinHeapSize                              = 8388608                                   {product} {ergonomic}
    uintx NonNMethodCodeHeapSize                   = 5832704                                {pd product} {ergonomic}
    uintx NonProfiledCodeHeapSize                  = 122945536                              {pd product} {ergonomic}
    uintx ProfiledCodeHeapSize                     = 122880000                              {pd product} {ergonomic}
    uintx ReservedCodeCacheSize                    = 251658240                              {pd product} {ergonomic}
     bool SegmentedCodeCache                       = true                                      {product} {ergonomic}
   size_t SoftMaxHeapSize                          = 6274678784                             {manageable} {ergonomic}
     bool UseCompressedOops                        = true                           {product lp64_product} {ergonomic}
     bool UseG1GC                                  = true                                      {product} {ergonomic}
     bool UseLargePagesIndividualAllocation        = false                                  {pd product} {ergonomic}

Logging:
Log output configuration:
 #0: stdout all=warning uptime,level,tags foldmultilines=false
 #1: stderr all=off uptime,level,tags foldmultilines=false

Environment Variables:
JAVA_HOME=C:\java
PATH=C:\Program Files (x86)\VMware\VMware Workstation\bin\;C:\xampp\php;C:\oraclexe\app\oracle\product\11.2.0\server\bin;C:\Program Files\Common Files\Oracle\Java\javapath;C:\PySchool\3.10-32-bit\Scripts;C:\PySchool\3.10-32-bit;C:\windows\system32;C:\windows;C:\windows\System32\Wbem;C:\windows\System32\WindowsPowerShell\v1.0\;C:\windows\System32\OpenSSH\;C:\Program Files (x86)\NVIDIA Corporation\PhysX\Common;C:\Program Files\NVIDIA Corporation\NVIDIA NvDLISR;C:\WINDOWS\system32;C:\WINDOWS;C:\WINDOWS\System32\Wbem;C:\WINDOWS\System32\WindowsPowerShell\v1.0\;C:\WINDOWS\System32\OpenSSH\;C:\instantclient_12_2;C:\Program Files\Git\cmd;C:\oraclexe;C:\oraclexe\app\oracle\admin\XE;C:\Program Files\MySQL\MySQL Server 8.0\bin;C:\ProgramData\ComposerSetup\bin;C:\Users\YASMINE\.jdks\jbr-17.0.14\bin;C:\Users\YASMINE\Downloads\apache-maven-3.9.12-bin\apache-maven-3.9.12\bin;C:\Users\YASMINE\scoop\shims;C:\Users\YASMINE\AppData\Local\Microsoft\WindowsApps;C:\Microsoft VS Code\bin;C:\Users\YASMINE\AppData\Local\GitHubDesktop\bin;C:\xampp\php;C:\Users\YASMINE\AppData\Local\ComposerSetup\bin;C:\Users\YASMINE\AppData\Roaming\Composer\vendor\bin
USERNAME=YASMINE
OS=Windows_NT
PROCESSOR_IDENTIFIER=AMD64 Family 23 Model 96 Stepping 1, AuthenticAMD
TMP=C:\Users\YASMINE\AppData\Local\Temp
TEMP=C:\Users\YASMINE\AppData\Local\Temp




Periodic native trim disabled

---------------  S Y S T E M  ---------------

OS:
 Windows 11 , 64 bit Build 26100 (10.0.26100.7705)
OS uptime: 3 days 1:03 hours

CPU: total 12 (initial active 12) (12 cores per cpu, 2 threads per core) family 23 model 96 stepping 1 microcode 0x8600106, cx8, cmov, fxsr, ht, mmx, 3dnowpref, sse, sse2, sse3, ssse3, sse4a, sse4.1, sse4.2, popcnt, lzcnt, tsc, tscinvbit, avx, avx2, aes, clmul, bmi1, bmi2, adx, sha, fma, vzeroupper, clflush, clflushopt, rdtscp, rdpid, f16c
Processor Information for the first 12 processors :
  Max Mhz: 3000, Current Mhz: 3000, Mhz Limit: 3000

Memory: 4k page, system-wide physical 23924M (2781M free)
TotalPageFile size 53442M (AvailPageFile size 495M)
current process WorkingSet (physical memory assigned to process): 13M, peak: 13M
current process commit charge ("private bytes"): 65M, peak: 440M

vm_info: Java HotSpot(TM) 64-Bit Server VM (23.0.1+11-39) for windows-amd64 JRE (23.0.1+11-39), built on 2024-09-30T07:20:43Z with MS VC++ 17.6 (VS2022)

END.
