#
# There is insufficient memory for the Java Runtime Environment to continue.
# Native memory allocation (mmap) failed to map 65536 bytes. Error detail: Failed to commit metaspace.
# Possible reasons:
#   The system is out of physical RAM or swap space
#   This process is running with CompressedOops enabled, and the Java Heap may be blocking the growth of the native heap
# Possible solutions:
#   Reduce memory load on the system
#   Increase physical memory or swap space
#   Check if swap backing store is full
#   Decrease Java heap size (-Xmx/-Xms)
#   Decrease number of Java threads
#   Decrease Java thread stack sizes (-Xss)
#   Set larger code cache with -XX:ReservedCodeCacheSize=
#   JVM is running with Zero Based Compressed Oops mode in which the Java heap is
#     placed in the first 32GB address space. The Java Heap base address is the
#     maximum limit for the native heap growth. Please use -XX:HeapBaseMinAddress
#     to set the Java Heap base and to place the Java Heap above 32GB virtual address.
# This output file may be truncated or incomplete.
#
#  Out of Memory Error (virtualSpaceNode.cpp:113), pid=85668, tid=82544
#
# JRE version: Java(TM) SE Runtime Environment (23.0.1+11) (build 23.0.1+11-39)
# Java VM: Java HotSpot(TM) 64-Bit Server VM (23.0.1+11-39, mixed mode, tiered, compressed oops, compressed class ptrs, g1 gc, windows-amd64)
# No core dump will be written. Minidumps are not enabled by default on client versions of Windows
#

---------------  S U M M A R Y ------------

Command Line: -Dclassworlds.conf=C:\Program Files\JetBrains\IntelliJ IDEA 2025.2.2\plugins\maven\lib\maven3\bin\m2.conf -Dmaven.home=C:\Program Files\JetBrains\IntelliJ IDEA 2025.2.2\plugins\maven\lib\maven3 -Dlibrary.jansi.path=C:\Program Files\JetBrains\IntelliJ IDEA 2025.2.2\plugins\maven\lib\maven3\lib\jansi-native -Dmaven.multiModuleProjectDirectory=C:\Users\YASMINE\IdeaProjects\destination org.codehaus.plexus.classworlds.launcher.Launcher -Didea.version=2025.2.2 -Dmaven.ext.class.path=C:\Program Files\JetBrains\IntelliJ IDEA 2025.2.2\plugins\maven\lib\maven-event-listener.jar -Djansi.passthrough=true -Dstyle.color=always -Dmaven.repo.local=C:\Users\YASMINE\.m2\repository org.openjfx:javafx-maven-plugin:0.0.8:run -f pom.xml

Host: AMD Ryzen 5 4600H with Radeon Graphics         , 12 cores, 23G,  Windows 11 , 64 bit Build 26100 (10.0.26100.7623)
Time: Sun Feb 15 19:04:39 2026 Afr. centrale Ouest elapsed time: 0.125720 seconds (0d 0h 0m 0s)

---------------  T H R E A D  ---------------

Current thread (0x00000220c8b14540):  JavaThread "main"             [_thread_in_vm, id=82544, stack(0x0000009c24600000,0x0000009c24700000) (1024K)]

Stack: [0x0000009c24600000,0x0000009c24700000]
Native frames: (J=compiled Java code, j=interpreted, Vv=VM code, C=native code)
V  [jvm.dll+0x6e08b9]  (no source info available)
V  [jvm.dll+0x87dc83]  (no source info available)
V  [jvm.dll+0x88010e]  (no source info available)
V  [jvm.dll+0x8807e3]  (no source info available)
V  [jvm.dll+0x27aee6]  (no source info available)
V  [jvm.dll+0x87988e]  (no source info available)
V  [jvm.dll+0x682035]  (no source info available)
V  [jvm.dll+0x68209a]  (no source info available)
V  [jvm.dll+0x6848da]  (no source info available)
V  [jvm.dll+0x2219dc]  (no source info available)
V  [jvm.dll+0x682a4e]  (no source info available)
V  [jvm.dll+0x307be1]  (no source info available)
V  [jvm.dll+0x2135e3]  (no source info available)
V  [jvm.dll+0x208137]  (no source info available)
V  [jvm.dll+0x5be6df]  (no source info available)
V  [jvm.dll+0x219b2b]  (no source info available)
V  [jvm.dll+0x7f3130]  (no source info available)
V  [jvm.dll+0x7f41d6]  (no source info available)
V  [jvm.dll+0x7f47e4]  (no source info available)
V  [jvm.dll+0x7f4468]  (no source info available)
V  [jvm.dll+0x2689cb]  (no source info available)
V  [jvm.dll+0x3d1e3e]  (no source info available)
C  0x00000220dac0ae1f  (no source info available)

The last pc belongs to new (printed below).
Java frames: (J=compiled Java code, j=interpreted, Vv=VM code)
j  jdk.internal.loader.URLClassPath$JarLoader.getJarFile(Ljava/net/URL;)Ljava/util/jar/JarFile;+36 java.base@23.0.1
j  jdk.internal.loader.URLClassPath$JarLoader$1.run()Ljava/lang/Void;+55 java.base@23.0.1
j  jdk.internal.loader.URLClassPath$JarLoader$1.run()Ljava/lang/Object;+1 java.base@23.0.1
j  java.security.AccessController.executePrivileged(Ljava/security/PrivilegedExceptionAction;Ljava/security/AccessControlContext;Ljava/lang/Class;)Ljava/lang/Object;+29 java.base@23.0.1
j  java.security.AccessController.doPrivileged(Ljava/security/PrivilegedExceptionAction;Ljava/security/AccessControlContext;)Ljava/lang/Object;+13 java.base@23.0.1
j  jdk.internal.loader.URLClassPath$JarLoader.ensureOpen()V+19 java.base@23.0.1
j  jdk.internal.loader.URLClassPath$JarLoader.<init>(Ljava/net/URL;Ljava/net/URLStreamHandler;Ljava/security/AccessControlContext;)V+48 java.base@23.0.1
j  jdk.internal.loader.URLClassPath$3.run()Ljdk/internal/loader/URLClassPath$Loader;+154 java.base@23.0.1
j  jdk.internal.loader.URLClassPath$3.run()Ljava/lang/Object;+1 java.base@23.0.1
j  java.security.AccessController.executePrivileged(Ljava/security/PrivilegedExceptionAction;Ljava/security/AccessControlContext;Ljava/lang/Class;)Ljava/lang/Object;+29 java.base@23.0.1
j  java.security.AccessController.doPrivileged(Ljava/security/PrivilegedExceptionAction;Ljava/security/AccessControlContext;)Ljava/lang/Object;+13 java.base@23.0.1
j  jdk.internal.loader.URLClassPath.getLoader(Ljava/net/URL;)Ljdk/internal/loader/URLClassPath$Loader;+13 java.base@23.0.1
j  jdk.internal.loader.URLClassPath.getLoader(I)Ljdk/internal/loader/URLClassPath$Loader;+81 java.base@23.0.1
j  jdk.internal.loader.URLClassPath.getResource(Ljava/lang/String;Z)Ljdk/internal/loader/Resource;+42 java.base@23.0.1
j  jdk.internal.loader.BuiltinClassLoader.findClassOnClassPathOrNull(Ljava/lang/String;)Ljava/lang/Class;+26 java.base@23.0.1
j  jdk.internal.loader.BuiltinClassLoader.loadClassOrNull(Ljava/lang/String;Z)Ljava/lang/Class;+111 java.base@23.0.1
j  jdk.internal.loader.BuiltinClassLoader.loadClass(Ljava/lang/String;Z)Ljava/lang/Class;+3 java.base@23.0.1
j  jdk.internal.loader.ClassLoaders$AppClassLoader.loadClass(Ljava/lang/String;Z)Ljava/lang/Class;+36 java.base@23.0.1
j  java.lang.ClassLoader.loadClass(Ljava/lang/String;)Ljava/lang/Class;+3 java.base@23.0.1
v  ~StubRoutines::call_stub 0x00000220dabf0fcd
j  java.lang.Class.forName0(Ljava/lang/String;ZLjava/lang/ClassLoader;Ljava/lang/Class;)Ljava/lang/Class;+0 java.base@23.0.1
j  java.lang.Class.forName(Ljava/lang/String;ZLjava/lang/ClassLoader;Ljava/lang/Class;)Ljava/lang/Class;+37 java.base@23.0.1
j  java.lang.Class.forName(Ljava/lang/String;ZLjava/lang/ClassLoader;)Ljava/lang/Class;+20 java.base@23.0.1
j  sun.launcher.LauncherHelper.loadMainClass(ILjava/lang/String;)Ljava/lang/Class;+130 java.base@23.0.1
j  sun.launcher.LauncherHelper.checkAndLoadMain(ZILjava/lang/String;)Ljava/lang/Class;+42 java.base@23.0.1
v  ~StubRoutines::call_stub 0x00000220dabf0fcd
Lock stack of current Java thread (top to bottom):
LockStack[1]: jdk.internal.loader.URLClassPath 
{0x00000006a14604f8} - klass: 'jdk/internal/loader/URLClassPath'
 - ---- fields (total size 5 words):
 - private 'closed' 'Z' @12  false (0x00)
 - private final 'path' 'Ljava/util/ArrayList;' @16  a 'java/util/ArrayList'{0x00000006a1460568} (0xd428c0ad)
 - private final 'unopenedUrls' 'Ljava/util/ArrayDeque;' @20  a 'java/util/ArrayDeque'{0x00000006a1461808} (0xd428c301)
 - private final 'loaders' 'Ljava/util/ArrayList;' @24  a 'java/util/ArrayList'{0x00000006a1460520} (0xd428c0a4)
 - private final 'lmap' 'Ljava/util/HashMap;' @28  a 'java/util/HashMap'{0x00000006a1460538} (0xd428c0a7)
 - private final 'jarHandler' 'Ljava/net/URLStreamHandler;' @32  a 'sun/net/www/protocol/jar/Handler'{0x00000006a1461948} (0xd428c329)
 - private final 'acc' 'Ljava/security/AccessControlContext;' @36  null (0x00000000)
LockStack[0]: java.lang.Object 
{0x00000006a15847b8} - klass: 'java/lang/Object'
 - ---- fields (total size 2 words):

new  187 new  [0x00000220dac0aca0, 0x00000220dac0aea8]  520 bytes
[MachCode]
  0x00000220dac0aca0: 4883 ec08 | c5fa 1104 | 24eb 1f48 | 83ec 10c5 | fb11 0424 | eb14 4883 | ec10 4889 | 0424 48c7 
  0x00000220dac0acc0: 4424 0800 | 0000 00eb | 0150 410f | b755 010f | cac1 ea10 | 488b 4de8 | 488b 4908 | 488b 4908 
  0x00000220dac0ace0: 488b 4108 | 807c 1004 | 070f 85d3 | 0000 0066 | 8b54 d148 | 488b 4928 | 488b 4cd1 | 0851 80b9 
  0x00000220dac0ad00: 3101 0000 | 040f 840d | 0000 004c | 3bb9 3801 | 0000 0f85 | a900 0000 | 8b51 08f6 | c201 0f85 
  0x00000220dac0ad20: 9d00 0000 | 498b 87b8 | 0100 0048 | 8d1c 1049 | 3b9f c801 | 0000 0f87 | 8500 0000 | 4989 9fb8 
  0x00000220dac0ad40: 0100 0048 | 83ea 100f | 840f 0000 | 0033 c9c1 | ea03 4889 | 4cd0 0848 | ffca 75f6 | 48c7 0001 
  0x00000220dac0ad60: 0000 0059 | 33f6 8970 | 0c89 4808 | 49ba 42ad | e40e fb7f | 0000 4180 | 3a00 0f84 | 3c00 0000 
  0x00000220dac0ad80: 5048 8bc8 | 4883 ec20 | 40f6 c40f | 0f84 1900 | 0000 4883 | ec08 48b8 | 50ee 940e | fb7f 0000 
  0x00000220dac0ada0: ffd0 4883 | c408 e90c | 0000 0048 | b850 ee94 | 0efb 7f00 | 00ff d048 | 83c4 2058 | e9cb 0000 
  0x00000220dac0adc0: 0059 488b | 55e8 488b | 5208 488b | 5208 450f | b745 0141 | 0fc8 41c1 | e810 e805 | 0000 00e9 
  0x00000220dac0ade0: a800 0000 | 488d 4424 | 084c 896d | c049 8bcf | c5f8 7749 | 89af b003 | 0000 4989 | 87a0 0300 
  0x00000220dac0ae00: 0048 83ec | 2040 f6c4 | 0f0f 8419 | 0000 0048 | 83ec 0848 | b8f0 1d5d | 0efb 7f00 | 00ff d048 
  0x00000220dac0ae20: 83c4 08e9 | 0c00 0000 | 48b8 f01d | 5d0e fb7f | 0000 ffd0 | 4883 c420 | 49c7 87a0 | 0300 0000 
  0x00000220dac0ae40: 0000 0049 | c787 b003 | 0000 0000 | 0000 49c7 | 87a8 0300 | 0000 0000 | 00c5 f877 | 4983 7f08 
  0x00000220dac0ae60: 000f 8405 | 0000 00e9 | 5460 feff | 498b 87f8 | 0300 0049 | c787 f803 | 0000 0000 | 0000 4c8b 
  0x00000220dac0ae80: 6dc0 4c8b | 75c8 4e8d | 74f5 00c3 | 410f b65d | 0349 83c5 | 0349 ba50 | 76e8 0efb | 7f00 0041 
  0x00000220dac0aea0: ff24 da0f | 1f44 0000 
[/MachCode]

---------------  P R O C E S S  ---------------

Threads class SMR info:
_java_thread_list=0x000002208424c420, length=10, elements={
0x00000220c8b14540, 0x00000220840a04d0, 0x000002208408bf50, 0x0000022084091810,
0x0000022084092270, 0x0000022084092e80, 0x0000022084093a90, 0x00000220840d2440,
0x00000220840d3ce0, 0x0000022084270e30
}

Java Threads: ( => current thread )
=>0x00000220c8b14540 JavaThread "main"                              [_thread_in_vm, id=82544, stack(0x0000009c24600000,0x0000009c24700000) (1024K)]
  0x00000220840a04d0 JavaThread "Reference Handler"          daemon [_thread_blocked, id=90968, stack(0x0000009c24e00000,0x0000009c24f00000) (1024K)]
  0x000002208408bf50 JavaThread "Finalizer"                  daemon [_thread_blocked, id=99160, stack(0x0000009c24f00000,0x0000009c25000000) (1024K)]
  0x0000022084091810 JavaThread "Signal Dispatcher"          daemon [_thread_blocked, id=40168, stack(0x0000009c25000000,0x0000009c25100000) (1024K)]
  0x0000022084092270 JavaThread "Attach Listener"            daemon [_thread_blocked, id=97456, stack(0x0000009c25100000,0x0000009c25200000) (1024K)]
  0x0000022084092e80 JavaThread "Service Thread"             daemon [_thread_blocked, id=94736, stack(0x0000009c25200000,0x0000009c25300000) (1024K)]
  0x0000022084093a90 JavaThread "Monitor Deflation Thread"   daemon [_thread_blocked, id=76480, stack(0x0000009c25300000,0x0000009c25400000) (1024K)]
  0x00000220840d2440 JavaThread "C2 CompilerThread0"         daemon [_thread_blocked, id=53984, stack(0x0000009c25400000,0x0000009c25500000) (1024K)]
  0x00000220840d3ce0 JavaThread "C1 CompilerThread0"         daemon [_thread_in_vm, id=97460, stack(0x0000009c25500000,0x0000009c25600000) (1024K)]
  0x0000022084270e30 JavaThread "Notification Thread"        daemon [_thread_blocked, id=93684, stack(0x0000009c25600000,0x0000009c25700000) (1024K)]
Total: 10

Other Threads:
  0x0000022084020c40 VMThread "VM Thread"                           [id=86604, stack(0x0000009c24d00000,0x0000009c24e00000) (1024K)]
  0x00000220ec9f94d0 WatcherThread "VM Periodic Task Thread"        [id=79176, stack(0x0000009c24c00000,0x0000009c24d00000) (1024K)]
  0x00000220cb017760 WorkerThread "GC Thread#0"                     [id=97708, stack(0x0000009c24700000,0x0000009c24800000) (1024K)]
  0x00000220cb028fb0 ConcurrentGCThread "G1 Main Marker"            [id=98176, stack(0x0000009c24800000,0x0000009c24900000) (1024K)]
  0x00000220cb02b180 WorkerThread "G1 Conc#0"                       [id=89604, stack(0x0000009c24900000,0x0000009c24a00000) (1024K)]
  0x00000220ec8ce150 ConcurrentGCThread "G1 Refine#0"               [id=94992, stack(0x0000009c24a00000,0x0000009c24b00000) (1024K)]
  0x00000220ec8cea80 ConcurrentGCThread "G1 Service"                [id=27676, stack(0x0000009c24b00000,0x0000009c24c00000) (1024K)]
Total: 7

Threads with active compile tasks:
C1 CompilerThread0  210   76       3       java.lang.StringLatin1::canEncode (13 bytes)
Total: 1

VM state: not at safepoint (normal execution)

VM Mutex/Monitor currently owned by a thread:  ([mutex/lock_event])
[0x00007ffb0ee71890] Metaspace_lock - owner thread: 0x00000220c8b14540

Heap address: 0x000000068a000000, size: 5984 MB, Compressed Oops mode: Zero based, Oop shift amount: 3

CDS archive(s) not mapped
Compressed class space mapped at: 0x00000000ae000000-0x00000000ee000000, reserved size: 1073741824
Narrow klass base: 0x0000000000000000, Narrow klass shift: 0, Narrow klass range: 0xee000000

GC Precious Log:
 CardTable entry size: 512
 Card Set container configuration: InlinePtr #cards 4 size 8 Array Of Cards #cards 32 size 80 Howl #buckets 8 coarsen threshold 7372 Howl Bitmap #cards 1024 size 144 coarsen threshold 921 Card regions per heap region 1 cards per card region 8192
 CPUs: 12 total, 12 available
 Memory: 23924M
 Large Page Support: Disabled
 NUMA Support: Disabled
 Compressed Oops: Enabled (Zero based)
 Heap Region Size: 4M
 Heap Min Capacity: 8M
 Heap Initial Capacity: 376M
 Heap Max Capacity: 5984M
 Pre-touch: Disabled
 Parallel Workers: 10
 Concurrent Workers: 3
 Concurrent Refinement Workers: 10
 Periodic GC: Disabled

Heap:
 garbage-first heap   total reserved 6127616K, committed 385024K, used 0K [0x000000068a000000, 0x0000000800000000)
  region size 4096K, 1 young (4096K), 0 survivors (0K)
 Metaspace       used 4241K, committed 4288K, reserved 1114112K
  class space    used 337K, committed 384K, reserved 1048576K

Heap Regions: E=young(eden), S=young(survivor), O=old, HS=humongous(starts), HC=humongous(continues), CS=collection set, F=free, TAMS=top-at-mark-start, PB=parsable bottom
|   0|0x000000068a000000, 0x000000068a000000, 0x000000068a400000|  0%| F|  |TAMS 0x000000068a000000| PB 0x000000068a000000| Untracked |  0
|   1|0x000000068a400000, 0x000000068a400000, 0x000000068a800000|  0%| F|  |TAMS 0x000000068a400000| PB 0x000000068a400000| Untracked |  0
|   2|0x000000068a800000, 0x000000068a800000, 0x000000068ac00000|  0%| F|  |TAMS 0x000000068a800000| PB 0x000000068a800000| Untracked |  0
|   3|0x000000068ac00000, 0x000000068ac00000, 0x000000068b000000|  0%| F|  |TAMS 0x000000068ac00000| PB 0x000000068ac00000| Untracked |  0
|   4|0x000000068b000000, 0x000000068b000000, 0x000000068b400000|  0%| F|  |TAMS 0x000000068b000000| PB 0x000000068b000000| Untracked |  0
|   5|0x000000068b400000, 0x000000068b400000, 0x000000068b800000|  0%| F|  |TAMS 0x000000068b400000| PB 0x000000068b400000| Untracked |  0
|   6|0x000000068b800000, 0x000000068b800000, 0x000000068bc00000|  0%| F|  |TAMS 0x000000068b800000| PB 0x000000068b800000| Untracked |  0
|   7|0x000000068bc00000, 0x000000068bc00000, 0x000000068c000000|  0%| F|  |TAMS 0x000000068bc00000| PB 0x000000068bc00000| Untracked |  0
|   8|0x000000068c000000, 0x000000068c000000, 0x000000068c400000|  0%| F|  |TAMS 0x000000068c000000| PB 0x000000068c000000| Untracked |  0
|   9|0x000000068c400000, 0x000000068c400000, 0x000000068c800000|  0%| F|  |TAMS 0x000000068c400000| PB 0x000000068c400000| Untracked |  0
|  10|0x000000068c800000, 0x000000068c800000, 0x000000068cc00000|  0%| F|  |TAMS 0x000000068c800000| PB 0x000000068c800000| Untracked |  0
|  11|0x000000068cc00000, 0x000000068cc00000, 0x000000068d000000|  0%| F|  |TAMS 0x000000068cc00000| PB 0x000000068cc00000| Untracked |  0
|  12|0x000000068d000000, 0x000000068d000000, 0x000000068d400000|  0%| F|  |TAMS 0x000000068d000000| PB 0x000000068d000000| Untracked |  0
|  13|0x000000068d400000, 0x000000068d400000, 0x000000068d800000|  0%| F|  |TAMS 0x000000068d400000| PB 0x000000068d400000| Untracked |  0
|  14|0x000000068d800000, 0x000000068d800000, 0x000000068dc00000|  0%| F|  |TAMS 0x000000068d800000| PB 0x000000068d800000| Untracked |  0
|  15|0x000000068dc00000, 0x000000068dc00000, 0x000000068e000000|  0%| F|  |TAMS 0x000000068dc00000| PB 0x000000068dc00000| Untracked |  0
|  16|0x000000068e000000, 0x000000068e000000, 0x000000068e400000|  0%| F|  |TAMS 0x000000068e000000| PB 0x000000068e000000| Untracked |  0
|  17|0x000000068e400000, 0x000000068e400000, 0x000000068e800000|  0%| F|  |TAMS 0x000000068e400000| PB 0x000000068e400000| Untracked |  0
|  18|0x000000068e800000, 0x000000068e800000, 0x000000068ec00000|  0%| F|  |TAMS 0x000000068e800000| PB 0x000000068e800000| Untracked |  0
|  19|0x000000068ec00000, 0x000000068ec00000, 0x000000068f000000|  0%| F|  |TAMS 0x000000068ec00000| PB 0x000000068ec00000| Untracked |  0
|  20|0x000000068f000000, 0x000000068f000000, 0x000000068f400000|  0%| F|  |TAMS 0x000000068f000000| PB 0x000000068f000000| Untracked |  0
|  21|0x000000068f400000, 0x000000068f400000, 0x000000068f800000|  0%| F|  |TAMS 0x000000068f400000| PB 0x000000068f400000| Untracked |  0
|  22|0x000000068f800000, 0x000000068f800000, 0x000000068fc00000|  0%| F|  |TAMS 0x000000068f800000| PB 0x000000068f800000| Untracked |  0
|  23|0x000000068fc00000, 0x000000068fc00000, 0x0000000690000000|  0%| F|  |TAMS 0x000000068fc00000| PB 0x000000068fc00000| Untracked |  0
|  24|0x0000000690000000, 0x0000000690000000, 0x0000000690400000|  0%| F|  |TAMS 0x0000000690000000| PB 0x0000000690000000| Untracked |  0
|  25|0x0000000690400000, 0x0000000690400000, 0x0000000690800000|  0%| F|  |TAMS 0x0000000690400000| PB 0x0000000690400000| Untracked |  0
|  26|0x0000000690800000, 0x0000000690800000, 0x0000000690c00000|  0%| F|  |TAMS 0x0000000690800000| PB 0x0000000690800000| Untracked |  0
|  27|0x0000000690c00000, 0x0000000690c00000, 0x0000000691000000|  0%| F|  |TAMS 0x0000000690c00000| PB 0x0000000690c00000| Untracked |  0
|  28|0x0000000691000000, 0x0000000691000000, 0x0000000691400000|  0%| F|  |TAMS 0x0000000691000000| PB 0x0000000691000000| Untracked |  0
|  29|0x0000000691400000, 0x0000000691400000, 0x0000000691800000|  0%| F|  |TAMS 0x0000000691400000| PB 0x0000000691400000| Untracked |  0
|  30|0x0000000691800000, 0x0000000691800000, 0x0000000691c00000|  0%| F|  |TAMS 0x0000000691800000| PB 0x0000000691800000| Untracked |  0
|  31|0x0000000691c00000, 0x0000000691c00000, 0x0000000692000000|  0%| F|  |TAMS 0x0000000691c00000| PB 0x0000000691c00000| Untracked |  0
|  32|0x0000000692000000, 0x0000000692000000, 0x0000000692400000|  0%| F|  |TAMS 0x0000000692000000| PB 0x0000000692000000| Untracked |  0
|  33|0x0000000692400000, 0x0000000692400000, 0x0000000692800000|  0%| F|  |TAMS 0x0000000692400000| PB 0x0000000692400000| Untracked |  0
|  34|0x0000000692800000, 0x0000000692800000, 0x0000000692c00000|  0%| F|  |TAMS 0x0000000692800000| PB 0x0000000692800000| Untracked |  0
|  35|0x0000000692c00000, 0x0000000692c00000, 0x0000000693000000|  0%| F|  |TAMS 0x0000000692c00000| PB 0x0000000692c00000| Untracked |  0
|  36|0x0000000693000000, 0x0000000693000000, 0x0000000693400000|  0%| F|  |TAMS 0x0000000693000000| PB 0x0000000693000000| Untracked |  0
|  37|0x0000000693400000, 0x0000000693400000, 0x0000000693800000|  0%| F|  |TAMS 0x0000000693400000| PB 0x0000000693400000| Untracked |  0
|  38|0x0000000693800000, 0x0000000693800000, 0x0000000693c00000|  0%| F|  |TAMS 0x0000000693800000| PB 0x0000000693800000| Untracked |  0
|  39|0x0000000693c00000, 0x0000000693c00000, 0x0000000694000000|  0%| F|  |TAMS 0x0000000693c00000| PB 0x0000000693c00000| Untracked |  0
|  40|0x0000000694000000, 0x0000000694000000, 0x0000000694400000|  0%| F|  |TAMS 0x0000000694000000| PB 0x0000000694000000| Untracked |  0
|  41|0x0000000694400000, 0x0000000694400000, 0x0000000694800000|  0%| F|  |TAMS 0x0000000694400000| PB 0x0000000694400000| Untracked |  0
|  42|0x0000000694800000, 0x0000000694800000, 0x0000000694c00000|  0%| F|  |TAMS 0x0000000694800000| PB 0x0000000694800000| Untracked |  0
|  43|0x0000000694c00000, 0x0000000694c00000, 0x0000000695000000|  0%| F|  |TAMS 0x0000000694c00000| PB 0x0000000694c00000| Untracked |  0
|  44|0x0000000695000000, 0x0000000695000000, 0x0000000695400000|  0%| F|  |TAMS 0x0000000695000000| PB 0x0000000695000000| Untracked |  0
|  45|0x0000000695400000, 0x0000000695400000, 0x0000000695800000|  0%| F|  |TAMS 0x0000000695400000| PB 0x0000000695400000| Untracked |  0
|  46|0x0000000695800000, 0x0000000695800000, 0x0000000695c00000|  0%| F|  |TAMS 0x0000000695800000| PB 0x0000000695800000| Untracked |  0
|  47|0x0000000695c00000, 0x0000000695c00000, 0x0000000696000000|  0%| F|  |TAMS 0x0000000695c00000| PB 0x0000000695c00000| Untracked |  0
|  48|0x0000000696000000, 0x0000000696000000, 0x0000000696400000|  0%| F|  |TAMS 0x0000000696000000| PB 0x0000000696000000| Untracked |  0
|  49|0x0000000696400000, 0x0000000696400000, 0x0000000696800000|  0%| F|  |TAMS 0x0000000696400000| PB 0x0000000696400000| Untracked |  0
|  50|0x0000000696800000, 0x0000000696800000, 0x0000000696c00000|  0%| F|  |TAMS 0x0000000696800000| PB 0x0000000696800000| Untracked |  0
|  51|0x0000000696c00000, 0x0000000696c00000, 0x0000000697000000|  0%| F|  |TAMS 0x0000000696c00000| PB 0x0000000696c00000| Untracked |  0
|  52|0x0000000697000000, 0x0000000697000000, 0x0000000697400000|  0%| F|  |TAMS 0x0000000697000000| PB 0x0000000697000000| Untracked |  0
|  53|0x0000000697400000, 0x0000000697400000, 0x0000000697800000|  0%| F|  |TAMS 0x0000000697400000| PB 0x0000000697400000| Untracked |  0
|  54|0x0000000697800000, 0x0000000697800000, 0x0000000697c00000|  0%| F|  |TAMS 0x0000000697800000| PB 0x0000000697800000| Untracked |  0
|  55|0x0000000697c00000, 0x0000000697c00000, 0x0000000698000000|  0%| F|  |TAMS 0x0000000697c00000| PB 0x0000000697c00000| Untracked |  0
|  56|0x0000000698000000, 0x0000000698000000, 0x0000000698400000|  0%| F|  |TAMS 0x0000000698000000| PB 0x0000000698000000| Untracked |  0
|  57|0x0000000698400000, 0x0000000698400000, 0x0000000698800000|  0%| F|  |TAMS 0x0000000698400000| PB 0x0000000698400000| Untracked |  0
|  58|0x0000000698800000, 0x0000000698800000, 0x0000000698c00000|  0%| F|  |TAMS 0x0000000698800000| PB 0x0000000698800000| Untracked |  0
|  59|0x0000000698c00000, 0x0000000698c00000, 0x0000000699000000|  0%| F|  |TAMS 0x0000000698c00000| PB 0x0000000698c00000| Untracked |  0
|  60|0x0000000699000000, 0x0000000699000000, 0x0000000699400000|  0%| F|  |TAMS 0x0000000699000000| PB 0x0000000699000000| Untracked |  0
|  61|0x0000000699400000, 0x0000000699400000, 0x0000000699800000|  0%| F|  |TAMS 0x0000000699400000| PB 0x0000000699400000| Untracked |  0
|  62|0x0000000699800000, 0x0000000699800000, 0x0000000699c00000|  0%| F|  |TAMS 0x0000000699800000| PB 0x0000000699800000| Untracked |  0
|  63|0x0000000699c00000, 0x0000000699c00000, 0x000000069a000000|  0%| F|  |TAMS 0x0000000699c00000| PB 0x0000000699c00000| Untracked |  0
|  64|0x000000069a000000, 0x000000069a000000, 0x000000069a400000|  0%| F|  |TAMS 0x000000069a000000| PB 0x000000069a000000| Untracked |  0
|  65|0x000000069a400000, 0x000000069a400000, 0x000000069a800000|  0%| F|  |TAMS 0x000000069a400000| PB 0x000000069a400000| Untracked |  0
|  66|0x000000069a800000, 0x000000069a800000, 0x000000069ac00000|  0%| F|  |TAMS 0x000000069a800000| PB 0x000000069a800000| Untracked |  0
|  67|0x000000069ac00000, 0x000000069ac00000, 0x000000069b000000|  0%| F|  |TAMS 0x000000069ac00000| PB 0x000000069ac00000| Untracked |  0
|  68|0x000000069b000000, 0x000000069b000000, 0x000000069b400000|  0%| F|  |TAMS 0x000000069b000000| PB 0x000000069b000000| Untracked |  0
|  69|0x000000069b400000, 0x000000069b400000, 0x000000069b800000|  0%| F|  |TAMS 0x000000069b400000| PB 0x000000069b400000| Untracked |  0
|  70|0x000000069b800000, 0x000000069b800000, 0x000000069bc00000|  0%| F|  |TAMS 0x000000069b800000| PB 0x000000069b800000| Untracked |  0
|  71|0x000000069bc00000, 0x000000069bc00000, 0x000000069c000000|  0%| F|  |TAMS 0x000000069bc00000| PB 0x000000069bc00000| Untracked |  0
|  72|0x000000069c000000, 0x000000069c000000, 0x000000069c400000|  0%| F|  |TAMS 0x000000069c000000| PB 0x000000069c000000| Untracked |  0
|  73|0x000000069c400000, 0x000000069c400000, 0x000000069c800000|  0%| F|  |TAMS 0x000000069c400000| PB 0x000000069c400000| Untracked |  0
|  74|0x000000069c800000, 0x000000069c800000, 0x000000069cc00000|  0%| F|  |TAMS 0x000000069c800000| PB 0x000000069c800000| Untracked |  0
|  75|0x000000069cc00000, 0x000000069cc00000, 0x000000069d000000|  0%| F|  |TAMS 0x000000069cc00000| PB 0x000000069cc00000| Untracked |  0
|  76|0x000000069d000000, 0x000000069d000000, 0x000000069d400000|  0%| F|  |TAMS 0x000000069d000000| PB 0x000000069d000000| Untracked |  0
|  77|0x000000069d400000, 0x000000069d400000, 0x000000069d800000|  0%| F|  |TAMS 0x000000069d400000| PB 0x000000069d400000| Untracked |  0
|  78|0x000000069d800000, 0x000000069d800000, 0x000000069dc00000|  0%| F|  |TAMS 0x000000069d800000| PB 0x000000069d800000| Untracked |  0
|  79|0x000000069dc00000, 0x000000069dc00000, 0x000000069e000000|  0%| F|  |TAMS 0x000000069dc00000| PB 0x000000069dc00000| Untracked |  0
|  80|0x000000069e000000, 0x000000069e000000, 0x000000069e400000|  0%| F|  |TAMS 0x000000069e000000| PB 0x000000069e000000| Untracked |  0
|  81|0x000000069e400000, 0x000000069e400000, 0x000000069e800000|  0%| F|  |TAMS 0x000000069e400000| PB 0x000000069e400000| Untracked |  0
|  82|0x000000069e800000, 0x000000069e800000, 0x000000069ec00000|  0%| F|  |TAMS 0x000000069e800000| PB 0x000000069e800000| Untracked |  0
|  83|0x000000069ec00000, 0x000000069ec00000, 0x000000069f000000|  0%| F|  |TAMS 0x000000069ec00000| PB 0x000000069ec00000| Untracked |  0
|  84|0x000000069f000000, 0x000000069f000000, 0x000000069f400000|  0%| F|  |TAMS 0x000000069f000000| PB 0x000000069f000000| Untracked |  0
|  85|0x000000069f400000, 0x000000069f400000, 0x000000069f800000|  0%| F|  |TAMS 0x000000069f400000| PB 0x000000069f400000| Untracked |  0
|  86|0x000000069f800000, 0x000000069f800000, 0x000000069fc00000|  0%| F|  |TAMS 0x000000069f800000| PB 0x000000069f800000| Untracked |  0
|  87|0x000000069fc00000, 0x000000069fc00000, 0x00000006a0000000|  0%| F|  |TAMS 0x000000069fc00000| PB 0x000000069fc00000| Untracked |  0
|  88|0x00000006a0000000, 0x00000006a0000000, 0x00000006a0400000|  0%| F|  |TAMS 0x00000006a0000000| PB 0x00000006a0000000| Untracked |  0
|  89|0x00000006a0400000, 0x00000006a0400000, 0x00000006a0800000|  0%| F|  |TAMS 0x00000006a0400000| PB 0x00000006a0400000| Untracked |  0
|  90|0x00000006a0800000, 0x00000006a0800000, 0x00000006a0c00000|  0%| F|  |TAMS 0x00000006a0800000| PB 0x00000006a0800000| Untracked |  0
|  91|0x00000006a0c00000, 0x00000006a0c00000, 0x00000006a1000000|  0%| F|  |TAMS 0x00000006a0c00000| PB 0x00000006a0c00000| Untracked |  0
|  92|0x00000006a1000000, 0x00000006a1000000, 0x00000006a1400000|  0%| F|  |TAMS 0x00000006a1000000| PB 0x00000006a1000000| Untracked |  0
|  93|0x00000006a1400000, 0x00000006a15eb990, 0x00000006a1800000| 48%| E|  |TAMS 0x00000006a1400000| PB 0x00000006a1400000| Complete |  0

Card table byte_map: [0x00000220e37c0000,0x00000220e4370000] _byte_map_base: 0x00000220e0370000

Marking Bits: (CMBitMap*) 0x00000220cb017d80
 Bits: [0x00000220e4370000, 0x00000220ea0f0000)

Polling page: 0x00000220c8d60000

Metaspace:

Usage:
  Non-class:      3.81 MB used.
      Class:    337.83 KB used.
       Both:      4.14 MB used.

Virtual space:
  Non-class space:       64.00 MB reserved,       3.81 MB (  6%) committed,  1 nodes.
      Class space:        1.00 GB reserved,     384.00 KB ( <1%) committed,  1 nodes.
             Both:        1.06 GB reserved,       4.19 MB ( <1%) committed. 

Chunk freelists:
   Non-Class:  12.00 MB
       Class:  15.62 MB
        Both:  27.62 MB

MaxMetaspaceSize: unlimited
CompressedClassSpaceSize: 1.00 GB
Initial GC threshold: 21.00 MB
Current GC threshold: 21.00 MB
CDS: off
 - commit_granule_bytes: 65536.
 - commit_granule_words: 8192.
 - virtual_space_node_default_size: 8388608.
 - enlarge_chunks_in_place: 1.
 - use_allocation_guard: 0.


Internal statistics:

num_allocs_failed_limit: 0.
num_arena_births: 2.
num_arena_deaths: 0.
num_vsnodes_births: 2.
num_vsnodes_deaths: 0.
num_space_committed: 67.
num_space_uncommitted: 0.
num_chunks_returned_to_freelist: 0.
num_chunks_taken_from_freelist: 4.
num_chunk_merges: 0.
num_chunk_splits: 2.
num_chunks_enlarged: 0.
num_inconsistent_stats: 0.

CodeHeap 'non-profiled nmethods': size=120064Kb used=19Kb max_used=19Kb free=120044Kb
 bounds [0x00000220db180000, 0x00000220db3f0000, 0x00000220e26c0000]
CodeHeap 'profiled nmethods': size=120000Kb used=69Kb max_used=69Kb free=119931Kb
 bounds [0x00000220d36c0000, 0x00000220d3930000, 0x00000220dabf0000]
CodeHeap 'non-nmethods': size=5696Kb used=1168Kb max_used=1168Kb free=4527Kb
 bounds [0x00000220dabf0000, 0x00000220dae60000, 0x00000220db180000]
CodeCache: size=245760Kb, used=1256Kb, max_used=1256Kb, free=244502Kb
 total_blobs=380, nmethods=75, adapters=211, full_count=0
Compilation: enabled, stopped_count=0, restarted_count=0

Compilation events (20 events):
Event: 0.117 Thread 0x00000220840d3ce0 nmethod 57 0x00000220db183688 code [0x00000220db1837a0, 0x00000220db183870]
Event: 0.117 Thread 0x00000220840d3ce0   56       1       java.lang.module.ResolvedModule::reference (5 bytes)
Event: 0.117 Thread 0x00000220840d3ce0 nmethod 56 0x00000220db183988 code [0x00000220db183aa0, 0x00000220db183b70]
Event: 0.117 Thread 0x00000220840d3ce0   67       1       java.lang.module.ResolvedModule::configuration (5 bytes)
Event: 0.117 Thread 0x00000220840d3ce0 nmethod 67 0x00000220db183c88 code [0x00000220db183da0, 0x00000220db183e70]
Event: 0.117 Thread 0x00000220840d3ce0   55       1       java.lang.AbstractStringBuilder::length (5 bytes)
Event: 0.117 Thread 0x00000220840d3ce0 nmethod 55 0x00000220db183f88 code [0x00000220db1840a0, 0x00000220db184168]
Event: 0.117 Thread 0x00000220840d3ce0   66       1       java.lang.module.ModuleDescriptor$Exports::targets (5 bytes)
Event: 0.117 Thread 0x00000220840d3ce0 nmethod 66 0x00000220db184288 code [0x00000220db1843a0, 0x00000220db184470]
Event: 0.117 Thread 0x00000220840d3ce0   70       3       java.util.ImmutableCollections$Set12$1::next (95 bytes)
Event: 0.117 Thread 0x00000220840d3ce0 nmethod 70 0x00000220d36cfc88 code [0x00000220d36cfde0, 0x00000220d36d00c0]
Event: 0.117 Thread 0x00000220840d3ce0   69       1       java.util.ImmutableCollections$Set12::isEmpty (2 bytes)
Event: 0.117 Thread 0x00000220840d3ce0 nmethod 69 0x00000220db184588 code [0x00000220db1846a0, 0x00000220db184768]
Event: 0.120 Thread 0x00000220840d3ce0   73       3       java.util.HashMap::getNode (150 bytes)
Event: 0.121 Thread 0x00000220840d3ce0 nmethod 73 0x00000220d36d0108 code [0x00000220d36d02c0, 0x00000220d36d0d38]
Event: 0.123 Thread 0x00000220840d3ce0   74       3       java.lang.AbstractStringBuilder::ensureCapacityInternal (39 bytes)
Event: 0.124 Thread 0x00000220840d3ce0 nmethod 74 0x00000220d36d0d88 code [0x00000220d36d0ec0, 0x00000220d36d10f0]
Event: 0.124 Thread 0x00000220840d3ce0   75       3       java.lang.AbstractStringBuilder::isLatin1 (19 bytes)
Event: 0.124 Thread 0x00000220840d3ce0 nmethod 75 0x00000220d36d1108 code [0x00000220d36d1220, 0x00000220d36d1390]
Event: 0.124 Thread 0x00000220840d3ce0   76       3       java.lang.StringLatin1::canEncode (13 bytes)

GC Heap History (0 events):
No events

Dll operation events (2 events):
Event: 0.010 Loaded shared library C:\java\bin\java.dll
Event: 0.082 Loaded shared library C:\java\bin\jsvml.dll

Deoptimization events (0 events):
No events

Classes loaded (20 events):
Event: 0.121 Loading class java/util/zip/ZipFile done
Event: 0.121 Loading class java/util/zip/ZipFile$1
Event: 0.121 Loading class jdk/internal/access/JavaUtilZipFileAccess
Event: 0.121 Loading class jdk/internal/access/JavaUtilZipFileAccess done
Event: 0.121 Loading class java/util/zip/ZipFile$1 done
Event: 0.122 Loading class jdk/internal/loader/URLClassPath$JarLoader$1
Event: 0.122 Loading class jdk/internal/loader/URLClassPath$JarLoader$1 done
Event: 0.122 Loading class jdk/internal/loader/FileURLMapper
Event: 0.122 Loading class jdk/internal/loader/FileURLMapper done
Event: 0.122 Loading class java/nio/CharBuffer
Event: 0.122 Loading class java/lang/Readable
Event: 0.122 Loading class java/lang/Readable done
Event: 0.122 Loading class java/nio/CharBuffer done
Event: 0.122 Loading class java/nio/HeapCharBuffer
Event: 0.123 Loading class java/nio/HeapCharBuffer done
Event: 0.123 Loading class sun/nio/cs/UTF_8$Decoder
Event: 0.123 Loading class sun/nio/cs/UTF_8$Decoder done
Event: 0.123 Loading class java/nio/charset/CoderResult
Event: 0.123 Loading class java/nio/charset/CoderResult done
Event: 0.124 Loading class java/util/jar/JarFile

Classes unloaded (0 events):
No events

Classes redefined (0 events):
No events

Internal exceptions (0 events):
No events

VM Operations (0 events):
No events

Memory protections (0 events):
No events

Nmethod flushes (0 events):
No events

Events (10 events):
Event: 0.016 Thread 0x00000220c8b14540 Thread added: 0x00000220c8b14540
Event: 0.077 Thread 0x00000220c8b14540 Thread added: 0x00000220840a04d0
Event: 0.078 Thread 0x00000220c8b14540 Thread added: 0x000002208408bf50
Event: 0.080 Thread 0x00000220c8b14540 Thread added: 0x0000022084091810
Event: 0.080 Thread 0x00000220c8b14540 Thread added: 0x0000022084092270
Event: 0.080 Thread 0x00000220c8b14540 Thread added: 0x0000022084092e80
Event: 0.080 Thread 0x00000220c8b14540 Thread added: 0x0000022084093a90
Event: 0.080 Thread 0x00000220c8b14540 Thread added: 0x00000220840d2440
Event: 0.080 Thread 0x00000220c8b14540 Thread added: 0x00000220840d3ce0
Event: 0.118 Thread 0x00000220c8b14540 Thread added: 0x0000022084270e30


Dynamic libraries:
0x00007ff724390000 - 0x00007ff7243a0000 	C:\java\bin\java.exe
0x00007ffbc13c0000 - 0x00007ffbc1627000 	C:\WINDOWS\SYSTEM32\ntdll.dll
0x00007ffbc0120000 - 0x00007ffbc01e9000 	C:\WINDOWS\System32\KERNEL32.DLL
0x00007ffbbe680000 - 0x00007ffbbea6f000 	C:\WINDOWS\System32\KERNELBASE.dll
0x00007ffbbea80000 - 0x00007ffbbebcb000 	C:\WINDOWS\System32\ucrtbase.dll
0x00007ffbae6d0000 - 0x00007ffbae6e7000 	C:\java\bin\jli.dll
0x00007ffba2770000 - 0x00007ffba278b000 	C:\java\bin\VCRUNTIME140.dll
0x00007ffbc0390000 - 0x00007ffbc0555000 	C:\WINDOWS\System32\USER32.dll
0x00007ffbbee40000 - 0x00007ffbbee67000 	C:\WINDOWS\System32\win32u.dll
0x00007ffbbff40000 - 0x00007ffbbff6b000 	C:\WINDOWS\System32\GDI32.dll
0x00007ffba4460000 - 0x00007ffba46f3000 	C:\WINDOWS\WinSxS\amd64_microsoft.windows.common-controls_6595b64144ccf1df_6.0.26100.7309_none_3e05feeae336a044\COMCTL32.dll
0x00007ffbbff70000 - 0x00007ffbc0019000 	C:\WINDOWS\System32\msvcrt.dll
0x00007ffbbebd0000 - 0x00007ffbbecfc000 	C:\WINDOWS\System32\gdi32full.dll
0x00007ffbbef30000 - 0x00007ffbbefd3000 	C:\WINDOWS\System32\msvcp_win.dll
0x00007ffbc0750000 - 0x00007ffbc0781000 	C:\WINDOWS\System32\IMM32.DLL
0x00007ffbb8020000 - 0x00007ffbb802c000 	C:\java\bin\vcruntime140_1.dll
0x00007ffb87fc0000 - 0x00007ffb8804e000 	C:\java\bin\msvcp140.dll
0x00007ffb0e200000 - 0x00007ffb0ef4f000 	C:\java\bin\server\jvm.dll
0x00007ffbc0790000 - 0x00007ffbc0844000 	C:\WINDOWS\System32\ADVAPI32.dll
0x00007ffbc08e0000 - 0x00007ffbc0986000 	C:\WINDOWS\System32\sechost.dll
0x00007ffbc1260000 - 0x00007ffbc1378000 	C:\WINDOWS\System32\RPCRT4.dll
0x00007ffbbfec0000 - 0x00007ffbbff34000 	C:\WINDOWS\System32\WS2_32.dll
0x00007ffbbe370000 - 0x00007ffbbe3ce000 	C:\WINDOWS\SYSTEM32\POWRPROF.dll
0x00007ffbb6be0000 - 0x00007ffbb6beb000 	C:\WINDOWS\SYSTEM32\VERSION.dll
0x00007ffbb4110000 - 0x00007ffbb4145000 	C:\WINDOWS\SYSTEM32\WINMM.dll
0x00007ffbbe350000 - 0x00007ffbbe364000 	C:\WINDOWS\SYSTEM32\UMPDC.dll
0x00007ffbbd2c0000 - 0x00007ffbbd2db000 	C:\WINDOWS\SYSTEM32\kernel.appcore.dll
0x00007ffbaea10000 - 0x00007ffbaea1a000 	C:\java\bin\jimage.dll
0x00007ffbb4a60000 - 0x00007ffbb4ca2000 	C:\WINDOWS\SYSTEM32\DBGHELP.DLL
0x00007ffbbf570000 - 0x00007ffbbf8f6000 	C:\WINDOWS\System32\combase.dll
0x00007ffbc05e0000 - 0x00007ffbc06b6000 	C:\WINDOWS\System32\OLEAUT32.dll
0x00007ffba0c00000 - 0x00007ffba0c3c000 	C:\WINDOWS\SYSTEM32\dbgcore.DLL
0x00007ffbbed90000 - 0x00007ffbbee35000 	C:\WINDOWS\System32\bcryptPrimitives.dll
0x00007ffba2750000 - 0x00007ffba276e000 	C:\java\bin\java.dll
0x00007ffbc01f0000 - 0x00007ffbc0387000 	C:\WINDOWS\System32\ole32.dll
0x00007ffbc0b00000 - 0x00007ffbc1253000 	C:\WINDOWS\System32\SHELL32.dll
0x00007ffbbe510000 - 0x00007ffbbe67a000 	C:\WINDOWS\System32\wintypes.dll
0x00007ffbbc150000 - 0x00007ffbbc9ae000 	C:\WINDOWS\SYSTEM32\windows.storage.dll
0x00007ffbc0990000 - 0x00007ffbc0a85000 	C:\WINDOWS\System32\SHCORE.dll
0x00007ffbc00b0000 - 0x00007ffbc0116000 	C:\WINDOWS\System32\shlwapi.dll
0x00007ffbbe430000 - 0x00007ffbbe459000 	C:\WINDOWS\SYSTEM32\profapi.dll
0x00007ffb62090000 - 0x00007ffb62167000 	C:\java\bin\jsvml.dll

dbghelp: loaded successfully - version: 4.0.5 - missing functions: none
symbol engine: initialized successfully - sym options: 0x614 - pdb path: .;C:\java\bin;C:\WINDOWS\SYSTEM32;C:\WINDOWS\WinSxS\amd64_microsoft.windows.common-controls_6595b64144ccf1df_6.0.26100.7309_none_3e05feeae336a044;C:\java\bin\server

VM Arguments:
jvm_args: -Dclassworlds.conf=C:\Program Files\JetBrains\IntelliJ IDEA 2025.2.2\plugins\maven\lib\maven3\bin\m2.conf -Dmaven.home=C:\Program Files\JetBrains\IntelliJ IDEA 2025.2.2\plugins\maven\lib\maven3 -Dlibrary.jansi.path=C:\Program Files\JetBrains\IntelliJ IDEA 2025.2.2\plugins\maven\lib\maven3\lib\jansi-native -Dmaven.multiModuleProjectDirectory=C:\Users\YASMINE\IdeaProjects\destination 
java_command: org.codehaus.plexus.classworlds.launcher.Launcher -Didea.version=2025.2.2 -Dmaven.ext.class.path=C:\Program Files\JetBrains\IntelliJ IDEA 2025.2.2\plugins\maven\lib\maven-event-listener.jar -Djansi.passthrough=true -Dstyle.color=always -Dmaven.repo.local=C:\Users\YASMINE\.m2\repository org.openjfx:javafx-maven-plugin:0.0.8:run -f pom.xml
java_class_path (initial): C:\Program Files\JetBrains\IntelliJ IDEA 2025.2.2\plugins\maven\lib\maven3\boot\plexus-classworlds-2.8.0.jar
Launcher Type: SUN_STANDARD

[Global flags]
     intx CICompilerCount                          = 4                                         {product} {ergonomic}
     uint ConcGCThreads                            = 3                                         {product} {ergonomic}
     uint G1ConcRefinementThreads                  = 10                                        {product} {ergonomic}
   size_t G1HeapRegionSize                         = 4194304                                   {product} {ergonomic}
   size_t InitialHeapSize                          = 394264576                                 {product} {ergonomic}
   size_t MarkStackSize                            = 4194304                                   {product} {ergonomic}
   size_t MarkStackSizeMax                         = 536870912                                 {product} {ergonomic}
   size_t MaxHeapSize                              = 6274678784                                {product} {ergonomic}
   size_t MaxNewSize                               = 3762290688                                {product} {ergonomic}
   size_t MinHeapDeltaBytes                        = 4194304                                   {product} {ergonomic}
   size_t MinHeapSize                              = 8388608                                   {product} {ergonomic}
    uintx NonNMethodCodeHeapSize                   = 5832704                                {pd product} {ergonomic}
    uintx NonProfiledCodeHeapSize                  = 122945536                              {pd product} {ergonomic}
    uintx ProfiledCodeHeapSize                     = 122880000                              {pd product} {ergonomic}
    uintx ReservedCodeCacheSize                    = 251658240                              {pd product} {ergonomic}
     bool SegmentedCodeCache                       = true                                      {product} {ergonomic}
   size_t SoftMaxHeapSize                          = 6274678784                             {manageable} {ergonomic}
     bool UseCompressedOops                        = true                           {product lp64_product} {ergonomic}
     bool UseG1GC                                  = true                                      {product} {ergonomic}
     bool UseLargePagesIndividualAllocation        = false                                  {pd product} {ergonomic}

Logging:
Log output configuration:
 #0: stdout all=warning uptime,level,tags foldmultilines=false
 #1: stderr all=off uptime,level,tags foldmultilines=false

Environment Variables:
JAVA_HOME=C:\java
PATH=C:\Program Files (x86)\VMware\VMware Workstation\bin\;C:\xampp\php;C:\oraclexe\app\oracle\product\11.2.0\server\bin;C:\Program Files\Common Files\Oracle\Java\javapath;C:\PySchool\3.10-32-bit\Scripts;C:\PySchool\3.10-32-bit;C:\windows\system32;C:\windows;C:\windows\System32\Wbem;C:\windows\System32\WindowsPowerShell\v1.0\;C:\windows\System32\OpenSSH\;C:\Program Files (x86)\NVIDIA Corporation\PhysX\Common;C:\Program Files\NVIDIA Corporation\NVIDIA NvDLISR;C:\WINDOWS\system32;C:\WINDOWS;C:\WINDOWS\System32\Wbem;C:\WINDOWS\System32\WindowsPowerShell\v1.0\;C:\WINDOWS\System32\OpenSSH\;C:\instantclient_12_2;C:\Program Files\Git\cmd;C:\oraclexe;C:\oraclexe\app\oracle\admin\XE;C:\Program Files\MySQL\MySQL Server 8.0\bin;C:\ProgramData\ComposerSetup\bin;C:\Users\YASMINE\.jdks\jbr-17.0.14\bin;C:\Users\YASMINE\scoop\shims;C:\Users\YASMINE\AppData\Local\Microsoft\WindowsApps;C:\Microsoft VS Code\bin;C:\Users\YASMINE\AppData\Local\GitHubDesktop\bin;C:\xampp\php;C:\Users\YASMINE\AppData\Local\ComposerSetup\bin;C:\Users\YASMINE\AppData\Roaming\Composer\vendor\bin
USERNAME=YASMINE
OS=Windows_NT
PROCESSOR_IDENTIFIER=AMD64 Family 23 Model 96 Stepping 1, AuthenticAMD
TMP=C:\Users\YASMINE\AppData\Local\Temp
TEMP=C:\Users\YASMINE\AppData\Local\Temp




Periodic native trim disabled

---------------  S Y S T E M  ---------------

OS:
 Windows 11 , 64 bit Build 26100 (10.0.26100.7623)
OS uptime: 11 days 10:16 hours

CPU: total 12 (initial active 12) (12 cores per cpu, 2 threads per core) family 23 model 96 stepping 1 microcode 0x8600106, cx8, cmov, fxsr, ht, mmx, 3dnowpref, sse, sse2, sse3, ssse3, sse4a, sse4.1, sse4.2, popcnt, lzcnt, tsc, tscinvbit, avx, avx2, aes, clmul, bmi1, bmi2, adx, sha, fma, vzeroupper, clflush, clflushopt, rdtscp, rdpid, f16c
Processor Information for the first 12 processors :
  Max Mhz: 3000, Current Mhz: 3000, Mhz Limit: 3000

Memory: 4k page, system-wide physical 23924M (1575M free)
TotalPageFile size 42193M (AvailPageFile size 2M)
current process WorkingSet (physical memory assigned to process): 31M, peak: 31M
current process commit charge ("private bytes"): 458M, peak: 462M

vm_info: Java HotSpot(TM) 64-Bit Server VM (23.0.1+11-39) for windows-amd64 JRE (23.0.1+11-39), built on 2024-09-30T07:20:43Z with MS VC++ 17.6 (VS2022)

END.
