#
# There is insufficient memory for the Java Runtime Environment to continue.
# Native memory allocation (mmap) failed to map 394264576 bytes. Error detail: G1 virtual space
# Possible reasons:
#   The system is out of physical RAM or swap space
#   This process is running with CompressedOops enabled, and the Java Heap may be blocking the growth of the native heap
# Possible solutions:
#   Reduce memory load on the system
#   Increase physical memory or swap space
#   Check if swap backing store is full
#   Decrease Java heap size (-Xmx/-Xms)
#   Decrease number of Java threads
#   Decrease Java thread stack sizes (-Xss)
#   Set larger code cache with -XX:ReservedCodeCacheSize=
#   JVM is running with Zero Based Compressed Oops mode in which the Java heap is
#     placed in the first 32GB address space. The Java Heap base address is the
#     maximum limit for the native heap growth. Please use -XX:HeapBaseMinAddress
#     to set the Java Heap base and to place the Java Heap above 32GB virtual address.
# This output file may be truncated or incomplete.
#
#  Out of Memory Error (os_windows.cpp:3703), pid=89140, tid=71900
#
# JRE version:  (23.0.1+11) (build )
# Java VM: Java HotSpot(TM) 64-Bit Server VM (23.0.1+11-39, mixed mode, sharing, tiered, compressed oops, compressed class ptrs, g1 gc, windows-amd64)
# No core dump will be written. Minidumps are not enabled by default on client versions of Windows
#

---------------  S U M M A R Y ------------

Command Line: -Dclassworlds.conf=C:\Program Files\JetBrains\IntelliJ IDEA 2025.2.2\plugins\maven\lib\maven3\bin\m2.conf -Dmaven.home=C:\Program Files\JetBrains\IntelliJ IDEA 2025.2.2\plugins\maven\lib\maven3 -Dlibrary.jansi.path=C:\Program Files\JetBrains\IntelliJ IDEA 2025.2.2\plugins\maven\lib\maven3\lib\jansi-native -Dmaven.multiModuleProjectDirectory=C:\Users\YASMINE\IdeaProjects\destination org.codehaus.plexus.classworlds.launcher.Launcher -Didea.version=2025.2.2 -Dmaven.ext.class.path=C:\Program Files\JetBrains\IntelliJ IDEA 2025.2.2\plugins\maven\lib\maven-event-listener.jar -Djansi.passthrough=true -Dstyle.color=always -Dmaven.repo.local=C:\Users\YASMINE\.m2\repository org.openjfx:javafx-maven-plugin:0.0.8:run -f pom.xml

Host: AMD Ryzen 5 4600H with Radeon Graphics         , 12 cores, 23G,  Windows 11 , 64 bit Build 26100 (10.0.26100.7623)
Time: Sun Feb 15 19:05:00 2026 Afr. centrale Ouest elapsed time: 0.013532 seconds (0d 0h 0m 0s)

---------------  T H R E A D  ---------------

Current thread (0x0000019590d60620):  JavaThread "Unknown thread" [_thread_in_vm, id=71900, stack(0x0000003f25200000,0x0000003f25300000) (1024K)]

Stack: [0x0000003f25200000,0x0000003f25300000]
Native frames: (J=compiled Java code, j=interpreted, Vv=VM code, C=native code)
V  [jvm.dll+0x6e08b9]  (no source info available)
V  [jvm.dll+0x87dc83]  (no source info available)
V  [jvm.dll+0x88010e]  (no source info available)
V  [jvm.dll+0x8807e3]  (no source info available)
V  [jvm.dll+0x27aee6]  (no source info available)
V  [jvm.dll+0x6dd1c5]  (no source info available)
V  [jvm.dll+0x6d104a]  (no source info available)
V  [jvm.dll+0x35b3ea]  (no source info available)
V  [jvm.dll+0x3637f6]  (no source info available)
V  [jvm.dll+0x34fd5e]  (no source info available)
V  [jvm.dll+0x34fff8]  (no source info available)
V  [jvm.dll+0x3289cc]  (no source info available)
V  [jvm.dll+0x32966e]  (no source info available)
V  [jvm.dll+0x844355]  (no source info available)
V  [jvm.dll+0x3b9848]  (no source info available)
V  [jvm.dll+0x82d14c]  (no source info available)
V  [jvm.dll+0x454d4e]  (no source info available)
V  [jvm.dll+0x456bd1]  (no source info available)
C  [jli.dll+0x52a3]  (no source info available)
C  [ucrtbase.dll+0x37b0]  (no source info available)
C  [KERNEL32.DLL+0x2e8d7]  (no source info available)
C  [ntdll.dll+0x8c53c]  (no source info available)

Lock stack of current Java thread (top to bottom):


---------------  P R O C E S S  ---------------

Threads class SMR info:
_java_thread_list=0x00007ffb0edf3618, length=0, elements={
}

Java Threads: ( => current thread )
Total: 0

Other Threads:
  0x000001959318eff0 WorkerThread "GC Thread#0"                     [id=75104, stack(0x0000003f25300000,0x0000003f25400000) (1024K)]
  0x000001959319f920 ConcurrentGCThread "G1 Main Marker"            [id=95684, stack(0x0000003f25400000,0x0000003f25500000) (1024K)]
  0x00000195931a2270 WorkerThread "G1 Conc#0"                       [id=28984, stack(0x0000003f25500000,0x0000003f25600000) (1024K)]

[error occurred during error reporting (printing all threads), id 0xc0000005, EXCEPTION_ACCESS_VIOLATION (0xc0000005) at pc=0x00007ffb0e53bfba]
VM state: not at safepoint (not fully initialized)

VM Mutex/Monitor currently owned by a thread:  ([mutex/lock_event])
[0x00007ffb0ee73a10] Heap_lock - owner thread: 0x0000019590d60620

Heap address: 0x000000068a000000, size: 5984 MB, Compressed Oops mode: Zero based, Oop shift amount: 3

CDS archive(s) mapped at: [0x0000000000000000-0x0000000000000000-0x0000000000000000), size 0, SharedBaseAddress: 0x0000000800000000, ArchiveRelocationMode: 1.
Narrow klass base: 0x0000000000000000, Narrow klass shift: 0, Narrow klass range: 0x0

GC Precious Log:
 CardTable entry size: 512
 Card Set container configuration: InlinePtr #cards 4 size 8 Array Of Cards #cards 32 size 80 Howl #buckets 8 coarsen threshold 7372 Howl Bitmap #cards 1024 size 144 coarsen threshold 921 Card regions per heap region 1 cards per card region 8192

Heap:
 garbage-first heap   total reserved 6127616K, committed 0K, used 0K [0x000000068a000000, 0x0000000800000000)
  region size 4096K, 0 young (0K), 0 survivors (0K)

[error occurred during error reporting (printing heap information), id 0xc0000005, EXCEPTION_ACCESS_VIOLATION (0xc0000005) at pc=0x00007ffb0e93c3c9]
GC Heap History (0 events):
No events

Dll operation events (1 events):
Event: 0.009 Loaded shared library C:\java\bin\java.dll

Deoptimization events (0 events):
No events

Classes loaded (0 events):
No events

Classes unloaded (0 events):
No events

Classes redefined (0 events):
No events

Internal exceptions (0 events):
No events

VM Operations (0 events):
No events

Memory protections (0 events):
No events

Nmethod flushes (0 events):
No events

Events (0 events):
No events


Dynamic libraries:
0x00007ff724390000 - 0x00007ff7243a0000 	C:\java\bin\java.exe
0x00007ffbc13c0000 - 0x00007ffbc1627000 	C:\WINDOWS\SYSTEM32\ntdll.dll
0x00007ffbc0120000 - 0x00007ffbc01e9000 	C:\WINDOWS\System32\KERNEL32.DLL
0x00007ffbbe680000 - 0x00007ffbbea6f000 	C:\WINDOWS\System32\KERNELBASE.dll
0x00007ffbbea80000 - 0x00007ffbbebcb000 	C:\WINDOWS\System32\ucrtbase.dll
0x00007ffbae6d0000 - 0x00007ffbae6e7000 	C:\java\bin\jli.dll
0x00007ffba2770000 - 0x00007ffba278b000 	C:\java\bin\VCRUNTIME140.dll
0x00007ffbc0390000 - 0x00007ffbc0555000 	C:\WINDOWS\System32\USER32.dll
0x00007ffbbee40000 - 0x00007ffbbee67000 	C:\WINDOWS\System32\win32u.dll
0x00007ffba4460000 - 0x00007ffba46f3000 	C:\WINDOWS\WinSxS\amd64_microsoft.windows.common-controls_6595b64144ccf1df_6.0.26100.7309_none_3e05feeae336a044\COMCTL32.dll
0x00007ffbbff40000 - 0x00007ffbbff6b000 	C:\WINDOWS\System32\GDI32.dll
0x00007ffbbebd0000 - 0x00007ffbbecfc000 	C:\WINDOWS\System32\gdi32full.dll
0x00007ffbbff70000 - 0x00007ffbc0019000 	C:\WINDOWS\System32\msvcrt.dll
0x00007ffbbef30000 - 0x00007ffbbefd3000 	C:\WINDOWS\System32\msvcp_win.dll
0x00007ffbc0750000 - 0x00007ffbc0781000 	C:\WINDOWS\System32\IMM32.DLL
0x00007ffbb8020000 - 0x00007ffbb802c000 	C:\java\bin\vcruntime140_1.dll
0x00007ffb87fc0000 - 0x00007ffb8804e000 	C:\java\bin\msvcp140.dll
0x00007ffb0e200000 - 0x00007ffb0ef4f000 	C:\java\bin\server\jvm.dll
0x00007ffbc0790000 - 0x00007ffbc0844000 	C:\WINDOWS\System32\ADVAPI32.dll
0x00007ffbc08e0000 - 0x00007ffbc0986000 	C:\WINDOWS\System32\sechost.dll
0x00007ffbc1260000 - 0x00007ffbc1378000 	C:\WINDOWS\System32\RPCRT4.dll
0x00007ffbbfec0000 - 0x00007ffbbff34000 	C:\WINDOWS\System32\WS2_32.dll
0x00007ffbbe370000 - 0x00007ffbbe3ce000 	C:\WINDOWS\SYSTEM32\POWRPROF.dll
0x00007ffbb6be0000 - 0x00007ffbb6beb000 	C:\WINDOWS\SYSTEM32\VERSION.dll
0x00007ffbb4110000 - 0x00007ffbb4145000 	C:\WINDOWS\SYSTEM32\WINMM.dll
0x00007ffbbe350000 - 0x00007ffbbe364000 	C:\WINDOWS\SYSTEM32\UMPDC.dll
0x00007ffbbd2c0000 - 0x00007ffbbd2db000 	C:\WINDOWS\SYSTEM32\kernel.appcore.dll
0x00007ffbaea10000 - 0x00007ffbaea1a000 	C:\java\bin\jimage.dll
0x00007ffbb4a60000 - 0x00007ffbb4ca2000 	C:\WINDOWS\SYSTEM32\DBGHELP.DLL
0x00007ffbbf570000 - 0x00007ffbbf8f6000 	C:\WINDOWS\System32\combase.dll
0x00007ffbc05e0000 - 0x00007ffbc06b6000 	C:\WINDOWS\System32\OLEAUT32.dll
0x00007ffba0c00000 - 0x00007ffba0c3c000 	C:\WINDOWS\SYSTEM32\dbgcore.DLL
0x00007ffbbed90000 - 0x00007ffbbee35000 	C:\WINDOWS\System32\bcryptPrimitives.dll
0x00007ffba2750000 - 0x00007ffba276e000 	C:\java\bin\java.dll
0x00007ffbc01f0000 - 0x00007ffbc0387000 	C:\WINDOWS\System32\ole32.dll
0x00007ffbc0b00000 - 0x00007ffbc1253000 	C:\WINDOWS\System32\SHELL32.dll
0x00007ffbbe510000 - 0x00007ffbbe67a000 	C:\WINDOWS\System32\wintypes.dll

dbghelp: loaded successfully - version: 4.0.5 - missing functions: none
symbol engine: initialized successfully - sym options: 0x614 - pdb path: .;C:\java\bin;C:\WINDOWS\SYSTEM32;C:\WINDOWS\WinSxS\amd64_microsoft.windows.common-controls_6595b64144ccf1df_6.0.26100.7309_none_3e05feeae336a044;C:\java\bin\server

VM Arguments:
jvm_args: -Dclassworlds.conf=C:\Program Files\JetBrains\IntelliJ IDEA 2025.2.2\plugins\maven\lib\maven3\bin\m2.conf -Dmaven.home=C:\Program Files\JetBrains\IntelliJ IDEA 2025.2.2\plugins\maven\lib\maven3 -Dlibrary.jansi.path=C:\Program Files\JetBrains\IntelliJ IDEA 2025.2.2\plugins\maven\lib\maven3\lib\jansi-native -Dmaven.multiModuleProjectDirectory=C:\Users\YASMINE\IdeaProjects\destination 
java_command: org.codehaus.plexus.classworlds.launcher.Launcher -Didea.version=2025.2.2 -Dmaven.ext.class.path=C:\Program Files\JetBrains\IntelliJ IDEA 2025.2.2\plugins\maven\lib\maven-event-listener.jar -Djansi.passthrough=true -Dstyle.color=always -Dmaven.repo.local=C:\Users\YASMINE\.m2\repository org.openjfx:javafx-maven-plugin:0.0.8:run -f pom.xml
java_class_path (initial): C:\Program Files\JetBrains\IntelliJ IDEA 2025.2.2\plugins\maven\lib\maven3\boot\plexus-classworlds-2.8.0.jar
Launcher Type: SUN_STANDARD

[Global flags]
     intx CICompilerCount                          = 4                                         {product} {ergonomic}
     uint ConcGCThreads                            = 3                                         {product} {ergonomic}
     uint G1ConcRefinementThreads                  = 10                                        {product} {ergonomic}
   size_t G1HeapRegionSize                         = 4194304                                   {product} {ergonomic}
   size_t InitialHeapSize                          = 394264576                                 {product} {ergonomic}
   size_t MarkStackSize                            = 4194304                                   {product} {ergonomic}
   size_t MarkStackSizeMax                         = 536870912                                 {product} {ergonomic}
   size_t MaxHeapSize                              = 6274678784                                {product} {ergonomic}
   size_t MinHeapDeltaBytes                        = 4194304                                   {product} {ergonomic}
   size_t MinHeapSize                              = 8388608                                   {product} {ergonomic}
    uintx NonNMethodCodeHeapSize                   = 5832704                                {pd product} {ergonomic}
    uintx NonProfiledCodeHeapSize                  = 122945536                              {pd product} {ergonomic}
    uintx ProfiledCodeHeapSize                     = 122880000                              {pd product} {ergonomic}
    uintx ReservedCodeCacheSize                    = 251658240                              {pd product} {ergonomic}
     bool SegmentedCodeCache                       = true                                      {product} {ergonomic}
   size_t SoftMaxHeapSize                          = 6274678784                             {manageable} {ergonomic}
     bool UseCompressedOops                        = true                           {product lp64_product} {ergonomic}
     bool UseG1GC                                  = true                                      {product} {ergonomic}
     bool UseLargePagesIndividualAllocation        = false                                  {pd product} {ergonomic}

Logging:
Log output configuration:
 #0: stdout all=warning uptime,level,tags foldmultilines=false
 #1: stderr all=off uptime,level,tags foldmultilines=false

Environment Variables:
JAVA_HOME=C:\java
PATH=C:\Program Files (x86)\VMware\VMware Workstation\bin\;C:\xampp\php;C:\oraclexe\app\oracle\product\11.2.0\server\bin;C:\Program Files\Common Files\Oracle\Java\javapath;C:\PySchool\3.10-32-bit\Scripts;C:\PySchool\3.10-32-bit;C:\windows\system32;C:\windows;C:\windows\System32\Wbem;C:\windows\System32\WindowsPowerShell\v1.0\;C:\windows\System32\OpenSSH\;C:\Program Files (x86)\NVIDIA Corporation\PhysX\Common;C:\Program Files\NVIDIA Corporation\NVIDIA NvDLISR;C:\WINDOWS\system32;C:\WINDOWS;C:\WINDOWS\System32\Wbem;C:\WINDOWS\System32\WindowsPowerShell\v1.0\;C:\WINDOWS\System32\OpenSSH\;C:\instantclient_12_2;C:\Program Files\Git\cmd;C:\oraclexe;C:\oraclexe\app\oracle\admin\XE;C:\Program Files\MySQL\MySQL Server 8.0\bin;C:\ProgramData\ComposerSetup\bin;C:\Users\YASMINE\.jdks\jbr-17.0.14\bin;C:\Users\YASMINE\scoop\shims;C:\Users\YASMINE\AppData\Local\Microsoft\WindowsApps;C:\Microsoft VS Code\bin;C:\Users\YASMINE\AppData\Local\GitHubDesktop\bin;C:\xampp\php;C:\Users\YASMINE\AppData\Local\ComposerSetup\bin;C:\Users\YASMINE\AppData\Roaming\Composer\vendor\bin
USERNAME=YASMINE
OS=Windows_NT
PROCESSOR_IDENTIFIER=AMD64 Family 23 Model 96 Stepping 1, AuthenticAMD
TMP=C:\Users\YASMINE\AppData\Local\Temp
TEMP=C:\Users\YASMINE\AppData\Local\Temp




Periodic native trim disabled

---------------  S Y S T E M  ---------------

OS:
 Windows 11 , 64 bit Build 26100 (10.0.26100.7623)
OS uptime: 11 days 10:17 hours

CPU: total 12 (initial active 12) (12 cores per cpu, 2 threads per core) family 23 model 96 stepping 1 microcode 0x8600106, cx8, cmov, fxsr, ht, mmx, 3dnowpref, sse, sse2, sse3, ssse3, sse4a, sse4.1, sse4.2, popcnt, lzcnt, tsc, tscinvbit, avx, avx2, aes, clmul, bmi1, bmi2, adx, sha, fma, vzeroupper, clflush, clflushopt, rdtscp, rdpid, f16c
Processor Information for the first 12 processors :
  Max Mhz: 3000, Current Mhz: 3000, Mhz Limit: 3000

Memory: 4k page, system-wide physical 23924M (1474M free)
TotalPageFile size 42193M (AvailPageFile size 241M)
current process WorkingSet (physical memory assigned to process): 13M, peak: 13M
current process commit charge ("private bytes"): 65M, peak: 440M

vm_info: Java HotSpot(TM) 64-Bit Server VM (23.0.1+11-39) for windows-amd64 JRE (23.0.1+11-39), built on 2024-09-30T07:20:43Z with MS VC++ 17.6 (VS2022)

END.
